FAILED: CMakeFiles/objlib_cpp.dir/src/hamiltonian/vertex.cpp.o 
ccache /sbin/c++ -D_GLIBCXX_USE_CXX11_ABI=1 -I/home/g/Research/FFirefly -I/usr/include/python3.13 -I/usr/include/julia -O3 -fopenmp -fPIC -std=gnu++20 -MD -MT CMakeFiles/objlib_cpp.dir/src/hamiltonian/vertex.cpp.o -MF CMakeFiles/objlib_cpp.dir/src/hamiltonian/vertex.cpp.o.d -o CMakeFiles/objlib_cpp.dir/src/hamiltonian/vertex.cpp.o -c /home/g/Research/FFirefly/src/hamiltonian/vertex.cpp
/home/g/Research/FFirefly/src/hamiltonian/vertex.cpp: In function ‘void call_flex()’:
/home/g/Research/FFirefly/src/hamiltonian/vertex.cpp:23:45: error: conversion from ‘__gnu_cxx::__alloc_traits<std::allocator<std::vector<std::complex<float> > >, std::vector<std::complex<float> > >::value_type’ {aka ‘std::vector<std::complex<float> >’} to non-scalar type ‘std::complex<Vec>’ requested
   23 |     complex<Vec> temp = vertex.data.values[i];
      |                                             ^
/home/g/Research/FFirefly/src/hamiltonian/vertex.cpp:44:65: error: no match for ‘operator=’ (operand types are ‘__gnu_cxx::__alloc_traits<std::allocator<std::vector<std::complex<float> > >, std::vector<std::complex<float> > >::value_type’ {aka ‘std::vector<std::complex<float> >’} and ‘std::complex<Vec>’)
   44 |     vertex.data.values[i] = complex<Vec>(Vec(V.real()), Vec(0.0));
      |                                                                 ^
/home/g/Research/FFirefly/src/hamiltonian/vertex.cpp:44:65: note: there are 3 candidates
In file included from /usr/include/c++/15.1.1/vector:74,
                 from /home/g/Research/FFirefly/src/hamiltonian/vertex.cpp:2:
/usr/include/c++/15.1.1/bits/vector.tcc:210:5: note: candidate 1: ‘constexpr std::vector<_Tp, _Alloc>& std::vector<_Tp, _Alloc>::operator=(const std::vector<_Tp, _Alloc>&) [with _Tp = std::complex<float>; _Alloc = std::allocator<std::complex<float> >]’
  210 |     vector<_Tp, _Alloc>::
      |     ^~~~~~~~~~~~~~~~~~~
/usr/include/c++/15.1.1/bits/vector.tcc:211:42: note: no known conversion for argument 1 from ‘std::complex<Vec>’ to ‘const std::vector<std::complex<float> >&’
  211 |     operator=(const vector<_Tp, _Alloc>& __x)
      |               ~~~~~~~~~~~~~~~~~~~~~~~~~~~^~~
In file included from /usr/include/c++/15.1.1/vector:68:
/usr/include/c++/15.1.1/bits/stl_vector.h:833:7: note: candidate 2: ‘constexpr std::vector<_Tp, _Alloc>& std::vector<_Tp, _Alloc>::operator=(std::vector<_Tp, _Alloc>&&) [with _Tp = std::complex<float>; _Alloc = std::allocator<std::complex<float> >]’
  833 |       operator=(vector&& __x) noexcept(_Alloc_traits::_S_nothrow_move())
      |       ^~~~~~~~
/usr/include/c++/15.1.1/bits/stl_vector.h:833:26: note: no known conversion for argument 1 from ‘std::complex<Vec>’ to ‘std::vector<std::complex<float> >&&’
  833 |       operator=(vector&& __x) noexcept(_Alloc_traits::_S_nothrow_move())
      |                 ~~~~~~~~~^~~
/usr/include/c++/15.1.1/bits/stl_vector.h:855:7: note: candidate 3: ‘constexpr std::vector<_Tp, _Alloc>& std::vector<_Tp, _Alloc>::operator=(std::initializer_list<_Tp>) [with _Tp = std::complex<float>; _Alloc = std::allocator<std::complex<float> >]’
  855 |       operator=(initializer_list<value_type> __l)
      |       ^~~~~~~~
/usr/include/c++/15.1.1/bits/stl_vector.h:855:46: note: no known conversion for argument 1 from ‘std::complex<Vec>’ to ‘std::initializer_list<std::complex<float> >’
  855 |       operator=(initializer_list<value_type> __l)
      |                 ~~~~~~~~~~~~~~~~~~~~~~~~~~~~~^~~
/home/g/Research/FFirefly/src/hamiltonian/vertex.cpp: In function ‘void call_flex2()’:
/home/g/Research/FFirefly/src/hamiltonian/vertex.cpp:90:51: error: invalid initialization of reference of type ‘std::vector<std::vector<float> >&’ from expression of type ‘std::vector<Vec>’
   90 |     save_to_file(outdir + prefix + "_vertex.dat", points, values, chi.cmf.data.dimension, chi.cmf.data.with_w, chi.cmf.data.with_n, chi.cmf.data.is_complex, chi.cmf.data.is_vector);
      |                                                   ^~~~~~
In file included from /home/g/Research/FFirefly/src/hamiltonian/../objects/CMField/cmfield.hpp:16,
                 from /home/g/Research/FFirefly/src/hamiltonian/vertex.cpp:5:
/home/g/Research/FFirefly/src/hamiltonian/../objects/CMField/../CMData/cmdata.hpp:34:59: note: in passing argument 2 of ‘void save_to_file(std::string, std::vector<std::vector<float> >&, std::vector<std::vector<std::complex<float> > >&, int, bool, bool, bool, bool)’
   34 | void save_to_file(string filename, vector<vector<float>> &points, vector<vector<complex<float>>> &values, int dimension, bool with_w, bool with_n, bool is_complex, bool is_vector);
      |                                    ~~~~~~~~~~~~~~~~~~~~~~~^~~~~~
FAILED: CMakeFiles/objlib_cpp.dir/src/objects/CMField/tests/bands_tests.cpp.o 
ccache /sbin/c++ -D_GLIBCXX_USE_CXX11_ABI=1 -I/home/g/Research/FFirefly -I/usr/include/python3.13 -I/usr/include/julia -O3 -fopenmp -fPIC -std=gnu++20 -MD -MT CMakeFiles/objlib_cpp.dir/src/objects/CMField/tests/bands_tests.cpp.o -MF CMakeFiles/objlib_cpp.dir/src/objects/CMField/tests/bands_tests.cpp.o.d -o CMakeFiles/objlib_cpp.dir/src/objects/CMField/tests/bands_tests.cpp.o -c /home/g/Research/FFirefly/src/objects/CMField/tests/bands_tests.cpp
/home/g/Research/FFirefly/src/objects/CMField/tests/bands_tests.cpp: In function ‘bool breadwrite_2d()’:
/home/g/Research/FFirefly/src/objects/CMField/tests/bands_tests.cpp:33:61: error: no matching function for call to ‘CMData::CMData(std::vector<Vec>&, std::vector<std::complex<Vec> >&, int, bool, bool, bool, bool)’
   33 |     CMData data(points, values, 2, false, true, false, false);
      |                                                             ^
/home/g/Research/FFirefly/src/objects/CMField/tests/bands_tests.cpp:33:61: note: there are 4 candidates
In file included from /home/g/Research/FFirefly/src/objects/CMField/tests/../cmfield.hpp:16,
                 from /home/g/Research/FFirefly/src/objects/CMField/tests/../fields.hpp:6,
                 from /home/g/Research/FFirefly/src/objects/CMField/tests/../bands.hpp:1,
                 from /home/g/Research/FFirefly/src/objects/CMField/tests/bands_tests.cpp:5:
/home/g/Research/FFirefly/src/objects/CMField/tests/../../CMData/cmdata.hpp:24:9: note: candidate 1: ‘CMData::CMData(std::vector<std::vector<float> >&, std::vector<std::vector<std::complex<float> > >&, int, bool, bool, bool, bool)’
   24 |         CMData(vector<vector<float>> &points, vector<vector<complex<float>>> &values, int dimension, bool with_w, bool with_n, bool is_complex, bool is_vector);
      |         ^~~~~~
/home/g/Research/FFirefly/src/objects/CMField/tests/../../CMData/cmdata.hpp:24:39: note: no known conversion for argument 1 from ‘std::vector<Vec>’ to ‘std::vector<std::vector<float> >&’
   24 |         CMData(vector<vector<float>> &points, vector<vector<complex<float>>> &values, int dimension, bool with_w, bool with_n, bool is_complex, bool is_vector);
      |                ~~~~~~~~~~~~~~~~~~~~~~~^~~~~~
/home/g/Research/FFirefly/src/objects/CMField/tests/../../CMData/cmdata.hpp:26:9: note: candidate 2: ‘CMData::CMData(std::string)’
   26 |         CMData(string filename);
      |         ^~~~~~
/home/g/Research/FFirefly/src/objects/CMField/tests/../../CMData/cmdata.hpp:26:9: note: candidate expects 1 argument, 7 provided
/home/g/Research/FFirefly/src/objects/CMField/tests/../../CMData/cmdata.hpp:22:9: note: candidate 3: ‘CMData::CMData()’
   22 |         CMData();
      |         ^~~~~~
/home/g/Research/FFirefly/src/objects/CMField/tests/../../CMData/cmdata.hpp:22:9: note: candidate expects 0 arguments, 7 provided
/home/g/Research/FFirefly/src/objects/CMField/tests/../../CMData/cmdata.hpp:8:7: note: candidate 4: ‘constexpr CMData::CMData(const CMData&)’
    8 | class CMData {
      |       ^~~~~~
/home/g/Research/FFirefly/src/objects/CMField/tests/../../CMData/cmdata.hpp:8:7: note: candidate expects 1 argument, 7 provided
/home/g/Research/FFirefly/src/objects/CMField/tests/bands_tests.cpp:36:26: error: no matching function for call to ‘real(__gnu_cxx::__alloc_traits<std::allocator<std::vector<std::complex<float> > >, std::vector<std::complex<float> > >::value_type&)’
   36 |     float data_val = real(data.values[2])(0);
      |                      ~~~~^~~~~~~~~~~~~~~~
/home/g/Research/FFirefly/src/objects/CMField/tests/bands_tests.cpp:36:26: note: there are 2 candidates
In file included from /home/g/Research/FFirefly/src/objects/CMField/tests/../../vec.hpp:13,
                 from /home/g/Research/FFirefly/src/objects/CMField/tests/bands_tests.hpp:1,
                 from /home/g/Research/FFirefly/src/objects/CMField/tests/bands_tests.cpp:1:
/usr/include/c++/15.1.1/complex:611:5: note: candidate 1: ‘template<class _Tp> constexpr _Tp std::real(const complex<_Tp>&)’
  611 |     real(const complex<_Tp>& __z)
      |     ^~~~
/usr/include/c++/15.1.1/complex:611:5: note: template argument deduction/substitution failed:
/home/g/Research/FFirefly/src/objects/CMField/tests/bands_tests.cpp:36:26: note:   ‘__gnu_cxx::__alloc_traits<std::allocator<std::vector<std::complex<float> > >, std::vector<std::complex<float> > >::value_type’ {aka ‘std::vector<std::complex<float> >’} is not derived from ‘const std::complex<_Tp>’
   36 |     float data_val = real(data.values[2])(0);
      |                      ~~~~^~~~~~~~~~~~~~~~
/usr/include/c++/15.1.1/complex:2557:5: note: candidate 2: ‘template<class _Tp> constexpr typename __gnu_cxx::__promote<_Tp, std::__is_integer<_Tp>::__value>::__type std::real(_Tp)’
 2557 |     real(_Tp __x)
      |     ^~~~
/usr/include/c++/15.1.1/complex:2557:5: note: template argument deduction/substitution failed:
/usr/include/c++/15.1.1/complex: In substitution of ‘template<class _Tp> constexpr typename __gnu_cxx::__promote<_Tp, std::__is_integer<_Tp>::__value>::__type std::real(_Tp) [with _Tp = std::vector<std::complex<float> >]’:
/home/g/Research/FFirefly/src/objects/CMField/tests/bands_tests.cpp:36:26:   required from here
   36 |     float data_val = real(data.values[2])(0);
      |                      ~~~~^~~~~~~~~~~~~~~~
/usr/include/c++/15.1.1/complex:2557:5: error: no type named ‘__type’ in ‘struct __gnu_cxx::__promote<std::vector<std::complex<float> >, false>’
 2557 |     real(_Tp __x)
      |     ^~~~
/home/g/Research/FFirefly/src/objects/CMField/tests/bands_tests.cpp: In function ‘bool periodicity_2d()’:
/home/g/Research/FFirefly/src/objects/CMField/tests/bands_tests.cpp:73:61: error: no matching function for call to ‘CMData::CMData(std::vector<Vec>&, std::vector<std::complex<Vec> >&, int, bool, bool, bool, bool)’
   73 |     CMData data(points, values, 2, false, true, false, false);
      |                                                             ^
/home/g/Research/FFirefly/src/objects/CMField/tests/bands_tests.cpp:73:61: note: there are 4 candidates
/home/g/Research/FFirefly/src/objects/CMField/tests/../../CMData/cmdata.hpp:24:9: note: candidate 1: ‘CMData::CMData(std::vector<std::vector<float> >&, std::vector<std::vector<std::complex<float> > >&, int, bool, bool, bool, bool)’
   24 |         CMData(vector<vector<float>> &points, vector<vector<complex<float>>> &values, int dimension, bool with_w, bool with_n, bool is_complex, bool is_vector);
      |         ^~~~~~
/home/g/Research/FFirefly/src/objects/CMField/tests/../../CMData/cmdata.hpp:24:39: note: no known conversion for argument 1 from ‘std::vector<Vec>’ to ‘std::vector<std::vector<float> >&’
   24 |         CMData(vector<vector<float>> &points, vector<vector<complex<float>>> &values, int dimension, bool with_w, bool with_n, bool is_complex, bool is_vector);
      |                ~~~~~~~~~~~~~~~~~~~~~~~^~~~~~
/home/g/Research/FFirefly/src/objects/CMField/tests/../../CMData/cmdata.hpp:26:9: note: candidate 2: ‘CMData::CMData(std::string)’
   26 |         CMData(string filename);
      |         ^~~~~~
/home/g/Research/FFirefly/src/objects/CMField/tests/../../CMData/cmdata.hpp:26:9: note: candidate expects 1 argument, 7 provided
/home/g/Research/FFirefly/src/objects/CMField/tests/../../CMData/cmdata.hpp:22:9: note: candidate 3: ‘CMData::CMData()’
   22 |         CMData();
      |         ^~~~~~
/home/g/Research/FFirefly/src/objects/CMField/tests/../../CMData/cmdata.hpp:22:9: note: candidate expects 0 arguments, 7 provided
/home/g/Research/FFirefly/src/objects/CMField/tests/../../CMData/cmdata.hpp:8:7: note: candidate 4: ‘constexpr CMData::CMData(const CMData&)’
    8 | class CMData {
      |       ^~~~~~
/home/g/Research/FFirefly/src/objects/CMField/tests/../../CMData/cmdata.hpp:8:7: note: candidate expects 1 argument, 7 provided
/home/g/Research/FFirefly/src/objects/CMField/tests/bands_tests.cpp:76:26: error: no matching function for call to ‘real(__gnu_cxx::__alloc_traits<std::allocator<std::vector<std::complex<float> > >, std::vector<std::complex<float> > >::value_type&)’
   76 |     float data_val = real(data.values[2])(0);
      |                      ~~~~^~~~~~~~~~~~~~~~
/home/g/Research/FFirefly/src/objects/CMField/tests/bands_tests.cpp:76:26: note: there are 2 candidates
/usr/include/c++/15.1.1/complex:611:5: note: candidate 1: ‘template<class _Tp> constexpr _Tp std::real(const complex<_Tp>&)’
  611 |     real(const complex<_Tp>& __z)
      |     ^~~~
/usr/include/c++/15.1.1/complex:611:5: note: template argument deduction/substitution failed:
/home/g/Research/FFirefly/src/objects/CMField/tests/bands_tests.cpp:76:26: note:   ‘__gnu_cxx::__alloc_traits<std::allocator<std::vector<std::complex<float> > >, std::vector<std::complex<float> > >::value_type’ {aka ‘std::vector<std::complex<float> >’} is not derived from ‘const std::complex<_Tp>’
   76 |     float data_val = real(data.values[2])(0);
      |                      ~~~~^~~~~~~~~~~~~~~~
/usr/include/c++/15.1.1/complex:2557:5: note: candidate 2: ‘template<class _Tp> constexpr typename __gnu_cxx::__promote<_Tp, std::__is_integer<_Tp>::__value>::__type std::real(_Tp)’
 2557 |     real(_Tp __x)
      |     ^~~~
/usr/include/c++/15.1.1/complex:2557:5: note: template argument deduction/substitution failed:
/usr/include/c++/15.1.1/complex: In substitution of ‘template<class _Tp> constexpr typename __gnu_cxx::__promote<_Tp, std::__is_integer<_Tp>::__value>::__type std::real(_Tp) [with _Tp = std::vector<std::complex<float> >]’:
/home/g/Research/FFirefly/src/objects/CMField/tests/bands_tests.cpp:76:26:   required from here
   76 |     float data_val = real(data.values[2])(0);
      |                      ~~~~^~~~~~~~~~~~~~~~
/usr/include/c++/15.1.1/complex:2557:5: error: no type named ‘__type’ in ‘struct __gnu_cxx::__promote<std::vector<std::complex<float> >, false>’
 2557 |     real(_Tp __x)
      |     ^~~~
FAILED: CMakeFiles/objlib_cpp.dir/src/objects/CMData/tests/all.cpp.o 
ccache /sbin/c++ -D_GLIBCXX_USE_CXX11_ABI=1 -I/home/g/Research/FFirefly -I/usr/include/python3.13 -I/usr/include/julia -O3 -fopenmp -fPIC -std=gnu++20 -MD -MT CMakeFiles/objlib_cpp.dir/src/objects/CMData/tests/all.cpp.o -MF CMakeFiles/objlib_cpp.dir/src/objects/CMData/tests/all.cpp.o.d -o CMakeFiles/objlib_cpp.dir/src/objects/CMData/tests/all.cpp.o -c /home/g/Research/FFirefly/src/objects/CMData/tests/all.cpp
/home/g/Research/FFirefly/src/objects/CMData/tests/all.cpp: In function ‘bool readwrite_1d()’:
/home/g/Research/FFirefly/src/objects/CMData/tests/all.cpp:69:62: error: no matching function for call to ‘CMData::CMData(std::vector<Vec>&, std::vector<std::complex<Vec> >&, int, bool, bool, bool, bool)’
   69 |     CMData data(points, values, 1, false, false, false, false);
      |                                                              ^
/home/g/Research/FFirefly/src/objects/CMData/tests/all.cpp:69:62: note: there are 4 candidates
In file included from /home/g/Research/FFirefly/src/objects/CMData/tests/all.cpp:1:
/home/g/Research/FFirefly/src/objects/CMData/tests/../cmdata.hpp:24:9: note: candidate 1: ‘CMData::CMData(std::vector<std::vector<float> >&, std::vector<std::vector<std::complex<float> > >&, int, bool, bool, bool, bool)’
   24 |         CMData(vector<vector<float>> &points, vector<vector<complex<float>>> &values, int dimension, bool with_w, bool with_n, bool is_complex, bool is_vector);
      |         ^~~~~~
/home/g/Research/FFirefly/src/objects/CMData/tests/../cmdata.hpp:24:39: note: no known conversion for argument 1 from ‘std::vector<Vec>’ to ‘std::vector<std::vector<float> >&’
   24 |         CMData(vector<vector<float>> &points, vector<vector<complex<float>>> &values, int dimension, bool with_w, bool with_n, bool is_complex, bool is_vector);
      |                ~~~~~~~~~~~~~~~~~~~~~~~^~~~~~
/home/g/Research/FFirefly/src/objects/CMData/tests/../cmdata.hpp:26:9: note: candidate 2: ‘CMData::CMData(std::string)’
   26 |         CMData(string filename);
      |         ^~~~~~
/home/g/Research/FFirefly/src/objects/CMData/tests/../cmdata.hpp:26:9: note: candidate expects 1 argument, 7 provided
/home/g/Research/FFirefly/src/objects/CMData/tests/../cmdata.hpp:22:9: note: candidate 3: ‘CMData::CMData()’
   22 |         CMData();
      |         ^~~~~~
/home/g/Research/FFirefly/src/objects/CMData/tests/../cmdata.hpp:22:9: note: candidate expects 0 arguments, 7 provided
/home/g/Research/FFirefly/src/objects/CMData/tests/../cmdata.hpp:8:7: note: candidate 4: ‘constexpr CMData::CMData(const CMData&)’
    8 | class CMData {
      |       ^~~~~~
/home/g/Research/FFirefly/src/objects/CMData/tests/../cmdata.hpp:8:7: note: candidate expects 1 argument, 7 provided
/home/g/Research/FFirefly/src/objects/CMData/tests/all.cpp:71:36: error: no match for call to ‘(__gnu_cxx::__alloc_traits<std::allocator<std::vector<float> >, std::vector<float> >::value_type {aka std::vector<float>}) (int)’
   71 |     float data_pnt = data.points[2](0);
      |                      ~~~~~~~~~~~~~~^~~
/home/g/Research/FFirefly/src/objects/CMData/tests/all.cpp:72:26: error: no matching function for call to ‘real(__gnu_cxx::__alloc_traits<std::allocator<std::vector<std::complex<float> > >, std::vector<std::complex<float> > >::value_type&)’
   72 |     float data_val = real(data.values[2])(0);
      |                      ~~~~^~~~~~~~~~~~~~~~
/home/g/Research/FFirefly/src/objects/CMData/tests/all.cpp:72:26: note: there are 2 candidates
In file included from /home/g/Research/FFirefly/src/objects/CMData/tests/../../vec.hpp:13,
                 from /home/g/Research/FFirefly/src/objects/CMData/tests/../cmdata.hpp:4:
/usr/include/c++/15.1.1/complex:611:5: note: candidate 1: ‘template<class _Tp> constexpr _Tp std::real(const complex<_Tp>&)’
  611 |     real(const complex<_Tp>& __z)
      |     ^~~~
/usr/include/c++/15.1.1/complex:611:5: note: template argument deduction/substitution failed:
/home/g/Research/FFirefly/src/objects/CMData/tests/all.cpp:72:26: note:   ‘__gnu_cxx::__alloc_traits<std::allocator<std::vector<std::complex<float> > >, std::vector<std::complex<float> > >::value_type’ {aka ‘std::vector<std::complex<float> >’} is not derived from ‘const std::complex<_Tp>’
   72 |     float data_val = real(data.values[2])(0);
      |                      ~~~~^~~~~~~~~~~~~~~~
/usr/include/c++/15.1.1/complex:2557:5: note: candidate 2: ‘template<class _Tp> constexpr typename __gnu_cxx::__promote<_Tp, std::__is_integer<_Tp>::__value>::__type std::real(_Tp)’
 2557 |     real(_Tp __x)
      |     ^~~~
/usr/include/c++/15.1.1/complex:2557:5: note: template argument deduction/substitution failed:
/usr/include/c++/15.1.1/complex: In substitution of ‘template<class _Tp> constexpr typename __gnu_cxx::__promote<_Tp, std::__is_integer<_Tp>::__value>::__type std::real(_Tp) [with _Tp = std::vector<std::complex<float> >]’:
/home/g/Research/FFirefly/src/objects/CMData/tests/all.cpp:72:26:   required from here
   72 |     float data_val = real(data.values[2])(0);
      |                      ~~~~^~~~~~~~~~~~~~~~
/usr/include/c++/15.1.1/complex:2557:5: error: no type named ‘__type’ in ‘struct __gnu_cxx::__promote<std::vector<std::complex<float> >, false>’
 2557 |     real(_Tp __x)
      |     ^~~~
/home/g/Research/FFirefly/src/objects/CMData/tests/all.cpp:80:40: error: no match for call to ‘(__gnu_cxx::__alloc_traits<std::allocator<std::vector<float> >, std::vector<float> >::value_type {aka std::vector<float>}) (int)’
   80 |     float load_pnt = loaddata.points[2](0);
      |                      ~~~~~~~~~~~~~~~~~~^~~
/home/g/Research/FFirefly/src/objects/CMData/tests/all.cpp:81:26: error: no matching function for call to ‘real(__gnu_cxx::__alloc_traits<std::allocator<std::vector<std::complex<float> > >, std::vector<std::complex<float> > >::value_type&)’
   81 |     float load_val = real(loaddata.values[2])(0);
      |                      ~~~~^~~~~~~~~~~~~~~~~~~~
/home/g/Research/FFirefly/src/objects/CMData/tests/all.cpp:81:26: note: there are 2 candidates
/usr/include/c++/15.1.1/complex:611:5: note: candidate 1: ‘template<class _Tp> constexpr _Tp std::real(const complex<_Tp>&)’
  611 |     real(const complex<_Tp>& __z)
      |     ^~~~
/usr/include/c++/15.1.1/complex:611:5: note: template argument deduction/substitution failed:
/home/g/Research/FFirefly/src/objects/CMData/tests/all.cpp:81:26: note:   ‘__gnu_cxx::__alloc_traits<std::allocator<std::vector<std::complex<float> > >, std::vector<std::complex<float> > >::value_type’ {aka ‘std::vector<std::complex<float> >’} is not derived from ‘const std::complex<_Tp>’
   81 |     float load_val = real(loaddata.values[2])(0);
      |                      ~~~~^~~~~~~~~~~~~~~~~~~~
/usr/include/c++/15.1.1/complex:2557:5: note: candidate 2: ‘template<class _Tp> constexpr typename __gnu_cxx::__promote<_Tp, std::__is_integer<_Tp>::__value>::__type std::real(_Tp)’
 2557 |     real(_Tp __x)
      |     ^~~~
/usr/include/c++/15.1.1/complex:2557:5: note: template argument deduction/substitution failed:
/usr/include/c++/15.1.1/complex: In substitution of ‘template<class _Tp> constexpr typename __gnu_cxx::__promote<_Tp, std::__is_integer<_Tp>::__value>::__type std::real(_Tp) [with _Tp = std::vector<std::complex<float> >]’:
/home/g/Research/FFirefly/src/objects/CMData/tests/all.cpp:81:26:   required from here
   81 |     float load_val = real(loaddata.values[2])(0);
      |                      ~~~~^~~~~~~~~~~~~~~~~~~~
/usr/include/c++/15.1.1/complex:2557:5: error: no type named ‘__type’ in ‘struct __gnu_cxx::__promote<std::vector<std::complex<float> >, false>’
 2557 |     real(_Tp __x)
      |     ^~~~
/home/g/Research/FFirefly/src/objects/CMData/tests/all.cpp: In function ‘bool readwrite_1d_complex()’:
/home/g/Research/FFirefly/src/objects/CMData/tests/all.cpp:100:61: error: no matching function for call to ‘CMData::CMData(std::vector<Vec>&, std::vector<std::complex<Vec> >&, int, bool, bool, bool, bool)’
  100 |     CMData data(points, values, 1, false, false, true, false);
      |                                                             ^
/home/g/Research/FFirefly/src/objects/CMData/tests/all.cpp:100:61: note: there are 4 candidates
/home/g/Research/FFirefly/src/objects/CMData/tests/../cmdata.hpp:24:9: note: candidate 1: ‘CMData::CMData(std::vector<std::vector<float> >&, std::vector<std::vector<std::complex<float> > >&, int, bool, bool, bool, bool)’
   24 |         CMData(vector<vector<float>> &points, vector<vector<complex<float>>> &values, int dimension, bool with_w, bool with_n, bool is_complex, bool is_vector);
      |         ^~~~~~
/home/g/Research/FFirefly/src/objects/CMData/tests/../cmdata.hpp:24:39: note: no known conversion for argument 1 from ‘std::vector<Vec>’ to ‘std::vector<std::vector<float> >&’
   24 |         CMData(vector<vector<float>> &points, vector<vector<complex<float>>> &values, int dimension, bool with_w, bool with_n, bool is_complex, bool is_vector);
      |                ~~~~~~~~~~~~~~~~~~~~~~~^~~~~~
/home/g/Research/FFirefly/src/objects/CMData/tests/../cmdata.hpp:26:9: note: candidate 2: ‘CMData::CMData(std::string)’
   26 |         CMData(string filename);
      |         ^~~~~~
/home/g/Research/FFirefly/src/objects/CMData/tests/../cmdata.hpp:26:9: note: candidate expects 1 argument, 7 provided
/home/g/Research/FFirefly/src/objects/CMData/tests/../cmdata.hpp:22:9: note: candidate 3: ‘CMData::CMData()’
   22 |         CMData();
      |         ^~~~~~
/home/g/Research/FFirefly/src/objects/CMData/tests/../cmdata.hpp:22:9: note: candidate expects 0 arguments, 7 provided
/home/g/Research/FFirefly/src/objects/CMData/tests/../cmdata.hpp:8:7: note: candidate 4: ‘constexpr CMData::CMData(const CMData&)’
    8 | class CMData {
      |       ^~~~~~
/home/g/Research/FFirefly/src/objects/CMData/tests/../cmdata.hpp:8:7: note: candidate expects 1 argument, 7 provided
/home/g/Research/FFirefly/src/objects/CMData/tests/all.cpp:102:36: error: no match for call to ‘(__gnu_cxx::__alloc_traits<std::allocator<std::vector<float> >, std::vector<float> >::value_type {aka std::vector<float>}) (int)’
  102 |     float data_pnt = data.points[2](0);
      |                      ~~~~~~~~~~~~~~^~~
/home/g/Research/FFirefly/src/objects/CMData/tests/all.cpp:103:50: error: no matching function for call to ‘real(__gnu_cxx::__alloc_traits<std::allocator<std::vector<std::complex<float> > >, std::vector<std::complex<float> > >::value_type&)’
  103 |     complex<float> data_val = complex<float>(real(data.values[2])(0), imag(data.values[2])(0));
      |                                              ~~~~^~~~~~~~~~~~~~~~
/home/g/Research/FFirefly/src/objects/CMData/tests/all.cpp:103:50: note: there are 2 candidates
/usr/include/c++/15.1.1/complex:611:5: note: candidate 1: ‘template<class _Tp> constexpr _Tp std::real(const complex<_Tp>&)’
  611 |     real(const complex<_Tp>& __z)
      |     ^~~~
/usr/include/c++/15.1.1/complex:611:5: note: template argument deduction/substitution failed:
/home/g/Research/FFirefly/src/objects/CMData/tests/all.cpp:103:50: note:   ‘__gnu_cxx::__alloc_traits<std::allocator<std::vector<std::complex<float> > >, std::vector<std::complex<float> > >::value_type’ {aka ‘std::vector<std::complex<float> >’} is not derived from ‘const std::complex<_Tp>’
  103 |     complex<float> data_val = complex<float>(real(data.values[2])(0), imag(data.values[2])(0));
      |                                              ~~~~^~~~~~~~~~~~~~~~
/usr/include/c++/15.1.1/complex:2557:5: note: candidate 2: ‘template<class _Tp> constexpr typename __gnu_cxx::__promote<_Tp, std::__is_integer<_Tp>::__value>::__type std::real(_Tp)’
 2557 |     real(_Tp __x)
      |     ^~~~
/usr/include/c++/15.1.1/complex:2557:5: note: template argument deduction/substitution failed:
/usr/include/c++/15.1.1/complex: In substitution of ‘template<class _Tp> constexpr typename __gnu_cxx::__promote<_Tp, std::__is_integer<_Tp>::__value>::__type std::real(_Tp) [with _Tp = std::vector<std::complex<float> >]’:
/home/g/Research/FFirefly/src/objects/CMData/tests/all.cpp:103:50:   required from here
  103 |     complex<float> data_val = complex<float>(real(data.values[2])(0), imag(data.values[2])(0));
      |                                              ~~~~^~~~~~~~~~~~~~~~
/usr/include/c++/15.1.1/complex:2557:5: error: no type named ‘__type’ in ‘struct __gnu_cxx::__promote<std::vector<std::complex<float> >, false>’
 2557 |     real(_Tp __x)
      |     ^~~~
/home/g/Research/FFirefly/src/objects/CMData/tests/all.cpp:103:75: error: no matching function for call to ‘imag(__gnu_cxx::__alloc_traits<std::allocator<std::vector<std::complex<float> > >, std::vector<std::complex<float> > >::value_type&)’
  103 |     complex<float> data_val = complex<float>(real(data.values[2])(0), imag(data.values[2])(0));
      |                                                                       ~~~~^~~~~~~~~~~~~~~~
/home/g/Research/FFirefly/src/objects/CMData/tests/all.cpp:103:75: note: there are 2 candidates
/usr/include/c++/15.1.1/complex:616:5: note: candidate 1: ‘template<class _Tp> constexpr _Tp std::imag(const complex<_Tp>&)’
  616 |     imag(const complex<_Tp>& __z)
      |     ^~~~
/usr/include/c++/15.1.1/complex:616:5: note: template argument deduction/substitution failed:
/home/g/Research/FFirefly/src/objects/CMData/tests/all.cpp:103:75: note:   ‘__gnu_cxx::__alloc_traits<std::allocator<std::vector<std::complex<float> > >, std::vector<std::complex<float> > >::value_type’ {aka ‘std::vector<std::complex<float> >’} is not derived from ‘const std::complex<_Tp>’
  103 |     complex<float> data_val = complex<float>(real(data.values[2])(0), imag(data.values[2])(0));
      |                                                                       ~~~~^~~~~~~~~~~~~~~~
/usr/include/c++/15.1.1/complex:2544:5: note: candidate 2: ‘template<class _Tp> constexpr typename __gnu_cxx::__promote<_Tp, std::__is_integer<_Tp>::__value>::__type std::imag(_Tp)’
 2544 |     imag(_Tp)
      |     ^~~~
/usr/include/c++/15.1.1/complex:2544:5: note: template argument deduction/substitution failed:
/usr/include/c++/15.1.1/complex: In substitution of ‘template<class _Tp> constexpr typename __gnu_cxx::__promote<_Tp, std::__is_integer<_Tp>::__value>::__type std::imag(_Tp) [with _Tp = std::vector<std::complex<float> >]’:
/home/g/Research/FFirefly/src/objects/CMData/tests/all.cpp:103:75:   required from here
  103 |     complex<float> data_val = complex<float>(real(data.values[2])(0), imag(data.values[2])(0));
      |                                                                       ~~~~^~~~~~~~~~~~~~~~
/usr/include/c++/15.1.1/complex:2544:5: error: no type named ‘__type’ in ‘struct __gnu_cxx::__promote<std::vector<std::complex<float> >, false>’
 2544 |     imag(_Tp)
      |     ^~~~
/home/g/Research/FFirefly/src/objects/CMData/tests/all.cpp:111:40: error: no match for call to ‘(__gnu_cxx::__alloc_traits<std::allocator<std::vector<float> >, std::vector<float> >::value_type {aka std::vector<float>}) (int)’
  111 |     float load_pnt = loaddata.points[2](0);
      |                      ~~~~~~~~~~~~~~~~~~^~~
/home/g/Research/FFirefly/src/objects/CMData/tests/all.cpp:112:50: error: no matching function for call to ‘real(__gnu_cxx::__alloc_traits<std::allocator<std::vector<std::complex<float> > >, std::vector<std::complex<float> > >::value_type&)’
  112 |     complex<float> load_val = complex<float>(real(loaddata.values[2])(0), imag(loaddata.values[2])(0));
      |                                              ~~~~^~~~~~~~~~~~~~~~~~~~
/home/g/Research/FFirefly/src/objects/CMData/tests/all.cpp:112:50: note: there are 2 candidates
/usr/include/c++/15.1.1/complex:611:5: note: candidate 1: ‘template<class _Tp> constexpr _Tp std::real(const complex<_Tp>&)’
  611 |     real(const complex<_Tp>& __z)
      |     ^~~~
/usr/include/c++/15.1.1/complex:611:5: note: template argument deduction/substitution failed:
/home/g/Research/FFirefly/src/objects/CMData/tests/all.cpp:112:50: note:   ‘__gnu_cxx::__alloc_traits<std::allocator<std::vector<std::complex<float> > >, std::vector<std::complex<float> > >::value_type’ {aka ‘std::vector<std::complex<float> >’} is not derived from ‘const std::complex<_Tp>’
  112 |     complex<float> load_val = complex<float>(real(loaddata.values[2])(0), imag(loaddata.values[2])(0));
      |                                              ~~~~^~~~~~~~~~~~~~~~~~~~
/usr/include/c++/15.1.1/complex:2557:5: note: candidate 2: ‘template<class _Tp> constexpr typename __gnu_cxx::__promote<_Tp, std::__is_integer<_Tp>::__value>::__type std::real(_Tp)’
 2557 |     real(_Tp __x)
      |     ^~~~
/usr/include/c++/15.1.1/complex:2557:5: note: template argument deduction/substitution failed:
/usr/include/c++/15.1.1/complex: In substitution of ‘template<class _Tp> constexpr typename __gnu_cxx::__promote<_Tp, std::__is_integer<_Tp>::__value>::__type std::real(_Tp) [with _Tp = std::vector<std::complex<float> >]’:
/home/g/Research/FFirefly/src/objects/CMData/tests/all.cpp:112:50:   required from here
  112 |     complex<float> load_val = complex<float>(real(loaddata.values[2])(0), imag(loaddata.values[2])(0));
      |                                              ~~~~^~~~~~~~~~~~~~~~~~~~
/usr/include/c++/15.1.1/complex:2557:5: error: no type named ‘__type’ in ‘struct __gnu_cxx::__promote<std::vector<std::complex<float> >, false>’
 2557 |     real(_Tp __x)
      |     ^~~~
/home/g/Research/FFirefly/src/objects/CMData/tests/all.cpp:112:79: error: no matching function for call to ‘imag(__gnu_cxx::__alloc_traits<std::allocator<std::vector<std::complex<float> > >, std::vector<std::complex<float> > >::value_type&)’
  112 |     complex<float> load_val = complex<float>(real(loaddata.values[2])(0), imag(loaddata.values[2])(0));
      |                                                                           ~~~~^~~~~~~~~~~~~~~~~~~~
/home/g/Research/FFirefly/src/objects/CMData/tests/all.cpp:112:79: note: there are 2 candidates
/usr/include/c++/15.1.1/complex:616:5: note: candidate 1: ‘template<class _Tp> constexpr _Tp std::imag(const complex<_Tp>&)’
  616 |     imag(const complex<_Tp>& __z)
      |     ^~~~
/usr/include/c++/15.1.1/complex:616:5: note: template argument deduction/substitution failed:
/home/g/Research/FFirefly/src/objects/CMData/tests/all.cpp:112:79: note:   ‘__gnu_cxx::__alloc_traits<std::allocator<std::vector<std::complex<float> > >, std::vector<std::complex<float> > >::value_type’ {aka ‘std::vector<std::complex<float> >’} is not derived from ‘const std::complex<_Tp>’
  112 |     complex<float> load_val = complex<float>(real(loaddata.values[2])(0), imag(loaddata.values[2])(0));
      |                                                                           ~~~~^~~~~~~~~~~~~~~~~~~~
/usr/include/c++/15.1.1/complex:2544:5: note: candidate 2: ‘template<class _Tp> constexpr typename __gnu_cxx::__promote<_Tp, std::__is_integer<_Tp>::__value>::__type std::imag(_Tp)’
 2544 |     imag(_Tp)
      |     ^~~~
/usr/include/c++/15.1.1/complex:2544:5: note: template argument deduction/substitution failed:
/usr/include/c++/15.1.1/complex: In substitution of ‘template<class _Tp> constexpr typename __gnu_cxx::__promote<_Tp, std::__is_integer<_Tp>::__value>::__type std::imag(_Tp) [with _Tp = std::vector<std::complex<float> >]’:
/home/g/Research/FFirefly/src/objects/CMData/tests/all.cpp:112:79:   required from here
  112 |     complex<float> load_val = complex<float>(real(loaddata.values[2])(0), imag(loaddata.values[2])(0));
      |                                                                           ~~~~^~~~~~~~~~~~~~~~~~~~
/usr/include/c++/15.1.1/complex:2544:5: error: no type named ‘__type’ in ‘struct __gnu_cxx::__promote<std::vector<std::complex<float> >, false>’
 2544 |     imag(_Tp)
      |     ^~~~
/home/g/Research/FFirefly/src/objects/CMData/tests/all.cpp: In function ‘bool readwrite_0d_with_w()’:
/home/g/Research/FFirefly/src/objects/CMData/tests/all.cpp:131:61: error: no matching function for call to ‘CMData::CMData(std::vector<Vec>&, std::vector<std::complex<Vec> >&, int, bool, bool, bool, bool)’
  131 |     CMData data(points, values, 0, true, false, false, false);
      |                                                             ^
/home/g/Research/FFirefly/src/objects/CMData/tests/all.cpp:131:61: note: there are 4 candidates
/home/g/Research/FFirefly/src/objects/CMData/tests/../cmdata.hpp:24:9: note: candidate 1: ‘CMData::CMData(std::vector<std::vector<float> >&, std::vector<std::vector<std::complex<float> > >&, int, bool, bool, bool, bool)’
   24 |         CMData(vector<vector<float>> &points, vector<vector<complex<float>>> &values, int dimension, bool with_w, bool with_n, bool is_complex, bool is_vector);
      |         ^~~~~~
/home/g/Research/FFirefly/src/objects/CMData/tests/../cmdata.hpp:24:39: note: no known conversion for argument 1 from ‘std::vector<Vec>’ to ‘std::vector<std::vector<float> >&’
   24 |         CMData(vector<vector<float>> &points, vector<vector<complex<float>>> &values, int dimension, bool with_w, bool with_n, bool is_complex, bool is_vector);
      |                ~~~~~~~~~~~~~~~~~~~~~~~^~~~~~
/home/g/Research/FFirefly/src/objects/CMData/tests/../cmdata.hpp:26:9: note: candidate 2: ‘CMData::CMData(std::string)’
   26 |         CMData(string filename);
      |         ^~~~~~
/home/g/Research/FFirefly/src/objects/CMData/tests/../cmdata.hpp:26:9: note: candidate expects 1 argument, 7 provided
/home/g/Research/FFirefly/src/objects/CMData/tests/../cmdata.hpp:22:9: note: candidate 3: ‘CMData::CMData()’
   22 |         CMData();
      |         ^~~~~~
/home/g/Research/FFirefly/src/objects/CMData/tests/../cmdata.hpp:22:9: note: candidate expects 0 arguments, 7 provided
/home/g/Research/FFirefly/src/objects/CMData/tests/../cmdata.hpp:8:7: note: candidate 4: ‘constexpr CMData::CMData(const CMData&)’
    8 | class CMData {
      |       ^~~~~~
/home/g/Research/FFirefly/src/objects/CMData/tests/../cmdata.hpp:8:7: note: candidate expects 1 argument, 7 provided
/home/g/Research/FFirefly/src/objects/CMData/tests/all.cpp:133:36: error: no match for call to ‘(__gnu_cxx::__alloc_traits<std::allocator<std::vector<float> >, std::vector<float> >::value_type {aka std::vector<float>}) (int)’
  133 |     float data_pnt = data.points[2](0);
      |                      ~~~~~~~~~~~~~~^~~
/home/g/Research/FFirefly/src/objects/CMData/tests/all.cpp:134:26: error: no matching function for call to ‘real(__gnu_cxx::__alloc_traits<std::allocator<std::vector<std::complex<float> > >, std::vector<std::complex<float> > >::value_type&)’
  134 |     float data_val = real(data.values[2])(0);
      |                      ~~~~^~~~~~~~~~~~~~~~
/home/g/Research/FFirefly/src/objects/CMData/tests/all.cpp:134:26: note: there are 2 candidates
/usr/include/c++/15.1.1/complex:611:5: note: candidate 1: ‘template<class _Tp> constexpr _Tp std::real(const complex<_Tp>&)’
  611 |     real(const complex<_Tp>& __z)
      |     ^~~~
/usr/include/c++/15.1.1/complex:611:5: note: template argument deduction/substitution failed:
/home/g/Research/FFirefly/src/objects/CMData/tests/all.cpp:134:26: note:   ‘__gnu_cxx::__alloc_traits<std::allocator<std::vector<std::complex<float> > >, std::vector<std::complex<float> > >::value_type’ {aka ‘std::vector<std::complex<float> >’} is not derived from ‘const std::complex<_Tp>’
  134 |     float data_val = real(data.values[2])(0);
      |                      ~~~~^~~~~~~~~~~~~~~~
/usr/include/c++/15.1.1/complex:2557:5: note: candidate 2: ‘template<class _Tp> constexpr typename __gnu_cxx::__promote<_Tp, std::__is_integer<_Tp>::__value>::__type std::real(_Tp)’
 2557 |     real(_Tp __x)
      |     ^~~~
/usr/include/c++/15.1.1/complex:2557:5: note: template argument deduction/substitution failed:
/usr/include/c++/15.1.1/complex: In substitution of ‘template<class _Tp> constexpr typename __gnu_cxx::__promote<_Tp, std::__is_integer<_Tp>::__value>::__type std::real(_Tp) [with _Tp = std::vector<std::complex<float> >]’:
/home/g/Research/FFirefly/src/objects/CMData/tests/all.cpp:134:26:   required from here
  134 |     float data_val = real(data.values[2])(0);
      |                      ~~~~^~~~~~~~~~~~~~~~
/usr/include/c++/15.1.1/complex:2557:5: error: no type named ‘__type’ in ‘struct __gnu_cxx::__promote<std::vector<std::complex<float> >, false>’
 2557 |     real(_Tp __x)
      |     ^~~~
/home/g/Research/FFirefly/src/objects/CMData/tests/all.cpp:144:40: error: no match for call to ‘(__gnu_cxx::__alloc_traits<std::allocator<std::vector<float> >, std::vector<float> >::value_type {aka std::vector<float>}) (int)’
  144 |     float load_pnt = loaddata.points[2](0);
      |                      ~~~~~~~~~~~~~~~~~~^~~
/home/g/Research/FFirefly/src/objects/CMData/tests/all.cpp:145:26: error: no matching function for call to ‘real(__gnu_cxx::__alloc_traits<std::allocator<std::vector<std::complex<float> > >, std::vector<std::complex<float> > >::value_type&)’
  145 |     float load_val = real(loaddata.values[2])(0);
      |                      ~~~~^~~~~~~~~~~~~~~~~~~~
/home/g/Research/FFirefly/src/objects/CMData/tests/all.cpp:145:26: note: there are 2 candidates
/usr/include/c++/15.1.1/complex:611:5: note: candidate 1: ‘template<class _Tp> constexpr _Tp std::real(const complex<_Tp>&)’
  611 |     real(const complex<_Tp>& __z)
      |     ^~~~
/usr/include/c++/15.1.1/complex:611:5: note: template argument deduction/substitution failed:
/home/g/Research/FFirefly/src/objects/CMData/tests/all.cpp:145:26: note:   ‘__gnu_cxx::__alloc_traits<std::allocator<std::vector<std::complex<float> > >, std::vector<std::complex<float> > >::value_type’ {aka ‘std::vector<std::complex<float> >’} is not derived from ‘const std::complex<_Tp>’
  145 |     float load_val = real(loaddata.values[2])(0);
      |                      ~~~~^~~~~~~~~~~~~~~~~~~~
/usr/include/c++/15.1.1/complex:2557:5: note: candidate 2: ‘template<class _Tp> constexpr typename __gnu_cxx::__promote<_Tp, std::__is_integer<_Tp>::__value>::__type std::real(_Tp)’
 2557 |     real(_Tp __x)
      |     ^~~~
/usr/include/c++/15.1.1/complex:2557:5: note: template argument deduction/substitution failed:
/usr/include/c++/15.1.1/complex: In substitution of ‘template<class _Tp> constexpr typename __gnu_cxx::__promote<_Tp, std::__is_integer<_Tp>::__value>::__type std::real(_Tp) [with _Tp = std::vector<std::complex<float> >]’:
/home/g/Research/FFirefly/src/objects/CMData/tests/all.cpp:145:26:   required from here
  145 |     float load_val = real(loaddata.values[2])(0);
      |                      ~~~~^~~~~~~~~~~~~~~~~~~~
/usr/include/c++/15.1.1/complex:2557:5: error: no type named ‘__type’ in ‘struct __gnu_cxx::__promote<std::vector<std::complex<float> >, false>’
 2557 |     real(_Tp __x)
      |     ^~~~
/home/g/Research/FFirefly/src/objects/CMData/tests/all.cpp: In function ‘bool readwrite_1d_with_w()’:
/home/g/Research/FFirefly/src/objects/CMData/tests/all.cpp:169:61: error: no matching function for call to ‘CMData::CMData(std::vector<Vec>&, std::vector<std::complex<Vec> >&, int, bool, bool, bool, bool)’
  169 |     CMData data(points, values, 1, true, false, false, false);
      |                                                             ^
/home/g/Research/FFirefly/src/objects/CMData/tests/all.cpp:169:61: note: there are 4 candidates
/home/g/Research/FFirefly/src/objects/CMData/tests/../cmdata.hpp:24:9: note: candidate 1: ‘CMData::CMData(std::vector<std::vector<float> >&, std::vector<std::vector<std::complex<float> > >&, int, bool, bool, bool, bool)’
   24 |         CMData(vector<vector<float>> &points, vector<vector<complex<float>>> &values, int dimension, bool with_w, bool with_n, bool is_complex, bool is_vector);
      |         ^~~~~~
/home/g/Research/FFirefly/src/objects/CMData/tests/../cmdata.hpp:24:39: note: no known conversion for argument 1 from ‘std::vector<Vec>’ to ‘std::vector<std::vector<float> >&’
   24 |         CMData(vector<vector<float>> &points, vector<vector<complex<float>>> &values, int dimension, bool with_w, bool with_n, bool is_complex, bool is_vector);
      |                ~~~~~~~~~~~~~~~~~~~~~~~^~~~~~
/home/g/Research/FFirefly/src/objects/CMData/tests/../cmdata.hpp:26:9: note: candidate 2: ‘CMData::CMData(std::string)’
   26 |         CMData(string filename);
      |         ^~~~~~
/home/g/Research/FFirefly/src/objects/CMData/tests/../cmdata.hpp:26:9: note: candidate expects 1 argument, 7 provided
/home/g/Research/FFirefly/src/objects/CMData/tests/../cmdata.hpp:22:9: note: candidate 3: ‘CMData::CMData()’
   22 |         CMData();
      |         ^~~~~~
/home/g/Research/FFirefly/src/objects/CMData/tests/../cmdata.hpp:22:9: note: candidate expects 0 arguments, 7 provided
/home/g/Research/FFirefly/src/objects/CMData/tests/../cmdata.hpp:8:7: note: candidate 4: ‘constexpr CMData::CMData(const CMData&)’
    8 | class CMData {
      |       ^~~~~~
/home/g/Research/FFirefly/src/objects/CMData/tests/../cmdata.hpp:8:7: note: candidate expects 1 argument, 7 provided
/home/g/Research/FFirefly/src/objects/CMData/tests/all.cpp:171:36: error: no match for call to ‘(__gnu_cxx::__alloc_traits<std::allocator<std::vector<float> >, std::vector<float> >::value_type {aka std::vector<float>}) (int)’
  171 |     float data_pnt = data.points[2](0);
      |                      ~~~~~~~~~~~~~~^~~
/home/g/Research/FFirefly/src/objects/CMData/tests/all.cpp:172:26: error: no matching function for call to ‘real(__gnu_cxx::__alloc_traits<std::allocator<std::vector<std::complex<float> > >, std::vector<std::complex<float> > >::value_type&)’
  172 |     float data_val = real(data.values[2])(0);
      |                      ~~~~^~~~~~~~~~~~~~~~
/home/g/Research/FFirefly/src/objects/CMData/tests/all.cpp:172:26: note: there are 2 candidates
/usr/include/c++/15.1.1/complex:611:5: note: candidate 1: ‘template<class _Tp> constexpr _Tp std::real(const complex<_Tp>&)’
  611 |     real(const complex<_Tp>& __z)
      |     ^~~~
/usr/include/c++/15.1.1/complex:611:5: note: template argument deduction/substitution failed:
/home/g/Research/FFirefly/src/objects/CMData/tests/all.cpp:172:26: note:   ‘__gnu_cxx::__alloc_traits<std::allocator<std::vector<std::complex<float> > >, std::vector<std::complex<float> > >::value_type’ {aka ‘std::vector<std::complex<float> >’} is not derived from ‘const std::complex<_Tp>’
  172 |     float data_val = real(data.values[2])(0);
      |                      ~~~~^~~~~~~~~~~~~~~~
/usr/include/c++/15.1.1/complex:2557:5: note: candidate 2: ‘template<class _Tp> constexpr typename __gnu_cxx::__promote<_Tp, std::__is_integer<_Tp>::__value>::__type std::real(_Tp)’
 2557 |     real(_Tp __x)
      |     ^~~~
/usr/include/c++/15.1.1/complex:2557:5: note: template argument deduction/substitution failed:
/usr/include/c++/15.1.1/complex: In substitution of ‘template<class _Tp> constexpr typename __gnu_cxx::__promote<_Tp, std::__is_integer<_Tp>::__value>::__type std::real(_Tp) [with _Tp = std::vector<std::complex<float> >]’:
/home/g/Research/FFirefly/src/objects/CMData/tests/all.cpp:172:26:   required from here
  172 |     float data_val = real(data.values[2])(0);
      |                      ~~~~^~~~~~~~~~~~~~~~
/usr/include/c++/15.1.1/complex:2557:5: error: no type named ‘__type’ in ‘struct __gnu_cxx::__promote<std::vector<std::complex<float> >, false>’
 2557 |     real(_Tp __x)
      |     ^~~~
/home/g/Research/FFirefly/src/objects/CMData/tests/all.cpp:182:40: error: no match for call to ‘(__gnu_cxx::__alloc_traits<std::allocator<std::vector<float> >, std::vector<float> >::value_type {aka std::vector<float>}) (int)’
  182 |     float load_pnt = loaddata.points[2](0);
      |                      ~~~~~~~~~~~~~~~~~~^~~
/home/g/Research/FFirefly/src/objects/CMData/tests/all.cpp:183:26: error: no matching function for call to ‘real(__gnu_cxx::__alloc_traits<std::allocator<std::vector<std::complex<float> > >, std::vector<std::complex<float> > >::value_type&)’
  183 |     float load_val = real(loaddata.values[2])(0);
      |                      ~~~~^~~~~~~~~~~~~~~~~~~~
/home/g/Research/FFirefly/src/objects/CMData/tests/all.cpp:183:26: note: there are 2 candidates
/usr/include/c++/15.1.1/complex:611:5: note: candidate 1: ‘template<class _Tp> constexpr _Tp std::real(const complex<_Tp>&)’
  611 |     real(const complex<_Tp>& __z)
      |     ^~~~
/usr/include/c++/15.1.1/complex:611:5: note: template argument deduction/substitution failed:
/home/g/Research/FFirefly/src/objects/CMData/tests/all.cpp:183:26: note:   ‘__gnu_cxx::__alloc_traits<std::allocator<std::vector<std::complex<float> > >, std::vector<std::complex<float> > >::value_type’ {aka ‘std::vector<std::complex<float> >’} is not derived from ‘const std::complex<_Tp>’
  183 |     float load_val = real(loaddata.values[2])(0);
      |                      ~~~~^~~~~~~~~~~~~~~~~~~~
/usr/include/c++/15.1.1/complex:2557:5: note: candidate 2: ‘template<class _Tp> constexpr typename __gnu_cxx::__promote<_Tp, std::__is_integer<_Tp>::__value>::__type std::real(_Tp)’
 2557 |     real(_Tp __x)
      |     ^~~~
/usr/include/c++/15.1.1/complex:2557:5: note: template argument deduction/substitution failed:
/usr/include/c++/15.1.1/complex: In substitution of ‘template<class _Tp> constexpr typename __gnu_cxx::__promote<_Tp, std::__is_integer<_Tp>::__value>::__type std::real(_Tp) [with _Tp = std::vector<std::complex<float> >]’:
/home/g/Research/FFirefly/src/objects/CMData/tests/all.cpp:183:26:   required from here
  183 |     float load_val = real(loaddata.values[2])(0);
      |                      ~~~~^~~~~~~~~~~~~~~~~~~~
/usr/include/c++/15.1.1/complex:2557:5: error: no type named ‘__type’ in ‘struct __gnu_cxx::__promote<std::vector<std::complex<float> >, false>’
 2557 |     real(_Tp __x)
      |     ^~~~
/home/g/Research/FFirefly/src/objects/CMData/tests/all.cpp: In function ‘bool readwrite_2d_with_w()’:
/home/g/Research/FFirefly/src/objects/CMData/tests/all.cpp:209:61: error: no matching function for call to ‘CMData::CMData(std::vector<Vec>&, std::vector<std::complex<Vec> >&, int, bool, bool, bool, bool)’
  209 |     CMData data(points, values, 2, true, false, false, false);
      |                                                             ^
/home/g/Research/FFirefly/src/objects/CMData/tests/all.cpp:209:61: note: there are 4 candidates
/home/g/Research/FFirefly/src/objects/CMData/tests/../cmdata.hpp:24:9: note: candidate 1: ‘CMData::CMData(std::vector<std::vector<float> >&, std::vector<std::vector<std::complex<float> > >&, int, bool, bool, bool, bool)’
   24 |         CMData(vector<vector<float>> &points, vector<vector<complex<float>>> &values, int dimension, bool with_w, bool with_n, bool is_complex, bool is_vector);
      |         ^~~~~~
/home/g/Research/FFirefly/src/objects/CMData/tests/../cmdata.hpp:24:39: note: no known conversion for argument 1 from ‘std::vector<Vec>’ to ‘std::vector<std::vector<float> >&’
   24 |         CMData(vector<vector<float>> &points, vector<vector<complex<float>>> &values, int dimension, bool with_w, bool with_n, bool is_complex, bool is_vector);
      |                ~~~~~~~~~~~~~~~~~~~~~~~^~~~~~
/home/g/Research/FFirefly/src/objects/CMData/tests/../cmdata.hpp:26:9: note: candidate 2: ‘CMData::CMData(std::string)’
   26 |         CMData(string filename);
      |         ^~~~~~
/home/g/Research/FFirefly/src/objects/CMData/tests/../cmdata.hpp:26:9: note: candidate expects 1 argument, 7 provided
/home/g/Research/FFirefly/src/objects/CMData/tests/../cmdata.hpp:22:9: note: candidate 3: ‘CMData::CMData()’
   22 |         CMData();
      |         ^~~~~~
/home/g/Research/FFirefly/src/objects/CMData/tests/../cmdata.hpp:22:9: note: candidate expects 0 arguments, 7 provided
/home/g/Research/FFirefly/src/objects/CMData/tests/../cmdata.hpp:8:7: note: candidate 4: ‘constexpr CMData::CMData(const CMData&)’
    8 | class CMData {
      |       ^~~~~~
/home/g/Research/FFirefly/src/objects/CMData/tests/../cmdata.hpp:8:7: note: candidate expects 1 argument, 7 provided
/home/g/Research/FFirefly/src/objects/CMData/tests/all.cpp:211:36: error: no match for call to ‘(__gnu_cxx::__alloc_traits<std::allocator<std::vector<float> >, std::vector<float> >::value_type {aka std::vector<float>}) (int)’
  211 |     float data_pnt = data.points[2](0);
      |                      ~~~~~~~~~~~~~~^~~
/home/g/Research/FFirefly/src/objects/CMData/tests/all.cpp:212:26: error: no matching function for call to ‘real(__gnu_cxx::__alloc_traits<std::allocator<std::vector<std::complex<float> > >, std::vector<std::complex<float> > >::value_type&)’
  212 |     float data_val = real(data.values[2])(0);
      |                      ~~~~^~~~~~~~~~~~~~~~
/home/g/Research/FFirefly/src/objects/CMData/tests/all.cpp:212:26: note: there are 2 candidates
/usr/include/c++/15.1.1/complex:611:5: note: candidate 1: ‘template<class _Tp> constexpr _Tp std::real(const complex<_Tp>&)’
  611 |     real(const complex<_Tp>& __z)
      |     ^~~~
/usr/include/c++/15.1.1/complex:611:5: note: template argument deduction/substitution failed:
/home/g/Research/FFirefly/src/objects/CMData/tests/all.cpp:212:26: note:   ‘__gnu_cxx::__alloc_traits<std::allocator<std::vector<std::complex<float> > >, std::vector<std::complex<float> > >::value_type’ {aka ‘std::vector<std::complex<float> >’} is not derived from ‘const std::complex<_Tp>’
  212 |     float data_val = real(data.values[2])(0);
      |                      ~~~~^~~~~~~~~~~~~~~~
/usr/include/c++/15.1.1/complex:2557:5: note: candidate 2: ‘template<class _Tp> constexpr typename __gnu_cxx::__promote<_Tp, std::__is_integer<_Tp>::__value>::__type std::real(_Tp)’
 2557 |     real(_Tp __x)
      |     ^~~~
/usr/include/c++/15.1.1/complex:2557:5: note: template argument deduction/substitution failed:
/usr/include/c++/15.1.1/complex: In substitution of ‘template<class _Tp> constexpr typename __gnu_cxx::__promote<_Tp, std::__is_integer<_Tp>::__value>::__type std::real(_Tp) [with _Tp = std::vector<std::complex<float> >]’:
/home/g/Research/FFirefly/src/objects/CMData/tests/all.cpp:212:26:   required from here
  212 |     float data_val = real(data.values[2])(0);
      |                      ~~~~^~~~~~~~~~~~~~~~
/usr/include/c++/15.1.1/complex:2557:5: error: no type named ‘__type’ in ‘struct __gnu_cxx::__promote<std::vector<std::complex<float> >, false>’
 2557 |     real(_Tp __x)
      |     ^~~~
/home/g/Research/FFirefly/src/objects/CMData/tests/all.cpp:222:40: error: no match for call to ‘(__gnu_cxx::__alloc_traits<std::allocator<std::vector<float> >, std::vector<float> >::value_type {aka std::vector<float>}) (int)’
  222 |     float load_pnt = loaddata.points[2](0);
      |                      ~~~~~~~~~~~~~~~~~~^~~
/home/g/Research/FFirefly/src/objects/CMData/tests/all.cpp:223:26: error: no matching function for call to ‘real(__gnu_cxx::__alloc_traits<std::allocator<std::vector<std::complex<float> > >, std::vector<std::complex<float> > >::value_type&)’
  223 |     float load_val = real(loaddata.values[2])(0);
      |                      ~~~~^~~~~~~~~~~~~~~~~~~~
/home/g/Research/FFirefly/src/objects/CMData/tests/all.cpp:223:26: note: there are 2 candidates
/usr/include/c++/15.1.1/complex:611:5: note: candidate 1: ‘template<class _Tp> constexpr _Tp std::real(const complex<_Tp>&)’
  611 |     real(const complex<_Tp>& __z)
      |     ^~~~
/usr/include/c++/15.1.1/complex:611:5: note: template argument deduction/substitution failed:
/home/g/Research/FFirefly/src/objects/CMData/tests/all.cpp:223:26: note:   ‘__gnu_cxx::__alloc_traits<std::allocator<std::vector<std::complex<float> > >, std::vector<std::complex<float> > >::value_type’ {aka ‘std::vector<std::complex<float> >’} is not derived from ‘const std::complex<_Tp>’
  223 |     float load_val = real(loaddata.values[2])(0);
      |                      ~~~~^~~~~~~~~~~~~~~~~~~~
/usr/include/c++/15.1.1/complex:2557:5: note: candidate 2: ‘template<class _Tp> constexpr typename __gnu_cxx::__promote<_Tp, std::__is_integer<_Tp>::__value>::__type std::real(_Tp)’
 2557 |     real(_Tp __x)
      |     ^~~~
/usr/include/c++/15.1.1/complex:2557:5: note: template argument deduction/substitution failed:
/usr/include/c++/15.1.1/complex: In substitution of ‘template<class _Tp> constexpr typename __gnu_cxx::__promote<_Tp, std::__is_integer<_Tp>::__value>::__type std::real(_Tp) [with _Tp = std::vector<std::complex<float> >]’:
/home/g/Research/FFirefly/src/objects/CMData/tests/all.cpp:223:26:   required from here
  223 |     float load_val = real(loaddata.values[2])(0);
      |                      ~~~~^~~~~~~~~~~~~~~~~~~~
/usr/include/c++/15.1.1/complex:2557:5: error: no type named ‘__type’ in ‘struct __gnu_cxx::__promote<std::vector<std::complex<float> >, false>’
 2557 |     real(_Tp __x)
      |     ^~~~
/home/g/Research/FFirefly/src/objects/CMData/tests/all.cpp: In function ‘bool readwrite_3d_with_w()’:
/home/g/Research/FFirefly/src/objects/CMData/tests/all.cpp:251:61: error: no matching function for call to ‘CMData::CMData(std::vector<Vec>&, std::vector<std::complex<Vec> >&, int, bool, bool, bool, bool)’
  251 |     CMData data(points, values, 3, true, false, false, false);
      |                                                             ^
/home/g/Research/FFirefly/src/objects/CMData/tests/all.cpp:251:61: note: there are 4 candidates
/home/g/Research/FFirefly/src/objects/CMData/tests/../cmdata.hpp:24:9: note: candidate 1: ‘CMData::CMData(std::vector<std::vector<float> >&, std::vector<std::vector<std::complex<float> > >&, int, bool, bool, bool, bool)’
   24 |         CMData(vector<vector<float>> &points, vector<vector<complex<float>>> &values, int dimension, bool with_w, bool with_n, bool is_complex, bool is_vector);
      |         ^~~~~~
/home/g/Research/FFirefly/src/objects/CMData/tests/../cmdata.hpp:24:39: note: no known conversion for argument 1 from ‘std::vector<Vec>’ to ‘std::vector<std::vector<float> >&’
   24 |         CMData(vector<vector<float>> &points, vector<vector<complex<float>>> &values, int dimension, bool with_w, bool with_n, bool is_complex, bool is_vector);
      |                ~~~~~~~~~~~~~~~~~~~~~~~^~~~~~
/home/g/Research/FFirefly/src/objects/CMData/tests/../cmdata.hpp:26:9: note: candidate 2: ‘CMData::CMData(std::string)’
   26 |         CMData(string filename);
      |         ^~~~~~
/home/g/Research/FFirefly/src/objects/CMData/tests/../cmdata.hpp:26:9: note: candidate expects 1 argument, 7 provided
/home/g/Research/FFirefly/src/objects/CMData/tests/../cmdata.hpp:22:9: note: candidate 3: ‘CMData::CMData()’
   22 |         CMData();
      |         ^~~~~~
/home/g/Research/FFirefly/src/objects/CMData/tests/../cmdata.hpp:22:9: note: candidate expects 0 arguments, 7 provided
/home/g/Research/FFirefly/src/objects/CMData/tests/../cmdata.hpp:8:7: note: candidate 4: ‘constexpr CMData::CMData(const CMData&)’
    8 | class CMData {
      |       ^~~~~~
/home/g/Research/FFirefly/src/objects/CMData/tests/../cmdata.hpp:8:7: note: candidate expects 1 argument, 7 provided
/home/g/Research/FFirefly/src/objects/CMData/tests/all.cpp:253:36: error: no match for call to ‘(__gnu_cxx::__alloc_traits<std::allocator<std::vector<float> >, std::vector<float> >::value_type {aka std::vector<float>}) (int)’
  253 |     float data_pnt = data.points[2](0);
      |                      ~~~~~~~~~~~~~~^~~
/home/g/Research/FFirefly/src/objects/CMData/tests/all.cpp:254:26: error: no matching function for call to ‘real(__gnu_cxx::__alloc_traits<std::allocator<std::vector<std::complex<float> > >, std::vector<std::complex<float> > >::value_type&)’
  254 |     float data_val = real(data.values[2])(0);
      |                      ~~~~^~~~~~~~~~~~~~~~
/home/g/Research/FFirefly/src/objects/CMData/tests/all.cpp:254:26: note: there are 2 candidates
/usr/include/c++/15.1.1/complex:611:5: note: candidate 1: ‘template<class _Tp> constexpr _Tp std::real(const complex<_Tp>&)’
  611 |     real(const complex<_Tp>& __z)
      |     ^~~~
/usr/include/c++/15.1.1/complex:611:5: note: template argument deduction/substitution failed:
/home/g/Research/FFirefly/src/objects/CMData/tests/all.cpp:254:26: note:   ‘__gnu_cxx::__alloc_traits<std::allocator<std::vector<std::complex<float> > >, std::vector<std::complex<float> > >::value_type’ {aka ‘std::vector<std::complex<float> >’} is not derived from ‘const std::complex<_Tp>’
  254 |     float data_val = real(data.values[2])(0);
      |                      ~~~~^~~~~~~~~~~~~~~~
/usr/include/c++/15.1.1/complex:2557:5: note: candidate 2: ‘template<class _Tp> constexpr typename __gnu_cxx::__promote<_Tp, std::__is_integer<_Tp>::__value>::__type std::real(_Tp)’
 2557 |     real(_Tp __x)
      |     ^~~~
/usr/include/c++/15.1.1/complex:2557:5: note: template argument deduction/substitution failed:
/usr/include/c++/15.1.1/complex: In substitution of ‘template<class _Tp> constexpr typename __gnu_cxx::__promote<_Tp, std::__is_integer<_Tp>::__value>::__type std::real(_Tp) [with _Tp = std::vector<std::complex<float> >]’:
/home/g/Research/FFirefly/src/objects/CMData/tests/all.cpp:254:26:   required from here
  254 |     float data_val = real(data.values[2])(0);
      |                      ~~~~^~~~~~~~~~~~~~~~
/usr/include/c++/15.1.1/complex:2557:5: error: no type named ‘__type’ in ‘struct __gnu_cxx::__promote<std::vector<std::complex<float> >, false>’
 2557 |     real(_Tp __x)
      |     ^~~~
/home/g/Research/FFirefly/src/objects/CMData/tests/all.cpp:264:40: error: no match for call to ‘(__gnu_cxx::__alloc_traits<std::allocator<std::vector<float> >, std::vector<float> >::value_type {aka std::vector<float>}) (int)’
  264 |     float load_pnt = loaddata.points[2](0);
      |                      ~~~~~~~~~~~~~~~~~~^~~
/home/g/Research/FFirefly/src/objects/CMData/tests/all.cpp:265:26: error: no matching function for call to ‘real(__gnu_cxx::__alloc_traits<std::allocator<std::vector<std::complex<float> > >, std::vector<std::complex<float> > >::value_type&)’
  265 |     float load_val = real(loaddata.values[2])(0);
      |                      ~~~~^~~~~~~~~~~~~~~~~~~~
/home/g/Research/FFirefly/src/objects/CMData/tests/all.cpp:265:26: note: there are 2 candidates
/usr/include/c++/15.1.1/complex:611:5: note: candidate 1: ‘template<class _Tp> constexpr _Tp std::real(const complex<_Tp>&)’
  611 |     real(const complex<_Tp>& __z)
      |     ^~~~
/usr/include/c++/15.1.1/complex:611:5: note: template argument deduction/substitution failed:
/home/g/Research/FFirefly/src/objects/CMData/tests/all.cpp:265:26: note:   ‘__gnu_cxx::__alloc_traits<std::allocator<std::vector<std::complex<float> > >, std::vector<std::complex<float> > >::value_type’ {aka ‘std::vector<std::complex<float> >’} is not derived from ‘const std::complex<_Tp>’
  265 |     float load_val = real(loaddata.values[2])(0);
      |                      ~~~~^~~~~~~~~~~~~~~~~~~~
/usr/include/c++/15.1.1/complex:2557:5: note: candidate 2: ‘template<class _Tp> constexpr typename __gnu_cxx::__promote<_Tp, std::__is_integer<_Tp>::__value>::__type std::real(_Tp)’
 2557 |     real(_Tp __x)
      |     ^~~~
/usr/include/c++/15.1.1/complex:2557:5: note: template argument deduction/substitution failed:
/usr/include/c++/15.1.1/complex: In substitution of ‘template<class _Tp> constexpr typename __gnu_cxx::__promote<_Tp, std::__is_integer<_Tp>::__value>::__type std::real(_Tp) [with _Tp = std::vector<std::complex<float> >]’:
/home/g/Research/FFirefly/src/objects/CMData/tests/all.cpp:265:26:   required from here
  265 |     float load_val = real(loaddata.values[2])(0);
      |                      ~~~~^~~~~~~~~~~~~~~~~~~~
/usr/include/c++/15.1.1/complex:2557:5: error: no type named ‘__type’ in ‘struct __gnu_cxx::__promote<std::vector<std::complex<float> >, false>’
 2557 |     real(_Tp __x)
      |     ^~~~
/home/g/Research/FFirefly/src/objects/CMData/tests/all.cpp: In function ‘bool readwrite_2d()’:
/home/g/Research/FFirefly/src/objects/CMData/tests/all.cpp:288:62: error: no matching function for call to ‘CMData::CMData(std::vector<Vec>&, std::vector<std::complex<Vec> >&, int, bool, bool, bool, bool)’
  288 |     CMData data(points, values, 2, false, false, false, false);
      |                                                              ^
/home/g/Research/FFirefly/src/objects/CMData/tests/all.cpp:288:62: note: there are 4 candidates
/home/g/Research/FFirefly/src/objects/CMData/tests/../cmdata.hpp:24:9: note: candidate 1: ‘CMData::CMData(std::vector<std::vector<float> >&, std::vector<std::vector<std::complex<float> > >&, int, bool, bool, bool, bool)’
   24 |         CMData(vector<vector<float>> &points, vector<vector<complex<float>>> &values, int dimension, bool with_w, bool with_n, bool is_complex, bool is_vector);
      |         ^~~~~~
/home/g/Research/FFirefly/src/objects/CMData/tests/../cmdata.hpp:24:39: note: no known conversion for argument 1 from ‘std::vector<Vec>’ to ‘std::vector<std::vector<float> >&’
   24 |         CMData(vector<vector<float>> &points, vector<vector<complex<float>>> &values, int dimension, bool with_w, bool with_n, bool is_complex, bool is_vector);
      |                ~~~~~~~~~~~~~~~~~~~~~~~^~~~~~
/home/g/Research/FFirefly/src/objects/CMData/tests/../cmdata.hpp:26:9: note: candidate 2: ‘CMData::CMData(std::string)’
   26 |         CMData(string filename);
      |         ^~~~~~
/home/g/Research/FFirefly/src/objects/CMData/tests/../cmdata.hpp:26:9: note: candidate expects 1 argument, 7 provided
/home/g/Research/FFirefly/src/objects/CMData/tests/../cmdata.hpp:22:9: note: candidate 3: ‘CMData::CMData()’
   22 |         CMData();
      |         ^~~~~~
/home/g/Research/FFirefly/src/objects/CMData/tests/../cmdata.hpp:22:9: note: candidate expects 0 arguments, 7 provided
/home/g/Research/FFirefly/src/objects/CMData/tests/../cmdata.hpp:8:7: note: candidate 4: ‘constexpr CMData::CMData(const CMData&)’
    8 | class CMData {
      |       ^~~~~~
/home/g/Research/FFirefly/src/objects/CMData/tests/../cmdata.hpp:8:7: note: candidate expects 1 argument, 7 provided
/home/g/Research/FFirefly/src/objects/CMData/tests/all.cpp:290:36: error: no match for call to ‘(__gnu_cxx::__alloc_traits<std::allocator<std::vector<float> >, std::vector<float> >::value_type {aka std::vector<float>}) (int)’
  290 |     float data_pnt = data.points[2](0);
      |                      ~~~~~~~~~~~~~~^~~
/home/g/Research/FFirefly/src/objects/CMData/tests/all.cpp:291:26: error: no matching function for call to ‘real(__gnu_cxx::__alloc_traits<std::allocator<std::vector<std::complex<float> > >, std::vector<std::complex<float> > >::value_type&)’
  291 |     float data_val = real(data.values[2])(0);
      |                      ~~~~^~~~~~~~~~~~~~~~
/home/g/Research/FFirefly/src/objects/CMData/tests/all.cpp:291:26: note: there are 2 candidates
/usr/include/c++/15.1.1/complex:611:5: note: candidate 1: ‘template<class _Tp> constexpr _Tp std::real(const complex<_Tp>&)’
  611 |     real(const complex<_Tp>& __z)
      |     ^~~~
/usr/include/c++/15.1.1/complex:611:5: note: template argument deduction/substitution failed:
/home/g/Research/FFirefly/src/objects/CMData/tests/all.cpp:291:26: note:   ‘__gnu_cxx::__alloc_traits<std::allocator<std::vector<std::complex<float> > >, std::vector<std::complex<float> > >::value_type’ {aka ‘std::vector<std::complex<float> >’} is not derived from ‘const std::complex<_Tp>’
  291 |     float data_val = real(data.values[2])(0);
      |                      ~~~~^~~~~~~~~~~~~~~~
/usr/include/c++/15.1.1/complex:2557:5: note: candidate 2: ‘template<class _Tp> constexpr typename __gnu_cxx::__promote<_Tp, std::__is_integer<_Tp>::__value>::__type std::real(_Tp)’
 2557 |     real(_Tp __x)
      |     ^~~~
/usr/include/c++/15.1.1/complex:2557:5: note: template argument deduction/substitution failed:
/usr/include/c++/15.1.1/complex: In substitution of ‘template<class _Tp> constexpr typename __gnu_cxx::__promote<_Tp, std::__is_integer<_Tp>::__value>::__type std::real(_Tp) [with _Tp = std::vector<std::complex<float> >]’:
/home/g/Research/FFirefly/src/objects/CMData/tests/all.cpp:291:26:   required from here
  291 |     float data_val = real(data.values[2])(0);
      |                      ~~~~^~~~~~~~~~~~~~~~
/usr/include/c++/15.1.1/complex:2557:5: error: no type named ‘__type’ in ‘struct __gnu_cxx::__promote<std::vector<std::complex<float> >, false>’
 2557 |     real(_Tp __x)
      |     ^~~~
/home/g/Research/FFirefly/src/objects/CMData/tests/all.cpp:299:40: error: no match for call to ‘(__gnu_cxx::__alloc_traits<std::allocator<std::vector<float> >, std::vector<float> >::value_type {aka std::vector<float>}) (int)’
  299 |     float load_pnt = loaddata.points[2](0);
      |                      ~~~~~~~~~~~~~~~~~~^~~
/home/g/Research/FFirefly/src/objects/CMData/tests/all.cpp:300:26: error: no matching function for call to ‘real(__gnu_cxx::__alloc_traits<std::allocator<std::vector<std::complex<float> > >, std::vector<std::complex<float> > >::value_type&)’
  300 |     float load_val = real(loaddata.values[2])(0);
      |                      ~~~~^~~~~~~~~~~~~~~~~~~~
/home/g/Research/FFirefly/src/objects/CMData/tests/all.cpp:300:26: note: there are 2 candidates
/usr/include/c++/15.1.1/complex:611:5: note: candidate 1: ‘template<class _Tp> constexpr _Tp std::real(const complex<_Tp>&)’
  611 |     real(const complex<_Tp>& __z)
      |     ^~~~
/usr/include/c++/15.1.1/complex:611:5: note: template argument deduction/substitution failed:
/home/g/Research/FFirefly/src/objects/CMData/tests/all.cpp:300:26: note:   ‘__gnu_cxx::__alloc_traits<std::allocator<std::vector<std::complex<float> > >, std::vector<std::complex<float> > >::value_type’ {aka ‘std::vector<std::complex<float> >’} is not derived from ‘const std::complex<_Tp>’
  300 |     float load_val = real(loaddata.values[2])(0);
      |                      ~~~~^~~~~~~~~~~~~~~~~~~~
/usr/include/c++/15.1.1/complex:2557:5: note: candidate 2: ‘template<class _Tp> constexpr typename __gnu_cxx::__promote<_Tp, std::__is_integer<_Tp>::__value>::__type std::real(_Tp)’
 2557 |     real(_Tp __x)
      |     ^~~~
/usr/include/c++/15.1.1/complex:2557:5: note: template argument deduction/substitution failed:
/usr/include/c++/15.1.1/complex: In substitution of ‘template<class _Tp> constexpr typename __gnu_cxx::__promote<_Tp, std::__is_integer<_Tp>::__value>::__type std::real(_Tp) [with _Tp = std::vector<std::complex<float> >]’:
/home/g/Research/FFirefly/src/objects/CMData/tests/all.cpp:300:26:   required from here
  300 |     float load_val = real(loaddata.values[2])(0);
      |                      ~~~~^~~~~~~~~~~~~~~~~~~~
/usr/include/c++/15.1.1/complex:2557:5: error: no type named ‘__type’ in ‘struct __gnu_cxx::__promote<std::vector<std::complex<float> >, false>’
 2557 |     real(_Tp __x)
      |     ^~~~
/home/g/Research/FFirefly/src/objects/CMData/tests/all.cpp: In function ‘bool readwrite_2d_complex()’:
/home/g/Research/FFirefly/src/objects/CMData/tests/all.cpp:321:61: error: no matching function for call to ‘CMData::CMData(std::vector<Vec>&, std::vector<std::complex<Vec> >&, int, bool, bool, bool, bool)’
  321 |     CMData data(points, values, 2, false, false, true, false);
      |                                                             ^
/home/g/Research/FFirefly/src/objects/CMData/tests/all.cpp:321:61: note: there are 4 candidates
/home/g/Research/FFirefly/src/objects/CMData/tests/../cmdata.hpp:24:9: note: candidate 1: ‘CMData::CMData(std::vector<std::vector<float> >&, std::vector<std::vector<std::complex<float> > >&, int, bool, bool, bool, bool)’
   24 |         CMData(vector<vector<float>> &points, vector<vector<complex<float>>> &values, int dimension, bool with_w, bool with_n, bool is_complex, bool is_vector);
      |         ^~~~~~
/home/g/Research/FFirefly/src/objects/CMData/tests/../cmdata.hpp:24:39: note: no known conversion for argument 1 from ‘std::vector<Vec>’ to ‘std::vector<std::vector<float> >&’
   24 |         CMData(vector<vector<float>> &points, vector<vector<complex<float>>> &values, int dimension, bool with_w, bool with_n, bool is_complex, bool is_vector);
      |                ~~~~~~~~~~~~~~~~~~~~~~~^~~~~~
/home/g/Research/FFirefly/src/objects/CMData/tests/../cmdata.hpp:26:9: note: candidate 2: ‘CMData::CMData(std::string)’
   26 |         CMData(string filename);
      |         ^~~~~~
/home/g/Research/FFirefly/src/objects/CMData/tests/../cmdata.hpp:26:9: note: candidate expects 1 argument, 7 provided
/home/g/Research/FFirefly/src/objects/CMData/tests/../cmdata.hpp:22:9: note: candidate 3: ‘CMData::CMData()’
   22 |         CMData();
      |         ^~~~~~
/home/g/Research/FFirefly/src/objects/CMData/tests/../cmdata.hpp:22:9: note: candidate expects 0 arguments, 7 provided
/home/g/Research/FFirefly/src/objects/CMData/tests/../cmdata.hpp:8:7: note: candidate 4: ‘constexpr CMData::CMData(const CMData&)’
    8 | class CMData {
      |       ^~~~~~
/home/g/Research/FFirefly/src/objects/CMData/tests/../cmdata.hpp:8:7: note: candidate expects 1 argument, 7 provided
/home/g/Research/FFirefly/src/objects/CMData/tests/all.cpp:323:36: error: no match for call to ‘(__gnu_cxx::__alloc_traits<std::allocator<std::vector<float> >, std::vector<float> >::value_type {aka std::vector<float>}) (int)’
  323 |     float data_pnt = data.points[2](0);
      |                      ~~~~~~~~~~~~~~^~~
/home/g/Research/FFirefly/src/objects/CMData/tests/all.cpp:324:26: error: no matching function for call to ‘real(__gnu_cxx::__alloc_traits<std::allocator<std::vector<std::complex<float> > >, std::vector<std::complex<float> > >::value_type&)’
  324 |     float data_val = real(data.values[2])(0);
      |                      ~~~~^~~~~~~~~~~~~~~~
/home/g/Research/FFirefly/src/objects/CMData/tests/all.cpp:324:26: note: there are 2 candidates
/usr/include/c++/15.1.1/complex:611:5: note: candidate 1: ‘template<class _Tp> constexpr _Tp std::real(const complex<_Tp>&)’
  611 |     real(const complex<_Tp>& __z)
      |     ^~~~
/usr/include/c++/15.1.1/complex:611:5: note: template argument deduction/substitution failed:
/home/g/Research/FFirefly/src/objects/CMData/tests/all.cpp:324:26: note:   ‘__gnu_cxx::__alloc_traits<std::allocator<std::vector<std::complex<float> > >, std::vector<std::complex<float> > >::value_type’ {aka ‘std::vector<std::complex<float> >’} is not derived from ‘const std::complex<_Tp>’
  324 |     float data_val = real(data.values[2])(0);
      |                      ~~~~^~~~~~~~~~~~~~~~
/usr/include/c++/15.1.1/complex:2557:5: note: candidate 2: ‘template<class _Tp> constexpr typename __gnu_cxx::__promote<_Tp, std::__is_integer<_Tp>::__value>::__type std::real(_Tp)’
 2557 |     real(_Tp __x)
      |     ^~~~
/usr/include/c++/15.1.1/complex:2557:5: note: template argument deduction/substitution failed:
/usr/include/c++/15.1.1/complex: In substitution of ‘template<class _Tp> constexpr typename __gnu_cxx::__promote<_Tp, std::__is_integer<_Tp>::__value>::__type std::real(_Tp) [with _Tp = std::vector<std::complex<float> >]’:
/home/g/Research/FFirefly/src/objects/CMData/tests/all.cpp:324:26:   required from here
  324 |     float data_val = real(data.values[2])(0);
      |                      ~~~~^~~~~~~~~~~~~~~~
/usr/include/c++/15.1.1/complex:2557:5: error: no type named ‘__type’ in ‘struct __gnu_cxx::__promote<std::vector<std::complex<float> >, false>’
 2557 |     real(_Tp __x)
      |     ^~~~
/home/g/Research/FFirefly/src/objects/CMData/tests/all.cpp:332:40: error: no match for call to ‘(__gnu_cxx::__alloc_traits<std::allocator<std::vector<float> >, std::vector<float> >::value_type {aka std::vector<float>}) (int)’
  332 |     float load_pnt = loaddata.points[2](0);
      |                      ~~~~~~~~~~~~~~~~~~^~~
/home/g/Research/FFirefly/src/objects/CMData/tests/all.cpp:333:26: error: no matching function for call to ‘real(__gnu_cxx::__alloc_traits<std::allocator<std::vector<std::complex<float> > >, std::vector<std::complex<float> > >::value_type&)’
  333 |     float load_val = real(loaddata.values[2])(0);
      |                      ~~~~^~~~~~~~~~~~~~~~~~~~
/home/g/Research/FFirefly/src/objects/CMData/tests/all.cpp:333:26: note: there are 2 candidates
/usr/include/c++/15.1.1/complex:611:5: note: candidate 1: ‘template<class _Tp> constexpr _Tp std::real(const complex<_Tp>&)’
  611 |     real(const complex<_Tp>& __z)
      |     ^~~~
/usr/include/c++/15.1.1/complex:611:5: note: template argument deduction/substitution failed:
/home/g/Research/FFirefly/src/objects/CMData/tests/all.cpp:333:26: note:   ‘__gnu_cxx::__alloc_traits<std::allocator<std::vector<std::complex<float> > >, std::vector<std::complex<float> > >::value_type’ {aka ‘std::vector<std::complex<float> >’} is not derived from ‘const std::complex<_Tp>’
  333 |     float load_val = real(loaddata.values[2])(0);
      |                      ~~~~^~~~~~~~~~~~~~~~~~~~
/usr/include/c++/15.1.1/complex:2557:5: note: candidate 2: ‘template<class _Tp> constexpr typename __gnu_cxx::__promote<_Tp, std::__is_integer<_Tp>::__value>::__type std::real(_Tp)’
 2557 |     real(_Tp __x)
      |     ^~~~
/usr/include/c++/15.1.1/complex:2557:5: note: template argument deduction/substitution failed:
/usr/include/c++/15.1.1/complex: In substitution of ‘template<class _Tp> constexpr typename __gnu_cxx::__promote<_Tp, std::__is_integer<_Tp>::__value>::__type std::real(_Tp) [with _Tp = std::vector<std::complex<float> >]’:
/home/g/Research/FFirefly/src/objects/CMData/tests/all.cpp:333:26:   required from here
  333 |     float load_val = real(loaddata.values[2])(0);
      |                      ~~~~^~~~~~~~~~~~~~~~~~~~
/usr/include/c++/15.1.1/complex:2557:5: error: no type named ‘__type’ in ‘struct __gnu_cxx::__promote<std::vector<std::complex<float> >, false>’
 2557 |     real(_Tp __x)
      |     ^~~~
/home/g/Research/FFirefly/src/objects/CMData/tests/all.cpp: In function ‘bool readwrite_3d()’:
/home/g/Research/FFirefly/src/objects/CMData/tests/all.cpp:356:62: error: no matching function for call to ‘CMData::CMData(std::vector<Vec>&, std::vector<std::complex<Vec> >&, int, bool, bool, bool, bool)’
  356 |     CMData data(points, values, 3, false, false, false, false);
      |                                                              ^
/home/g/Research/FFirefly/src/objects/CMData/tests/all.cpp:356:62: note: there are 4 candidates
/home/g/Research/FFirefly/src/objects/CMData/tests/../cmdata.hpp:24:9: note: candidate 1: ‘CMData::CMData(std::vector<std::vector<float> >&, std::vector<std::vector<std::complex<float> > >&, int, bool, bool, bool, bool)’
   24 |         CMData(vector<vector<float>> &points, vector<vector<complex<float>>> &values, int dimension, bool with_w, bool with_n, bool is_complex, bool is_vector);
      |         ^~~~~~
/home/g/Research/FFirefly/src/objects/CMData/tests/../cmdata.hpp:24:39: note: no known conversion for argument 1 from ‘std::vector<Vec>’ to ‘std::vector<std::vector<float> >&’
   24 |         CMData(vector<vector<float>> &points, vector<vector<complex<float>>> &values, int dimension, bool with_w, bool with_n, bool is_complex, bool is_vector);
      |                ~~~~~~~~~~~~~~~~~~~~~~~^~~~~~
/home/g/Research/FFirefly/src/objects/CMData/tests/../cmdata.hpp:26:9: note: candidate 2: ‘CMData::CMData(std::string)’
   26 |         CMData(string filename);
      |         ^~~~~~
/home/g/Research/FFirefly/src/objects/CMData/tests/../cmdata.hpp:26:9: note: candidate expects 1 argument, 7 provided
/home/g/Research/FFirefly/src/objects/CMData/tests/../cmdata.hpp:22:9: note: candidate 3: ‘CMData::CMData()’
   22 |         CMData();
      |         ^~~~~~
/home/g/Research/FFirefly/src/objects/CMData/tests/../cmdata.hpp:22:9: note: candidate expects 0 arguments, 7 provided
/home/g/Research/FFirefly/src/objects/CMData/tests/../cmdata.hpp:8:7: note: candidate 4: ‘constexpr CMData::CMData(const CMData&)’
    8 | class CMData {
      |       ^~~~~~
/home/g/Research/FFirefly/src/objects/CMData/tests/../cmdata.hpp:8:7: note: candidate expects 1 argument, 7 provided
/home/g/Research/FFirefly/src/objects/CMData/tests/all.cpp:358:36: error: no match for call to ‘(__gnu_cxx::__alloc_traits<std::allocator<std::vector<float> >, std::vector<float> >::value_type {aka std::vector<float>}) (int)’
  358 |     float data_pnt = data.points[2](0);
      |                      ~~~~~~~~~~~~~~^~~
/home/g/Research/FFirefly/src/objects/CMData/tests/all.cpp:359:26: error: no matching function for call to ‘real(__gnu_cxx::__alloc_traits<std::allocator<std::vector<std::complex<float> > >, std::vector<std::complex<float> > >::value_type&)’
  359 |     float data_val = real(data.values[2])(0);
      |                      ~~~~^~~~~~~~~~~~~~~~
/home/g/Research/FFirefly/src/objects/CMData/tests/all.cpp:359:26: note: there are 2 candidates
/usr/include/c++/15.1.1/complex:611:5: note: candidate 1: ‘template<class _Tp> constexpr _Tp std::real(const complex<_Tp>&)’
  611 |     real(const complex<_Tp>& __z)
      |     ^~~~
/usr/include/c++/15.1.1/complex:611:5: note: template argument deduction/substitution failed:
/home/g/Research/FFirefly/src/objects/CMData/tests/all.cpp:359:26: note:   ‘__gnu_cxx::__alloc_traits<std::allocator<std::vector<std::complex<float> > >, std::vector<std::complex<float> > >::value_type’ {aka ‘std::vector<std::complex<float> >’} is not derived from ‘const std::complex<_Tp>’
  359 |     float data_val = real(data.values[2])(0);
      |                      ~~~~^~~~~~~~~~~~~~~~
/usr/include/c++/15.1.1/complex:2557:5: note: candidate 2: ‘template<class _Tp> constexpr typename __gnu_cxx::__promote<_Tp, std::__is_integer<_Tp>::__value>::__type std::real(_Tp)’
 2557 |     real(_Tp __x)
      |     ^~~~
/usr/include/c++/15.1.1/complex:2557:5: note: template argument deduction/substitution failed:
/usr/include/c++/15.1.1/complex: In substitution of ‘template<class _Tp> constexpr typename __gnu_cxx::__promote<_Tp, std::__is_integer<_Tp>::__value>::__type std::real(_Tp) [with _Tp = std::vector<std::complex<float> >]’:
/home/g/Research/FFirefly/src/objects/CMData/tests/all.cpp:359:26:   required from here
  359 |     float data_val = real(data.values[2])(0);
      |                      ~~~~^~~~~~~~~~~~~~~~
/usr/include/c++/15.1.1/complex:2557:5: error: no type named ‘__type’ in ‘struct __gnu_cxx::__promote<std::vector<std::complex<float> >, false>’
 2557 |     real(_Tp __x)
      |     ^~~~
/home/g/Research/FFirefly/src/objects/CMData/tests/all.cpp:367:40: error: no match for call to ‘(__gnu_cxx::__alloc_traits<std::allocator<std::vector<float> >, std::vector<float> >::value_type {aka std::vector<float>}) (int)’
  367 |     float load_pnt = loaddata.points[2](0);
      |                      ~~~~~~~~~~~~~~~~~~^~~
/home/g/Research/FFirefly/src/objects/CMData/tests/all.cpp:368:26: error: no matching function for call to ‘real(__gnu_cxx::__alloc_traits<std::allocator<std::vector<std::complex<float> > >, std::vector<std::complex<float> > >::value_type&)’
  368 |     float load_val = real(loaddata.values[2])(0);
      |                      ~~~~^~~~~~~~~~~~~~~~~~~~
/home/g/Research/FFirefly/src/objects/CMData/tests/all.cpp:368:26: note: there are 2 candidates
/usr/include/c++/15.1.1/complex:611:5: note: candidate 1: ‘template<class _Tp> constexpr _Tp std::real(const complex<_Tp>&)’
  611 |     real(const complex<_Tp>& __z)
      |     ^~~~
/usr/include/c++/15.1.1/complex:611:5: note: template argument deduction/substitution failed:
/home/g/Research/FFirefly/src/objects/CMData/tests/all.cpp:368:26: note:   ‘__gnu_cxx::__alloc_traits<std::allocator<std::vector<std::complex<float> > >, std::vector<std::complex<float> > >::value_type’ {aka ‘std::vector<std::complex<float> >’} is not derived from ‘const std::complex<_Tp>’
  368 |     float load_val = real(loaddata.values[2])(0);
      |                      ~~~~^~~~~~~~~~~~~~~~~~~~
/usr/include/c++/15.1.1/complex:2557:5: note: candidate 2: ‘template<class _Tp> constexpr typename __gnu_cxx::__promote<_Tp, std::__is_integer<_Tp>::__value>::__type std::real(_Tp)’
 2557 |     real(_Tp __x)
      |     ^~~~
/usr/include/c++/15.1.1/complex:2557:5: note: template argument deduction/substitution failed:
/usr/include/c++/15.1.1/complex: In substitution of ‘template<class _Tp> constexpr typename __gnu_cxx::__promote<_Tp, std::__is_integer<_Tp>::__value>::__type std::real(_Tp) [with _Tp = std::vector<std::complex<float> >]’:
/home/g/Research/FFirefly/src/objects/CMData/tests/all.cpp:368:26:   required from here
  368 |     float load_val = real(loaddata.values[2])(0);
      |                      ~~~~^~~~~~~~~~~~~~~~~~~~
/usr/include/c++/15.1.1/complex:2557:5: error: no type named ‘__type’ in ‘struct __gnu_cxx::__promote<std::vector<std::complex<float> >, false>’
 2557 |     real(_Tp __x)
      |     ^~~~
/home/g/Research/FFirefly/src/objects/CMData/tests/all.cpp: In function ‘bool readwrite_3d_complex()’:
/home/g/Research/FFirefly/src/objects/CMData/tests/all.cpp:391:61: error: no matching function for call to ‘CMData::CMData(std::vector<Vec>&, std::vector<std::complex<Vec> >&, int, bool, bool, bool, bool)’
  391 |     CMData data(points, values, 3, false, false, true, false);
      |                                                             ^
/home/g/Research/FFirefly/src/objects/CMData/tests/all.cpp:391:61: note: there are 4 candidates
/home/g/Research/FFirefly/src/objects/CMData/tests/../cmdata.hpp:24:9: note: candidate 1: ‘CMData::CMData(std::vector<std::vector<float> >&, std::vector<std::vector<std::complex<float> > >&, int, bool, bool, bool, bool)’
   24 |         CMData(vector<vector<float>> &points, vector<vector<complex<float>>> &values, int dimension, bool with_w, bool with_n, bool is_complex, bool is_vector);
      |         ^~~~~~
/home/g/Research/FFirefly/src/objects/CMData/tests/../cmdata.hpp:24:39: note: no known conversion for argument 1 from ‘std::vector<Vec>’ to ‘std::vector<std::vector<float> >&’
   24 |         CMData(vector<vector<float>> &points, vector<vector<complex<float>>> &values, int dimension, bool with_w, bool with_n, bool is_complex, bool is_vector);
      |                ~~~~~~~~~~~~~~~~~~~~~~~^~~~~~
/home/g/Research/FFirefly/src/objects/CMData/tests/../cmdata.hpp:26:9: note: candidate 2: ‘CMData::CMData(std::string)’
   26 |         CMData(string filename);
      |         ^~~~~~
/home/g/Research/FFirefly/src/objects/CMData/tests/../cmdata.hpp:26:9: note: candidate expects 1 argument, 7 provided
/home/g/Research/FFirefly/src/objects/CMData/tests/../cmdata.hpp:22:9: note: candidate 3: ‘CMData::CMData()’
   22 |         CMData();
      |         ^~~~~~
/home/g/Research/FFirefly/src/objects/CMData/tests/../cmdata.hpp:22:9: note: candidate expects 0 arguments, 7 provided
/home/g/Research/FFirefly/src/objects/CMData/tests/../cmdata.hpp:8:7: note: candidate 4: ‘constexpr CMData::CMData(const CMData&)’
    8 | class CMData {
      |       ^~~~~~
/home/g/Research/FFirefly/src/objects/CMData/tests/../cmdata.hpp:8:7: note: candidate expects 1 argument, 7 provided
/home/g/Research/FFirefly/src/objects/CMData/tests/all.cpp:393:36: error: no match for call to ‘(__gnu_cxx::__alloc_traits<std::allocator<std::vector<float> >, std::vector<float> >::value_type {aka std::vector<float>}) (int)’
  393 |     float data_pnt = data.points[2](0);
      |                      ~~~~~~~~~~~~~~^~~
/home/g/Research/FFirefly/src/objects/CMData/tests/all.cpp:394:26: error: no matching function for call to ‘real(__gnu_cxx::__alloc_traits<std::allocator<std::vector<std::complex<float> > >, std::vector<std::complex<float> > >::value_type&)’
  394 |     float data_val = real(data.values[2])(0);
      |                      ~~~~^~~~~~~~~~~~~~~~
/home/g/Research/FFirefly/src/objects/CMData/tests/all.cpp:394:26: note: there are 2 candidates
/usr/include/c++/15.1.1/complex:611:5: note: candidate 1: ‘template<class _Tp> constexpr _Tp std::real(const complex<_Tp>&)’
  611 |     real(const complex<_Tp>& __z)
      |     ^~~~
/usr/include/c++/15.1.1/complex:611:5: note: template argument deduction/substitution failed:
/home/g/Research/FFirefly/src/objects/CMData/tests/all.cpp:394:26: note:   ‘__gnu_cxx::__alloc_traits<std::allocator<std::vector<std::complex<float> > >, std::vector<std::complex<float> > >::value_type’ {aka ‘std::vector<std::complex<float> >’} is not derived from ‘const std::complex<_Tp>’
  394 |     float data_val = real(data.values[2])(0);
      |                      ~~~~^~~~~~~~~~~~~~~~
/usr/include/c++/15.1.1/complex:2557:5: note: candidate 2: ‘template<class _Tp> constexpr typename __gnu_cxx::__promote<_Tp, std::__is_integer<_Tp>::__value>::__type std::real(_Tp)’
 2557 |     real(_Tp __x)
      |     ^~~~
/usr/include/c++/15.1.1/complex:2557:5: note: template argument deduction/substitution failed:
/usr/include/c++/15.1.1/complex: In substitution of ‘template<class _Tp> constexpr typename __gnu_cxx::__promote<_Tp, std::__is_integer<_Tp>::__value>::__type std::real(_Tp) [with _Tp = std::vector<std::complex<float> >]’:
/home/g/Research/FFirefly/src/objects/CMData/tests/all.cpp:394:26:   required from here
  394 |     float data_val = real(data.values[2])(0);
      |                      ~~~~^~~~~~~~~~~~~~~~
/usr/include/c++/15.1.1/complex:2557:5: error: no type named ‘__type’ in ‘struct __gnu_cxx::__promote<std::vector<std::complex<float> >, false>’
 2557 |     real(_Tp __x)
      |     ^~~~
/home/g/Research/FFirefly/src/objects/CMData/tests/all.cpp:402:40: error: no match for call to ‘(__gnu_cxx::__alloc_traits<std::allocator<std::vector<float> >, std::vector<float> >::value_type {aka std::vector<float>}) (int)’
  402 |     float load_pnt = loaddata.points[2](0);
      |                      ~~~~~~~~~~~~~~~~~~^~~
/home/g/Research/FFirefly/src/objects/CMData/tests/all.cpp:403:26: error: no matching function for call to ‘real(__gnu_cxx::__alloc_traits<std::allocator<std::vector<std::complex<float> > >, std::vector<std::complex<float> > >::value_type&)’
  403 |     float load_val = real(loaddata.values[2])(0);
      |                      ~~~~^~~~~~~~~~~~~~~~~~~~
/home/g/Research/FFirefly/src/objects/CMData/tests/all.cpp:403:26: note: there are 2 candidates
/usr/include/c++/15.1.1/complex:611:5: note: candidate 1: ‘template<class _Tp> constexpr _Tp std::real(const complex<_Tp>&)’
  611 |     real(const complex<_Tp>& __z)
      |     ^~~~
/usr/include/c++/15.1.1/complex:611:5: note: template argument deduction/substitution failed:
/home/g/Research/FFirefly/src/objects/CMData/tests/all.cpp:403:26: note:   ‘__gnu_cxx::__alloc_traits<std::allocator<std::vector<std::complex<float> > >, std::vector<std::complex<float> > >::value_type’ {aka ‘std::vector<std::complex<float> >’} is not derived from ‘const std::complex<_Tp>’
  403 |     float load_val = real(loaddata.values[2])(0);
      |                      ~~~~^~~~~~~~~~~~~~~~~~~~
/usr/include/c++/15.1.1/complex:2557:5: note: candidate 2: ‘template<class _Tp> constexpr typename __gnu_cxx::__promote<_Tp, std::__is_integer<_Tp>::__value>::__type std::real(_Tp)’
 2557 |     real(_Tp __x)
      |     ^~~~
/usr/include/c++/15.1.1/complex:2557:5: note: template argument deduction/substitution failed:
/usr/include/c++/15.1.1/complex: In substitution of ‘template<class _Tp> constexpr typename __gnu_cxx::__promote<_Tp, std::__is_integer<_Tp>::__value>::__type std::real(_Tp) [with _Tp = std::vector<std::complex<float> >]’:
/home/g/Research/FFirefly/src/objects/CMData/tests/all.cpp:403:26:   required from here
  403 |     float load_val = real(loaddata.values[2])(0);
      |                      ~~~~^~~~~~~~~~~~~~~~~~~~
/usr/include/c++/15.1.1/complex:2557:5: error: no type named ‘__type’ in ‘struct __gnu_cxx::__promote<std::vector<std::complex<float> >, false>’
 2557 |     real(_Tp __x)
      |     ^~~~
/home/g/Research/FFirefly/src/objects/CMData/tests/all.cpp: In function ‘bool readwrite_1d_vector()’:
/home/g/Research/FFirefly/src/objects/CMData/tests/all.cpp:423:61: error: no matching function for call to ‘CMData::CMData(std::vector<Vec>&, std::vector<std::complex<Vec> >&, int, bool, bool, bool, bool)’
  423 |     CMData data(points, values, 1, false, false, false, true);
      |                                                             ^
/home/g/Research/FFirefly/src/objects/CMData/tests/all.cpp:423:61: note: there are 4 candidates
/home/g/Research/FFirefly/src/objects/CMData/tests/../cmdata.hpp:24:9: note: candidate 1: ‘CMData::CMData(std::vector<std::vector<float> >&, std::vector<std::vector<std::complex<float> > >&, int, bool, bool, bool, bool)’
   24 |         CMData(vector<vector<float>> &points, vector<vector<complex<float>>> &values, int dimension, bool with_w, bool with_n, bool is_complex, bool is_vector);
      |         ^~~~~~
/home/g/Research/FFirefly/src/objects/CMData/tests/../cmdata.hpp:24:39: note: no known conversion for argument 1 from ‘std::vector<Vec>’ to ‘std::vector<std::vector<float> >&’
   24 |         CMData(vector<vector<float>> &points, vector<vector<complex<float>>> &values, int dimension, bool with_w, bool with_n, bool is_complex, bool is_vector);
      |                ~~~~~~~~~~~~~~~~~~~~~~~^~~~~~
/home/g/Research/FFirefly/src/objects/CMData/tests/../cmdata.hpp:26:9: note: candidate 2: ‘CMData::CMData(std::string)’
   26 |         CMData(string filename);
      |         ^~~~~~
/home/g/Research/FFirefly/src/objects/CMData/tests/../cmdata.hpp:26:9: note: candidate expects 1 argument, 7 provided
/home/g/Research/FFirefly/src/objects/CMData/tests/../cmdata.hpp:22:9: note: candidate 3: ‘CMData::CMData()’
   22 |         CMData();
      |         ^~~~~~
/home/g/Research/FFirefly/src/objects/CMData/tests/../cmdata.hpp:22:9: note: candidate expects 0 arguments, 7 provided
/home/g/Research/FFirefly/src/objects/CMData/tests/../cmdata.hpp:8:7: note: candidate 4: ‘constexpr CMData::CMData(const CMData&)’
    8 | class CMData {
      |       ^~~~~~
/home/g/Research/FFirefly/src/objects/CMData/tests/../cmdata.hpp:8:7: note: candidate expects 1 argument, 7 provided
/home/g/Research/FFirefly/src/objects/CMData/tests/all.cpp:425:36: error: no match for call to ‘(__gnu_cxx::__alloc_traits<std::allocator<std::vector<float> >, std::vector<float> >::value_type {aka std::vector<float>}) (int)’
  425 |     float data_pnt = data.points[2](0);
      |                      ~~~~~~~~~~~~~~^~~
/home/g/Research/FFirefly/src/objects/CMData/tests/all.cpp:426:24: error: no matching function for call to ‘real(__gnu_cxx::__alloc_traits<std::allocator<std::vector<std::complex<float> > >, std::vector<std::complex<float> > >::value_type&)’
  426 |     Vec data_val = real(data.values[2]);
      |                    ~~~~^~~~~~~~~~~~~~~~
/home/g/Research/FFirefly/src/objects/CMData/tests/all.cpp:426:24: note: there are 2 candidates
/usr/include/c++/15.1.1/complex:611:5: note: candidate 1: ‘template<class _Tp> constexpr _Tp std::real(const complex<_Tp>&)’
  611 |     real(const complex<_Tp>& __z)
      |     ^~~~
/usr/include/c++/15.1.1/complex:611:5: note: template argument deduction/substitution failed:
/home/g/Research/FFirefly/src/objects/CMData/tests/all.cpp:426:24: note:   ‘__gnu_cxx::__alloc_traits<std::allocator<std::vector<std::complex<float> > >, std::vector<std::complex<float> > >::value_type’ {aka ‘std::vector<std::complex<float> >’} is not derived from ‘const std::complex<_Tp>’
  426 |     Vec data_val = real(data.values[2]);
      |                    ~~~~^~~~~~~~~~~~~~~~
/usr/include/c++/15.1.1/complex:2557:5: note: candidate 2: ‘template<class _Tp> constexpr typename __gnu_cxx::__promote<_Tp, std::__is_integer<_Tp>::__value>::__type std::real(_Tp)’
 2557 |     real(_Tp __x)
      |     ^~~~
/usr/include/c++/15.1.1/complex:2557:5: note: template argument deduction/substitution failed:
/usr/include/c++/15.1.1/complex: In substitution of ‘template<class _Tp> constexpr typename __gnu_cxx::__promote<_Tp, std::__is_integer<_Tp>::__value>::__type std::real(_Tp) [with _Tp = std::vector<std::complex<float> >]’:
/home/g/Research/FFirefly/src/objects/CMData/tests/all.cpp:426:24:   required from here
  426 |     Vec data_val = real(data.values[2]);
      |                    ~~~~^~~~~~~~~~~~~~~~
/usr/include/c++/15.1.1/complex:2557:5: error: no type named ‘__type’ in ‘struct __gnu_cxx::__promote<std::vector<std::complex<float> >, false>’
 2557 |     real(_Tp __x)
      |     ^~~~
/home/g/Research/FFirefly/src/objects/CMData/tests/all.cpp:434:40: error: no match for call to ‘(__gnu_cxx::__alloc_traits<std::allocator<std::vector<float> >, std::vector<float> >::value_type {aka std::vector<float>}) (int)’
  434 |     float load_pnt = loaddata.points[2](0);
      |                      ~~~~~~~~~~~~~~~~~~^~~
/home/g/Research/FFirefly/src/objects/CMData/tests/all.cpp:435:24: error: no matching function for call to ‘real(__gnu_cxx::__alloc_traits<std::allocator<std::vector<std::complex<float> > >, std::vector<std::complex<float> > >::value_type&)’
  435 |     Vec load_val = real(loaddata.values[2]);
      |                    ~~~~^~~~~~~~~~~~~~~~~~~~
/home/g/Research/FFirefly/src/objects/CMData/tests/all.cpp:435:24: note: there are 2 candidates
/usr/include/c++/15.1.1/complex:611:5: note: candidate 1: ‘template<class _Tp> constexpr _Tp std::real(const complex<_Tp>&)’
  611 |     real(const complex<_Tp>& __z)
      |     ^~~~
/usr/include/c++/15.1.1/complex:611:5: note: template argument deduction/substitution failed:
/home/g/Research/FFirefly/src/objects/CMData/tests/all.cpp:435:24: note:   ‘__gnu_cxx::__alloc_traits<std::allocator<std::vector<std::complex<float> > >, std::vector<std::complex<float> > >::value_type’ {aka ‘std::vector<std::complex<float> >’} is not derived from ‘const std::complex<_Tp>’
  435 |     Vec load_val = real(loaddata.values[2]);
      |                    ~~~~^~~~~~~~~~~~~~~~~~~~
/usr/include/c++/15.1.1/complex:2557:5: note: candidate 2: ‘template<class _Tp> constexpr typename __gnu_cxx::__promote<_Tp, std::__is_integer<_Tp>::__value>::__type std::real(_Tp)’
 2557 |     real(_Tp __x)
      |     ^~~~
/usr/include/c++/15.1.1/complex:2557:5: note: template argument deduction/substitution failed:
/usr/include/c++/15.1.1/complex: In substitution of ‘template<class _Tp> constexpr typename __gnu_cxx::__promote<_Tp, std::__is_integer<_Tp>::__value>::__type std::real(_Tp) [with _Tp = std::vector<std::complex<float> >]’:
/home/g/Research/FFirefly/src/objects/CMData/tests/all.cpp:435:24:   required from here
  435 |     Vec load_val = real(loaddata.values[2]);
      |                    ~~~~^~~~~~~~~~~~~~~~~~~~
/usr/include/c++/15.1.1/complex:2557:5: error: no type named ‘__type’ in ‘struct __gnu_cxx::__promote<std::vector<std::complex<float> >, false>’
 2557 |     real(_Tp __x)
      |     ^~~~
/home/g/Research/FFirefly/src/objects/CMData/tests/all.cpp: In function ‘bool readwrite_2d_vector()’:
/home/g/Research/FFirefly/src/objects/CMData/tests/all.cpp:457:61: error: no matching function for call to ‘CMData::CMData(std::vector<Vec>&, std::vector<std::complex<Vec> >&, int, bool, bool, bool, bool)’
  457 |     CMData data(points, values, 2, false, false, false, true);
      |                                                             ^
/home/g/Research/FFirefly/src/objects/CMData/tests/all.cpp:457:61: note: there are 4 candidates
/home/g/Research/FFirefly/src/objects/CMData/tests/../cmdata.hpp:24:9: note: candidate 1: ‘CMData::CMData(std::vector<std::vector<float> >&, std::vector<std::vector<std::complex<float> > >&, int, bool, bool, bool, bool)’
   24 |         CMData(vector<vector<float>> &points, vector<vector<complex<float>>> &values, int dimension, bool with_w, bool with_n, bool is_complex, bool is_vector);
      |         ^~~~~~
/home/g/Research/FFirefly/src/objects/CMData/tests/../cmdata.hpp:24:39: note: no known conversion for argument 1 from ‘std::vector<Vec>’ to ‘std::vector<std::vector<float> >&’
   24 |         CMData(vector<vector<float>> &points, vector<vector<complex<float>>> &values, int dimension, bool with_w, bool with_n, bool is_complex, bool is_vector);
      |                ~~~~~~~~~~~~~~~~~~~~~~~^~~~~~
/home/g/Research/FFirefly/src/objects/CMData/tests/../cmdata.hpp:26:9: note: candidate 2: ‘CMData::CMData(std::string)’
   26 |         CMData(string filename);
      |         ^~~~~~
/home/g/Research/FFirefly/src/objects/CMData/tests/../cmdata.hpp:26:9: note: candidate expects 1 argument, 7 provided
/home/g/Research/FFirefly/src/objects/CMData/tests/../cmdata.hpp:22:9: note: candidate 3: ‘CMData::CMData()’
   22 |         CMData();
      |         ^~~~~~
/home/g/Research/FFirefly/src/objects/CMData/tests/../cmdata.hpp:22:9: note: candidate expects 0 arguments, 7 provided
/home/g/Research/FFirefly/src/objects/CMData/tests/../cmdata.hpp:8:7: note: candidate 4: ‘constexpr CMData::CMData(const CMData&)’
    8 | class CMData {
      |       ^~~~~~
/home/g/Research/FFirefly/src/objects/CMData/tests/../cmdata.hpp:8:7: note: candidate expects 1 argument, 7 provided
/home/g/Research/FFirefly/src/objects/CMData/tests/all.cpp:459:36: error: no match for call to ‘(__gnu_cxx::__alloc_traits<std::allocator<std::vector<float> >, std::vector<float> >::value_type {aka std::vector<float>}) (int)’
  459 |     float data_pnt = data.points[2](0);
      |                      ~~~~~~~~~~~~~~^~~
/home/g/Research/FFirefly/src/objects/CMData/tests/all.cpp:460:24: error: no matching function for call to ‘real(__gnu_cxx::__alloc_traits<std::allocator<std::vector<std::complex<float> > >, std::vector<std::complex<float> > >::value_type&)’
  460 |     Vec data_val = real(data.values[2]);
      |                    ~~~~^~~~~~~~~~~~~~~~
/home/g/Research/FFirefly/src/objects/CMData/tests/all.cpp:460:24: note: there are 2 candidates
/usr/include/c++/15.1.1/complex:611:5: note: candidate 1: ‘template<class _Tp> constexpr _Tp std::real(const complex<_Tp>&)’
  611 |     real(const complex<_Tp>& __z)
      |     ^~~~
/usr/include/c++/15.1.1/complex:611:5: note: template argument deduction/substitution failed:
/home/g/Research/FFirefly/src/objects/CMData/tests/all.cpp:460:24: note:   ‘__gnu_cxx::__alloc_traits<std::allocator<std::vector<std::complex<float> > >, std::vector<std::complex<float> > >::value_type’ {aka ‘std::vector<std::complex<float> >’} is not derived from ‘const std::complex<_Tp>’
  460 |     Vec data_val = real(data.values[2]);
      |                    ~~~~^~~~~~~~~~~~~~~~
/usr/include/c++/15.1.1/complex:2557:5: note: candidate 2: ‘template<class _Tp> constexpr typename __gnu_cxx::__promote<_Tp, std::__is_integer<_Tp>::__value>::__type std::real(_Tp)’
 2557 |     real(_Tp __x)
      |     ^~~~
/usr/include/c++/15.1.1/complex:2557:5: note: template argument deduction/substitution failed:
/usr/include/c++/15.1.1/complex: In substitution of ‘template<class _Tp> constexpr typename __gnu_cxx::__promote<_Tp, std::__is_integer<_Tp>::__value>::__type std::real(_Tp) [with _Tp = std::vector<std::complex<float> >]’:
/home/g/Research/FFirefly/src/objects/CMData/tests/all.cpp:460:24:   required from here
  460 |     Vec data_val = real(data.values[2]);
      |                    ~~~~^~~~~~~~~~~~~~~~
/usr/include/c++/15.1.1/complex:2557:5: error: no type named ‘__type’ in ‘struct __gnu_cxx::__promote<std::vector<std::complex<float> >, false>’
 2557 |     real(_Tp __x)
      |     ^~~~
/home/g/Research/FFirefly/src/objects/CMData/tests/all.cpp:468:40: error: no match for call to ‘(__gnu_cxx::__alloc_traits<std::allocator<std::vector<float> >, std::vector<float> >::value_type {aka std::vector<float>}) (int)’
  468 |     float load_pnt = loaddata.points[2](0);
      |                      ~~~~~~~~~~~~~~~~~~^~~
/home/g/Research/FFirefly/src/objects/CMData/tests/all.cpp:469:24: error: no matching function for call to ‘real(__gnu_cxx::__alloc_traits<std::allocator<std::vector<std::complex<float> > >, std::vector<std::complex<float> > >::value_type&)’
  469 |     Vec load_val = real(loaddata.values[2]);
      |                    ~~~~^~~~~~~~~~~~~~~~~~~~
/home/g/Research/FFirefly/src/objects/CMData/tests/all.cpp:469:24: note: there are 2 candidates
/usr/include/c++/15.1.1/complex:611:5: note: candidate 1: ‘template<class _Tp> constexpr _Tp std::real(const complex<_Tp>&)’
  611 |     real(const complex<_Tp>& __z)
      |     ^~~~
/usr/include/c++/15.1.1/complex:611:5: note: template argument deduction/substitution failed:
/home/g/Research/FFirefly/src/objects/CMData/tests/all.cpp:469:24: note:   ‘__gnu_cxx::__alloc_traits<std::allocator<std::vector<std::complex<float> > >, std::vector<std::complex<float> > >::value_type’ {aka ‘std::vector<std::complex<float> >’} is not derived from ‘const std::complex<_Tp>’
  469 |     Vec load_val = real(loaddata.values[2]);
      |                    ~~~~^~~~~~~~~~~~~~~~~~~~
/usr/include/c++/15.1.1/complex:2557:5: note: candidate 2: ‘template<class _Tp> constexpr typename __gnu_cxx::__promote<_Tp, std::__is_integer<_Tp>::__value>::__type std::real(_Tp)’
 2557 |     real(_Tp __x)
      |     ^~~~
/usr/include/c++/15.1.1/complex:2557:5: note: template argument deduction/substitution failed:
/usr/include/c++/15.1.1/complex: In substitution of ‘template<class _Tp> constexpr typename __gnu_cxx::__promote<_Tp, std::__is_integer<_Tp>::__value>::__type std::real(_Tp) [with _Tp = std::vector<std::complex<float> >]’:
/home/g/Research/FFirefly/src/objects/CMData/tests/all.cpp:469:24:   required from here
  469 |     Vec load_val = real(loaddata.values[2]);
      |                    ~~~~^~~~~~~~~~~~~~~~~~~~
/usr/include/c++/15.1.1/complex:2557:5: error: no type named ‘__type’ in ‘struct __gnu_cxx::__promote<std::vector<std::complex<float> >, false>’
 2557 |     real(_Tp __x)
      |     ^~~~
/home/g/Research/FFirefly/src/objects/CMData/tests/all.cpp: In function ‘bool readwrite_3d_vector()’:
/home/g/Research/FFirefly/src/objects/CMData/tests/all.cpp:493:61: error: no matching function for call to ‘CMData::CMData(std::vector<Vec>&, std::vector<std::complex<Vec> >&, int, bool, bool, bool, bool)’
  493 |     CMData data(points, values, 3, false, false, false, true);
      |                                                             ^
/home/g/Research/FFirefly/src/objects/CMData/tests/all.cpp:493:61: note: there are 4 candidates
/home/g/Research/FFirefly/src/objects/CMData/tests/../cmdata.hpp:24:9: note: candidate 1: ‘CMData::CMData(std::vector<std::vector<float> >&, std::vector<std::vector<std::complex<float> > >&, int, bool, bool, bool, bool)’
   24 |         CMData(vector<vector<float>> &points, vector<vector<complex<float>>> &values, int dimension, bool with_w, bool with_n, bool is_complex, bool is_vector);
      |         ^~~~~~
/home/g/Research/FFirefly/src/objects/CMData/tests/../cmdata.hpp:24:39: note: no known conversion for argument 1 from ‘std::vector<Vec>’ to ‘std::vector<std::vector<float> >&’
   24 |         CMData(vector<vector<float>> &points, vector<vector<complex<float>>> &values, int dimension, bool with_w, bool with_n, bool is_complex, bool is_vector);
      |                ~~~~~~~~~~~~~~~~~~~~~~~^~~~~~
/home/g/Research/FFirefly/src/objects/CMData/tests/../cmdata.hpp:26:9: note: candidate 2: ‘CMData::CMData(std::string)’
   26 |         CMData(string filename);
      |         ^~~~~~
/home/g/Research/FFirefly/src/objects/CMData/tests/../cmdata.hpp:26:9: note: candidate expects 1 argument, 7 provided
/home/g/Research/FFirefly/src/objects/CMData/tests/../cmdata.hpp:22:9: note: candidate 3: ‘CMData::CMData()’
   22 |         CMData();
      |         ^~~~~~
/home/g/Research/FFirefly/src/objects/CMData/tests/../cmdata.hpp:22:9: note: candidate expects 0 arguments, 7 provided
/home/g/Research/FFirefly/src/objects/CMData/tests/../cmdata.hpp:8:7: note: candidate 4: ‘constexpr CMData::CMData(const CMData&)’
    8 | class CMData {
      |       ^~~~~~
/home/g/Research/FFirefly/src/objects/CMData/tests/../cmdata.hpp:8:7: note: candidate expects 1 argument, 7 provided
/home/g/Research/FFirefly/src/objects/CMData/tests/all.cpp:495:36: error: no match for call to ‘(__gnu_cxx::__alloc_traits<std::allocator<std::vector<float> >, std::vector<float> >::value_type {aka std::vector<float>}) (int)’
  495 |     float data_pnt = data.points[2](0);
      |                      ~~~~~~~~~~~~~~^~~
/home/g/Research/FFirefly/src/objects/CMData/tests/all.cpp:496:24: error: no matching function for call to ‘real(__gnu_cxx::__alloc_traits<std::allocator<std::vector<std::complex<float> > >, std::vector<std::complex<float> > >::value_type&)’
  496 |     Vec data_val = real(data.values[2]);
      |                    ~~~~^~~~~~~~~~~~~~~~
/home/g/Research/FFirefly/src/objects/CMData/tests/all.cpp:496:24: note: there are 2 candidates
/usr/include/c++/15.1.1/complex:611:5: note: candidate 1: ‘template<class _Tp> constexpr _Tp std::real(const complex<_Tp>&)’
  611 |     real(const complex<_Tp>& __z)
      |     ^~~~
/usr/include/c++/15.1.1/complex:611:5: note: template argument deduction/substitution failed:
/home/g/Research/FFirefly/src/objects/CMData/tests/all.cpp:496:24: note:   ‘__gnu_cxx::__alloc_traits<std::allocator<std::vector<std::complex<float> > >, std::vector<std::complex<float> > >::value_type’ {aka ‘std::vector<std::complex<float> >’} is not derived from ‘const std::complex<_Tp>’
  496 |     Vec data_val = real(data.values[2]);
      |                    ~~~~^~~~~~~~~~~~~~~~
/usr/include/c++/15.1.1/complex:2557:5: note: candidate 2: ‘template<class _Tp> constexpr typename __gnu_cxx::__promote<_Tp, std::__is_integer<_Tp>::__value>::__type std::real(_Tp)’
 2557 |     real(_Tp __x)
      |     ^~~~
/usr/include/c++/15.1.1/complex:2557:5: note: template argument deduction/substitution failed:
/usr/include/c++/15.1.1/complex: In substitution of ‘template<class _Tp> constexpr typename __gnu_cxx::__promote<_Tp, std::__is_integer<_Tp>::__value>::__type std::real(_Tp) [with _Tp = std::vector<std::complex<float> >]’:
/home/g/Research/FFirefly/src/objects/CMData/tests/all.cpp:496:24:   required from here
  496 |     Vec data_val = real(data.values[2]);
      |                    ~~~~^~~~~~~~~~~~~~~~
/usr/include/c++/15.1.1/complex:2557:5: error: no type named ‘__type’ in ‘struct __gnu_cxx::__promote<std::vector<std::complex<float> >, false>’
 2557 |     real(_Tp __x)
      |     ^~~~
/home/g/Research/FFirefly/src/objects/CMData/tests/all.cpp:504:40: error: no match for call to ‘(__gnu_cxx::__alloc_traits<std::allocator<std::vector<float> >, std::vector<float> >::value_type {aka std::vector<float>}) (int)’
  504 |     float load_pnt = loaddata.points[2](0);
      |                      ~~~~~~~~~~~~~~~~~~^~~
/home/g/Research/FFirefly/src/objects/CMData/tests/all.cpp:505:24: error: no matching function for call to ‘real(__gnu_cxx::__alloc_traits<std::allocator<std::vector<std::complex<float> > >, std::vector<std::complex<float> > >::value_type&)’
  505 |     Vec load_val = real(loaddata.values[2]);
      |                    ~~~~^~~~~~~~~~~~~~~~~~~~
/home/g/Research/FFirefly/src/objects/CMData/tests/all.cpp:505:24: note: there are 2 candidates
/usr/include/c++/15.1.1/complex:611:5: note: candidate 1: ‘template<class _Tp> constexpr _Tp std::real(const complex<_Tp>&)’
  611 |     real(const complex<_Tp>& __z)
      |     ^~~~
/usr/include/c++/15.1.1/complex:611:5: note: template argument deduction/substitution failed:
/home/g/Research/FFirefly/src/objects/CMData/tests/all.cpp:505:24: note:   ‘__gnu_cxx::__alloc_traits<std::allocator<std::vector<std::complex<float> > >, std::vector<std::complex<float> > >::value_type’ {aka ‘std::vector<std::complex<float> >’} is not derived from ‘const std::complex<_Tp>’
  505 |     Vec load_val = real(loaddata.values[2]);
      |                    ~~~~^~~~~~~~~~~~~~~~~~~~
/usr/include/c++/15.1.1/complex:2557:5: note: candidate 2: ‘template<class _Tp> constexpr typename __gnu_cxx::__promote<_Tp, std::__is_integer<_Tp>::__value>::__type std::real(_Tp)’
 2557 |     real(_Tp __x)
      |     ^~~~
/usr/include/c++/15.1.1/complex:2557:5: note: template argument deduction/substitution failed:
/usr/include/c++/15.1.1/complex: In substitution of ‘template<class _Tp> constexpr typename __gnu_cxx::__promote<_Tp, std::__is_integer<_Tp>::__value>::__type std::real(_Tp) [with _Tp = std::vector<std::complex<float> >]’:
/home/g/Research/FFirefly/src/objects/CMData/tests/all.cpp:505:24:   required from here
  505 |     Vec load_val = real(loaddata.values[2]);
      |                    ~~~~^~~~~~~~~~~~~~~~~~~~
/usr/include/c++/15.1.1/complex:2557:5: error: no type named ‘__type’ in ‘struct __gnu_cxx::__promote<std::vector<std::complex<float> >, false>’
 2557 |     real(_Tp __x)
      |     ^~~~
/home/g/Research/FFirefly/src/objects/CMData/tests/all.cpp: In function ‘bool readwrite_1d_complexvector()’:
/home/g/Research/FFirefly/src/objects/CMData/tests/all.cpp:524:60: error: no matching function for call to ‘CMData::CMData(std::vector<Vec>&, std::vector<std::complex<Vec> >&, int, bool, bool, bool, bool)’
  524 |     CMData data(points, values, 1, false, false, true, true);
      |                                                            ^
/home/g/Research/FFirefly/src/objects/CMData/tests/all.cpp:524:60: note: there are 4 candidates
/home/g/Research/FFirefly/src/objects/CMData/tests/../cmdata.hpp:24:9: note: candidate 1: ‘CMData::CMData(std::vector<std::vector<float> >&, std::vector<std::vector<std::complex<float> > >&, int, bool, bool, bool, bool)’
   24 |         CMData(vector<vector<float>> &points, vector<vector<complex<float>>> &values, int dimension, bool with_w, bool with_n, bool is_complex, bool is_vector);
      |         ^~~~~~
/home/g/Research/FFirefly/src/objects/CMData/tests/../cmdata.hpp:24:39: note: no known conversion for argument 1 from ‘std::vector<Vec>’ to ‘std::vector<std::vector<float> >&’
   24 |         CMData(vector<vector<float>> &points, vector<vector<complex<float>>> &values, int dimension, bool with_w, bool with_n, bool is_complex, bool is_vector);
      |                ~~~~~~~~~~~~~~~~~~~~~~~^~~~~~
/home/g/Research/FFirefly/src/objects/CMData/tests/../cmdata.hpp:26:9: note: candidate 2: ‘CMData::CMData(std::string)’
   26 |         CMData(string filename);
      |         ^~~~~~
/home/g/Research/FFirefly/src/objects/CMData/tests/../cmdata.hpp:26:9: note: candidate expects 1 argument, 7 provided
/home/g/Research/FFirefly/src/objects/CMData/tests/../cmdata.hpp:22:9: note: candidate 3: ‘CMData::CMData()’
   22 |         CMData();
      |         ^~~~~~
/home/g/Research/FFirefly/src/objects/CMData/tests/../cmdata.hpp:22:9: note: candidate expects 0 arguments, 7 provided
/home/g/Research/FFirefly/src/objects/CMData/tests/../cmdata.hpp:8:7: note: candidate 4: ‘constexpr CMData::CMData(const CMData&)’
    8 | class CMData {
      |       ^~~~~~
/home/g/Research/FFirefly/src/objects/CMData/tests/../cmdata.hpp:8:7: note: candidate expects 1 argument, 7 provided
/home/g/Research/FFirefly/src/objects/CMData/tests/all.cpp:526:36: error: no match for call to ‘(__gnu_cxx::__alloc_traits<std::allocator<std::vector<float> >, std::vector<float> >::value_type {aka std::vector<float>}) (int)’
  526 |     float data_pnt = data.points[2](0);
      |                      ~~~~~~~~~~~~~~^~~
/home/g/Research/FFirefly/src/objects/CMData/tests/all.cpp:527:42: error: conversion from ‘__gnu_cxx::__alloc_traits<std::allocator<std::vector<std::complex<float> > >, std::vector<std::complex<float> > >::value_type’ {aka ‘std::vector<std::complex<float> >’} to non-scalar type ‘std::complex<Vec>’ requested
  527 |     complex<Vec> data_val = data.values[2];
      |                                          ^
/home/g/Research/FFirefly/src/objects/CMData/tests/all.cpp:535:40: error: no match for call to ‘(__gnu_cxx::__alloc_traits<std::allocator<std::vector<float> >, std::vector<float> >::value_type {aka std::vector<float>}) (int)’
  535 |     float load_pnt = loaddata.points[2](0);
      |                      ~~~~~~~~~~~~~~~~~~^~~
/home/g/Research/FFirefly/src/objects/CMData/tests/all.cpp:536:46: error: conversion from ‘__gnu_cxx::__alloc_traits<std::allocator<std::vector<std::complex<float> > >, std::vector<std::complex<float> > >::value_type’ {aka ‘std::vector<std::complex<float> >’} to non-scalar type ‘std::complex<Vec>’ requested
  536 |     complex<Vec> load_val = loaddata.values[2];
      |                                              ^
/home/g/Research/FFirefly/src/objects/CMData/tests/all.cpp: In function ‘bool readwrite_2d_complexvector()’:
/home/g/Research/FFirefly/src/objects/CMData/tests/all.cpp:557:60: error: no matching function for call to ‘CMData::CMData(std::vector<Vec>&, std::vector<std::complex<Vec> >&, int, bool, bool, bool, bool)’
  557 |     CMData data(points, values, 2, false, false, true, true);
      |                                                            ^
/home/g/Research/FFirefly/src/objects/CMData/tests/all.cpp:557:60: note: there are 4 candidates
/home/g/Research/FFirefly/src/objects/CMData/tests/../cmdata.hpp:24:9: note: candidate 1: ‘CMData::CMData(std::vector<std::vector<float> >&, std::vector<std::vector<std::complex<float> > >&, int, bool, bool, bool, bool)’
   24 |         CMData(vector<vector<float>> &points, vector<vector<complex<float>>> &values, int dimension, bool with_w, bool with_n, bool is_complex, bool is_vector);
      |         ^~~~~~
/home/g/Research/FFirefly/src/objects/CMData/tests/../cmdata.hpp:24:39: note: no known conversion for argument 1 from ‘std::vector<Vec>’ to ‘std::vector<std::vector<float> >&’
   24 |         CMData(vector<vector<float>> &points, vector<vector<complex<float>>> &values, int dimension, bool with_w, bool with_n, bool is_complex, bool is_vector);
      |                ~~~~~~~~~~~~~~~~~~~~~~~^~~~~~
/home/g/Research/FFirefly/src/objects/CMData/tests/../cmdata.hpp:26:9: note: candidate 2: ‘CMData::CMData(std::string)’
   26 |         CMData(string filename);
      |         ^~~~~~
/home/g/Research/FFirefly/src/objects/CMData/tests/../cmdata.hpp:26:9: note: candidate expects 1 argument, 7 provided
/home/g/Research/FFirefly/src/objects/CMData/tests/../cmdata.hpp:22:9: note: candidate 3: ‘CMData::CMData()’
   22 |         CMData();
      |         ^~~~~~
/home/g/Research/FFirefly/src/objects/CMData/tests/../cmdata.hpp:22:9: note: candidate expects 0 arguments, 7 provided
/home/g/Research/FFirefly/src/objects/CMData/tests/../cmdata.hpp:8:7: note: candidate 4: ‘constexpr CMData::CMData(const CMData&)’
    8 | class CMData {
      |       ^~~~~~
/home/g/Research/FFirefly/src/objects/CMData/tests/../cmdata.hpp:8:7: note: candidate expects 1 argument, 7 provided
/home/g/Research/FFirefly/src/objects/CMData/tests/all.cpp:559:36: error: no match for call to ‘(__gnu_cxx::__alloc_traits<std::allocator<std::vector<float> >, std::vector<float> >::value_type {aka std::vector<float>}) (int)’
  559 |     float data_pnt = data.points[2](0);
      |                      ~~~~~~~~~~~~~~^~~
/home/g/Research/FFirefly/src/objects/CMData/tests/all.cpp:560:42: error: conversion from ‘__gnu_cxx::__alloc_traits<std::allocator<std::vector<std::complex<float> > >, std::vector<std::complex<float> > >::value_type’ {aka ‘std::vector<std::complex<float> >’} to non-scalar type ‘std::complex<Vec>’ requested
  560 |     complex<Vec> data_val = data.values[2];
      |                                          ^
/home/g/Research/FFirefly/src/objects/CMData/tests/all.cpp:568:40: error: no match for call to ‘(__gnu_cxx::__alloc_traits<std::allocator<std::vector<float> >, std::vector<float> >::value_type {aka std::vector<float>}) (int)’
  568 |     float load_pnt = loaddata.points[2](0);
      |                      ~~~~~~~~~~~~~~~~~~^~~
/home/g/Research/FFirefly/src/objects/CMData/tests/all.cpp:569:46: error: conversion from ‘__gnu_cxx::__alloc_traits<std::allocator<std::vector<std::complex<float> > >, std::vector<std::complex<float> > >::value_type’ {aka ‘std::vector<std::complex<float> >’} to non-scalar type ‘std::complex<Vec>’ requested
  569 |     complex<Vec> load_val = loaddata.values[2];
      |                                              ^
/home/g/Research/FFirefly/src/objects/CMData/tests/all.cpp: In function ‘bool readwrite_3d_complexvector()’:
/home/g/Research/FFirefly/src/objects/CMData/tests/all.cpp:592:60: error: no matching function for call to ‘CMData::CMData(std::vector<Vec>&, std::vector<std::complex<Vec> >&, int, bool, bool, bool, bool)’
  592 |     CMData data(points, values, 3, false, false, true, true);
      |                                                            ^
/home/g/Research/FFirefly/src/objects/CMData/tests/all.cpp:592:60: note: there are 4 candidates
/home/g/Research/FFirefly/src/objects/CMData/tests/../cmdata.hpp:24:9: note: candidate 1: ‘CMData::CMData(std::vector<std::vector<float> >&, std::vector<std::vector<std::complex<float> > >&, int, bool, bool, bool, bool)’
   24 |         CMData(vector<vector<float>> &points, vector<vector<complex<float>>> &values, int dimension, bool with_w, bool with_n, bool is_complex, bool is_vector);
      |         ^~~~~~
/home/g/Research/FFirefly/src/objects/CMData/tests/../cmdata.hpp:24:39: note: no known conversion for argument 1 from ‘std::vector<Vec>’ to ‘std::vector<std::vector<float> >&’
   24 |         CMData(vector<vector<float>> &points, vector<vector<complex<float>>> &values, int dimension, bool with_w, bool with_n, bool is_complex, bool is_vector);
      |                ~~~~~~~~~~~~~~~~~~~~~~~^~~~~~
/home/g/Research/FFirefly/src/objects/CMData/tests/../cmdata.hpp:26:9: note: candidate 2: ‘CMData::CMData(std::string)’
   26 |         CMData(string filename);
      |         ^~~~~~
/home/g/Research/FFirefly/src/objects/CMData/tests/../cmdata.hpp:26:9: note: candidate expects 1 argument, 7 provided
/home/g/Research/FFirefly/src/objects/CMData/tests/../cmdata.hpp:22:9: note: candidate 3: ‘CMData::CMData()’
   22 |         CMData();
      |         ^~~~~~
/home/g/Research/FFirefly/src/objects/CMData/tests/../cmdata.hpp:22:9: note: candidate expects 0 arguments, 7 provided
/home/g/Research/FFirefly/src/objects/CMData/tests/../cmdata.hpp:8:7: note: candidate 4: ‘constexpr CMData::CMData(const CMData&)’
    8 | class CMData {
      |       ^~~~~~
/home/g/Research/FFirefly/src/objects/CMData/tests/../cmdata.hpp:8:7: note: candidate expects 1 argument, 7 provided
/home/g/Research/FFirefly/src/objects/CMData/tests/all.cpp:594:36: error: no match for call to ‘(__gnu_cxx::__alloc_traits<std::allocator<std::vector<float> >, std::vector<float> >::value_type {aka std::vector<float>}) (int)’
  594 |     float data_pnt = data.points[2](0);
      |                      ~~~~~~~~~~~~~~^~~
/home/g/Research/FFirefly/src/objects/CMData/tests/all.cpp:595:42: error: conversion from ‘__gnu_cxx::__alloc_traits<std::allocator<std::vector<std::complex<float> > >, std::vector<std::complex<float> > >::value_type’ {aka ‘std::vector<std::complex<float> >’} to non-scalar type ‘std::complex<Vec>’ requested
  595 |     complex<Vec> data_val = data.values[2];
      |                                          ^
/home/g/Research/FFirefly/src/objects/CMData/tests/all.cpp:603:40: error: no match for call to ‘(__gnu_cxx::__alloc_traits<std::allocator<std::vector<float> >, std::vector<float> >::value_type {aka std::vector<float>}) (int)’
  603 |     float load_pnt = loaddata.points[2](0);
      |                      ~~~~~~~~~~~~~~~~~~^~~
/home/g/Research/FFirefly/src/objects/CMData/tests/all.cpp:604:46: error: conversion from ‘__gnu_cxx::__alloc_traits<std::allocator<std::vector<std::complex<float> > >, std::vector<std::complex<float> > >::value_type’ {aka ‘std::vector<std::complex<float> >’} to non-scalar type ‘std::complex<Vec>’ requested
  604 |     complex<Vec> load_val = loaddata.values[2];
      |                                              ^
/home/g/Research/FFirefly/src/objects/CMData/tests/all.cpp: In function ‘bool readwrite_0d_complexvector_with_w()’:
/home/g/Research/FFirefly/src/objects/CMData/tests/all.cpp:623:59: error: no matching function for call to ‘CMData::CMData(std::vector<Vec>&, std::vector<std::complex<Vec> >&, int, bool, bool, bool, bool)’
  623 |     CMData data(points, values, 0, true, false, true, true);
      |                                                           ^
/home/g/Research/FFirefly/src/objects/CMData/tests/all.cpp:623:59: note: there are 4 candidates
/home/g/Research/FFirefly/src/objects/CMData/tests/../cmdata.hpp:24:9: note: candidate 1: ‘CMData::CMData(std::vector<std::vector<float> >&, std::vector<std::vector<std::complex<float> > >&, int, bool, bool, bool, bool)’
   24 |         CMData(vector<vector<float>> &points, vector<vector<complex<float>>> &values, int dimension, bool with_w, bool with_n, bool is_complex, bool is_vector);
      |         ^~~~~~
/home/g/Research/FFirefly/src/objects/CMData/tests/../cmdata.hpp:24:39: note: no known conversion for argument 1 from ‘std::vector<Vec>’ to ‘std::vector<std::vector<float> >&’
   24 |         CMData(vector<vector<float>> &points, vector<vector<complex<float>>> &values, int dimension, bool with_w, bool with_n, bool is_complex, bool is_vector);
      |                ~~~~~~~~~~~~~~~~~~~~~~~^~~~~~
/home/g/Research/FFirefly/src/objects/CMData/tests/../cmdata.hpp:26:9: note: candidate 2: ‘CMData::CMData(std::string)’
   26 |         CMData(string filename);
      |         ^~~~~~
/home/g/Research/FFirefly/src/objects/CMData/tests/../cmdata.hpp:26:9: note: candidate expects 1 argument, 7 provided
/home/g/Research/FFirefly/src/objects/CMData/tests/../cmdata.hpp:22:9: note: candidate 3: ‘CMData::CMData()’
   22 |         CMData();
      |         ^~~~~~
/home/g/Research/FFirefly/src/objects/CMData/tests/../cmdata.hpp:22:9: note: candidate expects 0 arguments, 7 provided
/home/g/Research/FFirefly/src/objects/CMData/tests/../cmdata.hpp:8:7: note: candidate 4: ‘constexpr CMData::CMData(const CMData&)’
    8 | class CMData {
      |       ^~~~~~
/home/g/Research/FFirefly/src/objects/CMData/tests/../cmdata.hpp:8:7: note: candidate expects 1 argument, 7 provided
/home/g/Research/FFirefly/src/objects/CMData/tests/all.cpp:625:36: error: no match for call to ‘(__gnu_cxx::__alloc_traits<std::allocator<std::vector<float> >, std::vector<float> >::value_type {aka std::vector<float>}) (int)’
  625 |     float data_pnt = data.points[2](0);
      |                      ~~~~~~~~~~~~~~^~~
/home/g/Research/FFirefly/src/objects/CMData/tests/all.cpp:626:42: error: conversion from ‘__gnu_cxx::__alloc_traits<std::allocator<std::vector<std::complex<float> > >, std::vector<std::complex<float> > >::value_type’ {aka ‘std::vector<std::complex<float> >’} to non-scalar type ‘std::complex<Vec>’ requested
  626 |     complex<Vec> data_val = data.values[2];
      |                                          ^
/home/g/Research/FFirefly/src/objects/CMData/tests/all.cpp:634:40: error: no match for call to ‘(__gnu_cxx::__alloc_traits<std::allocator<std::vector<float> >, std::vector<float> >::value_type {aka std::vector<float>}) (int)’
  634 |     float load_pnt = loaddata.points[2](0);
      |                      ~~~~~~~~~~~~~~~~~~^~~
/home/g/Research/FFirefly/src/objects/CMData/tests/all.cpp:635:46: error: conversion from ‘__gnu_cxx::__alloc_traits<std::allocator<std::vector<std::complex<float> > >, std::vector<std::complex<float> > >::value_type’ {aka ‘std::vector<std::complex<float> >’} to non-scalar type ‘std::complex<Vec>’ requested
  635 |     complex<Vec> load_val = loaddata.values[2];
      |                                              ^
/home/g/Research/FFirefly/src/objects/CMData/tests/all.cpp: In function ‘bool readwrite_1d_complexvector_with_w()’:
/home/g/Research/FFirefly/src/objects/CMData/tests/all.cpp:654:59: error: no matching function for call to ‘CMData::CMData(std::vector<Vec>&, std::vector<std::complex<Vec> >&, int, bool, bool, bool, bool)’
  654 |     CMData data(points, values, 1, true, false, true, true);
      |                                                           ^
/home/g/Research/FFirefly/src/objects/CMData/tests/all.cpp:654:59: note: there are 4 candidates
/home/g/Research/FFirefly/src/objects/CMData/tests/../cmdata.hpp:24:9: note: candidate 1: ‘CMData::CMData(std::vector<std::vector<float> >&, std::vector<std::vector<std::complex<float> > >&, int, bool, bool, bool, bool)’
   24 |         CMData(vector<vector<float>> &points, vector<vector<complex<float>>> &values, int dimension, bool with_w, bool with_n, bool is_complex, bool is_vector);
      |         ^~~~~~
/home/g/Research/FFirefly/src/objects/CMData/tests/../cmdata.hpp:24:39: note: no known conversion for argument 1 from ‘std::vector<Vec>’ to ‘std::vector<std::vector<float> >&’
   24 |         CMData(vector<vector<float>> &points, vector<vector<complex<float>>> &values, int dimension, bool with_w, bool with_n, bool is_complex, bool is_vector);
      |                ~~~~~~~~~~~~~~~~~~~~~~~^~~~~~
/home/g/Research/FFirefly/src/objects/CMData/tests/../cmdata.hpp:26:9: note: candidate 2: ‘CMData::CMData(std::string)’
   26 |         CMData(string filename);
      |         ^~~~~~
/home/g/Research/FFirefly/src/objects/CMData/tests/../cmdata.hpp:26:9: note: candidate expects 1 argument, 7 provided
/home/g/Research/FFirefly/src/objects/CMData/tests/../cmdata.hpp:22:9: note: candidate 3: ‘CMData::CMData()’
   22 |         CMData();
      |         ^~~~~~
/home/g/Research/FFirefly/src/objects/CMData/tests/../cmdata.hpp:22:9: note: candidate expects 0 arguments, 7 provided
/home/g/Research/FFirefly/src/objects/CMData/tests/../cmdata.hpp:8:7: note: candidate 4: ‘constexpr CMData::CMData(const CMData&)’
    8 | class CMData {
      |       ^~~~~~
/home/g/Research/FFirefly/src/objects/CMData/tests/../cmdata.hpp:8:7: note: candidate expects 1 argument, 7 provided
/home/g/Research/FFirefly/src/objects/CMData/tests/all.cpp:656:36: error: no match for call to ‘(__gnu_cxx::__alloc_traits<std::allocator<std::vector<float> >, std::vector<float> >::value_type {aka std::vector<float>}) (int)’
  656 |     float data_pnt = data.points[2](0);
      |                      ~~~~~~~~~~~~~~^~~
/home/g/Research/FFirefly/src/objects/CMData/tests/all.cpp:657:42: error: conversion from ‘__gnu_cxx::__alloc_traits<std::allocator<std::vector<std::complex<float> > >, std::vector<std::complex<float> > >::value_type’ {aka ‘std::vector<std::complex<float> >’} to non-scalar type ‘std::complex<Vec>’ requested
  657 |     complex<Vec> data_val = data.values[2];
      |                                          ^
/home/g/Research/FFirefly/src/objects/CMData/tests/all.cpp:665:40: error: no match for call to ‘(__gnu_cxx::__alloc_traits<std::allocator<std::vector<float> >, std::vector<float> >::value_type {aka std::vector<float>}) (int)’
  665 |     float load_pnt = loaddata.points[2](0);
      |                      ~~~~~~~~~~~~~~~~~~^~~
/home/g/Research/FFirefly/src/objects/CMData/tests/all.cpp:666:46: error: conversion from ‘__gnu_cxx::__alloc_traits<std::allocator<std::vector<std::complex<float> > >, std::vector<std::complex<float> > >::value_type’ {aka ‘std::vector<std::complex<float> >’} to non-scalar type ‘std::complex<Vec>’ requested
  666 |     complex<Vec> load_val = loaddata.values[2];
      |                                              ^
/home/g/Research/FFirefly/src/objects/CMData/tests/all.cpp: In function ‘bool readwrite_2d_complexvector_with_w()’:
/home/g/Research/FFirefly/src/objects/CMData/tests/all.cpp:687:59: error: no matching function for call to ‘CMData::CMData(std::vector<Vec>&, std::vector<std::complex<Vec> >&, int, bool, bool, bool, bool)’
  687 |     CMData data(points, values, 2, true, false, true, true);
      |                                                           ^
/home/g/Research/FFirefly/src/objects/CMData/tests/all.cpp:687:59: note: there are 4 candidates
/home/g/Research/FFirefly/src/objects/CMData/tests/../cmdata.hpp:24:9: note: candidate 1: ‘CMData::CMData(std::vector<std::vector<float> >&, std::vector<std::vector<std::complex<float> > >&, int, bool, bool, bool, bool)’
   24 |         CMData(vector<vector<float>> &points, vector<vector<complex<float>>> &values, int dimension, bool with_w, bool with_n, bool is_complex, bool is_vector);
      |         ^~~~~~
/home/g/Research/FFirefly/src/objects/CMData/tests/../cmdata.hpp:24:39: note: no known conversion for argument 1 from ‘std::vector<Vec>’ to ‘std::vector<std::vector<float> >&’
   24 |         CMData(vector<vector<float>> &points, vector<vector<complex<float>>> &values, int dimension, bool with_w, bool with_n, bool is_complex, bool is_vector);
      |                ~~~~~~~~~~~~~~~~~~~~~~~^~~~~~
/home/g/Research/FFirefly/src/objects/CMData/tests/../cmdata.hpp:26:9: note: candidate 2: ‘CMData::CMData(std::string)’
   26 |         CMData(string filename);
      |         ^~~~~~
/home/g/Research/FFirefly/src/objects/CMData/tests/../cmdata.hpp:26:9: note: candidate expects 1 argument, 7 provided
/home/g/Research/FFirefly/src/objects/CMData/tests/../cmdata.hpp:22:9: note: candidate 3: ‘CMData::CMData()’
   22 |         CMData();
      |         ^~~~~~
/home/g/Research/FFirefly/src/objects/CMData/tests/../cmdata.hpp:22:9: note: candidate expects 0 arguments, 7 provided
/home/g/Research/FFirefly/src/objects/CMData/tests/../cmdata.hpp:8:7: note: candidate 4: ‘constexpr CMData::CMData(const CMData&)’
    8 | class CMData {
      |       ^~~~~~
/home/g/Research/FFirefly/src/objects/CMData/tests/../cmdata.hpp:8:7: note: candidate expects 1 argument, 7 provided
/home/g/Research/FFirefly/src/objects/CMData/tests/all.cpp:689:36: error: no match for call to ‘(__gnu_cxx::__alloc_traits<std::allocator<std::vector<float> >, std::vector<float> >::value_type {aka std::vector<float>}) (int)’
  689 |     float data_pnt = data.points[2](0);
      |                      ~~~~~~~~~~~~~~^~~
/home/g/Research/FFirefly/src/objects/CMData/tests/all.cpp:690:42: error: conversion from ‘__gnu_cxx::__alloc_traits<std::allocator<std::vector<std::complex<float> > >, std::vector<std::complex<float> > >::value_type’ {aka ‘std::vector<std::complex<float> >’} to non-scalar type ‘std::complex<Vec>’ requested
  690 |     complex<Vec> data_val = data.values[2];
      |                                          ^
/home/g/Research/FFirefly/src/objects/CMData/tests/all.cpp:698:40: error: no match for call to ‘(__gnu_cxx::__alloc_traits<std::allocator<std::vector<float> >, std::vector<float> >::value_type {aka std::vector<float>}) (int)’
  698 |     float load_pnt = loaddata.points[2](0);
      |                      ~~~~~~~~~~~~~~~~~~^~~
/home/g/Research/FFirefly/src/objects/CMData/tests/all.cpp:699:46: error: conversion from ‘__gnu_cxx::__alloc_traits<std::allocator<std::vector<std::complex<float> > >, std::vector<std::complex<float> > >::value_type’ {aka ‘std::vector<std::complex<float> >’} to non-scalar type ‘std::complex<Vec>’ requested
  699 |     complex<Vec> load_val = loaddata.values[2];
      |                                              ^
/home/g/Research/FFirefly/src/objects/CMData/tests/all.cpp: In function ‘bool readwrite_3d_complexvector_with_w()’:
/home/g/Research/FFirefly/src/objects/CMData/tests/all.cpp:722:59: error: no matching function for call to ‘CMData::CMData(std::vector<Vec>&, std::vector<std::complex<Vec> >&, int, bool, bool, bool, bool)’
  722 |     CMData data(points, values, 3, true, false, true, true);
      |                                                           ^
/home/g/Research/FFirefly/src/objects/CMData/tests/all.cpp:722:59: note: there are 4 candidates
/home/g/Research/FFirefly/src/objects/CMData/tests/../cmdata.hpp:24:9: note: candidate 1: ‘CMData::CMData(std::vector<std::vector<float> >&, std::vector<std::vector<std::complex<float> > >&, int, bool, bool, bool, bool)’
   24 |         CMData(vector<vector<float>> &points, vector<vector<complex<float>>> &values, int dimension, bool with_w, bool with_n, bool is_complex, bool is_vector);
      |         ^~~~~~
/home/g/Research/FFirefly/src/objects/CMData/tests/../cmdata.hpp:24:39: note: no known conversion for argument 1 from ‘std::vector<Vec>’ to ‘std::vector<std::vector<float> >&’
   24 |         CMData(vector<vector<float>> &points, vector<vector<complex<float>>> &values, int dimension, bool with_w, bool with_n, bool is_complex, bool is_vector);
      |                ~~~~~~~~~~~~~~~~~~~~~~~^~~~~~
/home/g/Research/FFirefly/src/objects/CMData/tests/../cmdata.hpp:26:9: note: candidate 2: ‘CMData::CMData(std::string)’
   26 |         CMData(string filename);
      |         ^~~~~~
/home/g/Research/FFirefly/src/objects/CMData/tests/../cmdata.hpp:26:9: note: candidate expects 1 argument, 7 provided
/home/g/Research/FFirefly/src/objects/CMData/tests/../cmdata.hpp:22:9: note: candidate 3: ‘CMData::CMData()’
   22 |         CMData();
      |         ^~~~~~
/home/g/Research/FFirefly/src/objects/CMData/tests/../cmdata.hpp:22:9: note: candidate expects 0 arguments, 7 provided
/home/g/Research/FFirefly/src/objects/CMData/tests/../cmdata.hpp:8:7: note: candidate 4: ‘constexpr CMData::CMData(const CMData&)’
    8 | class CMData {
      |       ^~~~~~
/home/g/Research/FFirefly/src/objects/CMData/tests/../cmdata.hpp:8:7: note: candidate expects 1 argument, 7 provided
/home/g/Research/FFirefly/src/objects/CMData/tests/all.cpp:724:36: error: no match for call to ‘(__gnu_cxx::__alloc_traits<std::allocator<std::vector<float> >, std::vector<float> >::value_type {aka std::vector<float>}) (int)’
  724 |     float data_pnt = data.points[2](0);
      |                      ~~~~~~~~~~~~~~^~~
/home/g/Research/FFirefly/src/objects/CMData/tests/all.cpp:725:42: error: conversion from ‘__gnu_cxx::__alloc_traits<std::allocator<std::vector<std::complex<float> > >, std::vector<std::complex<float> > >::value_type’ {aka ‘std::vector<std::complex<float> >’} to non-scalar type ‘std::complex<Vec>’ requested
  725 |     complex<Vec> data_val = data.values[2];
      |                                          ^
/home/g/Research/FFirefly/src/objects/CMData/tests/all.cpp:733:40: error: no match for call to ‘(__gnu_cxx::__alloc_traits<std::allocator<std::vector<float> >, std::vector<float> >::value_type {aka std::vector<float>}) (int)’
  733 |     float load_pnt = loaddata.points[2](0);
      |                      ~~~~~~~~~~~~~~~~~~^~~
/home/g/Research/FFirefly/src/objects/CMData/tests/all.cpp:734:46: error: conversion from ‘__gnu_cxx::__alloc_traits<std::allocator<std::vector<std::complex<float> > >, std::vector<std::complex<float> > >::value_type’ {aka ‘std::vector<std::complex<float> >’} to non-scalar type ‘std::complex<Vec>’ requested
  734 |     complex<Vec> load_val = loaddata.values[2];
      |                                              ^
/home/g/Research/FFirefly/src/objects/CMData/tests/all.cpp: In function ‘bool readwrite_1d_with_n()’:
/home/g/Research/FFirefly/src/objects/CMData/tests/all.cpp:758:61: error: no matching function for call to ‘CMData::CMData(std::vector<Vec>&, std::vector<std::complex<Vec> >&, int, bool, bool, bool, bool)’
  758 |     CMData data(points, values, 1, false, true, false, false);
      |                                                             ^
/home/g/Research/FFirefly/src/objects/CMData/tests/all.cpp:758:61: note: there are 4 candidates
/home/g/Research/FFirefly/src/objects/CMData/tests/../cmdata.hpp:24:9: note: candidate 1: ‘CMData::CMData(std::vector<std::vector<float> >&, std::vector<std::vector<std::complex<float> > >&, int, bool, bool, bool, bool)’
   24 |         CMData(vector<vector<float>> &points, vector<vector<complex<float>>> &values, int dimension, bool with_w, bool with_n, bool is_complex, bool is_vector);
      |         ^~~~~~
/home/g/Research/FFirefly/src/objects/CMData/tests/../cmdata.hpp:24:39: note: no known conversion for argument 1 from ‘std::vector<Vec>’ to ‘std::vector<std::vector<float> >&’
   24 |         CMData(vector<vector<float>> &points, vector<vector<complex<float>>> &values, int dimension, bool with_w, bool with_n, bool is_complex, bool is_vector);
      |                ~~~~~~~~~~~~~~~~~~~~~~~^~~~~~
/home/g/Research/FFirefly/src/objects/CMData/tests/../cmdata.hpp:26:9: note: candidate 2: ‘CMData::CMData(std::string)’
   26 |         CMData(string filename);
      |         ^~~~~~
/home/g/Research/FFirefly/src/objects/CMData/tests/../cmdata.hpp:26:9: note: candidate expects 1 argument, 7 provided
/home/g/Research/FFirefly/src/objects/CMData/tests/../cmdata.hpp:22:9: note: candidate 3: ‘CMData::CMData()’
   22 |         CMData();
      |         ^~~~~~
/home/g/Research/FFirefly/src/objects/CMData/tests/../cmdata.hpp:22:9: note: candidate expects 0 arguments, 7 provided
/home/g/Research/FFirefly/src/objects/CMData/tests/../cmdata.hpp:8:7: note: candidate 4: ‘constexpr CMData::CMData(const CMData&)’
    8 | class CMData {
      |       ^~~~~~
/home/g/Research/FFirefly/src/objects/CMData/tests/../cmdata.hpp:8:7: note: candidate expects 1 argument, 7 provided
/home/g/Research/FFirefly/src/objects/CMData/tests/all.cpp:763:26: error: no matching function for call to ‘real(__gnu_cxx::__alloc_traits<std::allocator<std::vector<std::complex<float> > >, std::vector<std::complex<float> > >::value_type&)’
  763 |     float data_val = real(data.values[2])(0);
      |                      ~~~~^~~~~~~~~~~~~~~~
/home/g/Research/FFirefly/src/objects/CMData/tests/all.cpp:763:26: note: there are 2 candidates
/usr/include/c++/15.1.1/complex:611:5: note: candidate 1: ‘template<class _Tp> constexpr _Tp std::real(const complex<_Tp>&)’
  611 |     real(const complex<_Tp>& __z)
      |     ^~~~
/usr/include/c++/15.1.1/complex:611:5: note: template argument deduction/substitution failed:
/home/g/Research/FFirefly/src/objects/CMData/tests/all.cpp:763:26: note:   ‘__gnu_cxx::__alloc_traits<std::allocator<std::vector<std::complex<float> > >, std::vector<std::complex<float> > >::value_type’ {aka ‘std::vector<std::complex<float> >’} is not derived from ‘const std::complex<_Tp>’
  763 |     float data_val = real(data.values[2])(0);
      |                      ~~~~^~~~~~~~~~~~~~~~
/usr/include/c++/15.1.1/complex:2557:5: note: candidate 2: ‘template<class _Tp> constexpr typename __gnu_cxx::__promote<_Tp, std::__is_integer<_Tp>::__value>::__type std::real(_Tp)’
 2557 |     real(_Tp __x)
      |     ^~~~
/usr/include/c++/15.1.1/complex:2557:5: note: template argument deduction/substitution failed:
/usr/include/c++/15.1.1/complex: In substitution of ‘template<class _Tp> constexpr typename __gnu_cxx::__promote<_Tp, std::__is_integer<_Tp>::__value>::__type std::real(_Tp) [with _Tp = std::vector<std::complex<float> >]’:
/home/g/Research/FFirefly/src/objects/CMData/tests/all.cpp:763:26:   required from here
  763 |     float data_val = real(data.values[2])(0);
      |                      ~~~~^~~~~~~~~~~~~~~~
/usr/include/c++/15.1.1/complex:2557:5: error: no type named ‘__type’ in ‘struct __gnu_cxx::__promote<std::vector<std::complex<float> >, false>’
 2557 |     real(_Tp __x)
      |     ^~~~
/home/g/Research/FFirefly/src/objects/CMData/tests/all.cpp:772:26: error: no matching function for call to ‘real(__gnu_cxx::__alloc_traits<std::allocator<std::vector<std::complex<float> > >, std::vector<std::complex<float> > >::value_type&)’
  772 |     float load_val = real(loaddata.values[2])(0);
      |                      ~~~~^~~~~~~~~~~~~~~~~~~~
/home/g/Research/FFirefly/src/objects/CMData/tests/all.cpp:772:26: note: there are 2 candidates
/usr/include/c++/15.1.1/complex:611:5: note: candidate 1: ‘template<class _Tp> constexpr _Tp std::real(const complex<_Tp>&)’
  611 |     real(const complex<_Tp>& __z)
      |     ^~~~
/usr/include/c++/15.1.1/complex:611:5: note: template argument deduction/substitution failed:
/home/g/Research/FFirefly/src/objects/CMData/tests/all.cpp:772:26: note:   ‘__gnu_cxx::__alloc_traits<std::allocator<std::vector<std::complex<float> > >, std::vector<std::complex<float> > >::value_type’ {aka ‘std::vector<std::complex<float> >’} is not derived from ‘const std::complex<_Tp>’
  772 |     float load_val = real(loaddata.values[2])(0);
      |                      ~~~~^~~~~~~~~~~~~~~~~~~~
/usr/include/c++/15.1.1/complex:2557:5: note: candidate 2: ‘template<class _Tp> constexpr typename __gnu_cxx::__promote<_Tp, std::__is_integer<_Tp>::__value>::__type std::real(_Tp)’
 2557 |     real(_Tp __x)
      |     ^~~~
/usr/include/c++/15.1.1/complex:2557:5: note: template argument deduction/substitution failed:
/usr/include/c++/15.1.1/complex: In substitution of ‘template<class _Tp> constexpr typename __gnu_cxx::__promote<_Tp, std::__is_integer<_Tp>::__value>::__type std::real(_Tp) [with _Tp = std::vector<std::complex<float> >]’:
/home/g/Research/FFirefly/src/objects/CMData/tests/all.cpp:772:26:   required from here
  772 |     float load_val = real(loaddata.values[2])(0);
      |                      ~~~~^~~~~~~~~~~~~~~~~~~~
/usr/include/c++/15.1.1/complex:2557:5: error: no type named ‘__type’ in ‘struct __gnu_cxx::__promote<std::vector<std::complex<float> >, false>’
 2557 |     real(_Tp __x)
      |     ^~~~
/home/g/Research/FFirefly/src/objects/CMData/tests/all.cpp: In function ‘bool readwrite_2d_with_n()’:
/home/g/Research/FFirefly/src/objects/CMData/tests/all.cpp:799:61: error: no matching function for call to ‘CMData::CMData(std::vector<Vec>&, std::vector<std::complex<Vec> >&, int, bool, bool, bool, bool)’
  799 |     CMData data(points, values, 2, false, true, false, false);
      |                                                             ^
/home/g/Research/FFirefly/src/objects/CMData/tests/all.cpp:799:61: note: there are 4 candidates
/home/g/Research/FFirefly/src/objects/CMData/tests/../cmdata.hpp:24:9: note: candidate 1: ‘CMData::CMData(std::vector<std::vector<float> >&, std::vector<std::vector<std::complex<float> > >&, int, bool, bool, bool, bool)’
   24 |         CMData(vector<vector<float>> &points, vector<vector<complex<float>>> &values, int dimension, bool with_w, bool with_n, bool is_complex, bool is_vector);
      |         ^~~~~~
/home/g/Research/FFirefly/src/objects/CMData/tests/../cmdata.hpp:24:39: note: no known conversion for argument 1 from ‘std::vector<Vec>’ to ‘std::vector<std::vector<float> >&’
   24 |         CMData(vector<vector<float>> &points, vector<vector<complex<float>>> &values, int dimension, bool with_w, bool with_n, bool is_complex, bool is_vector);
      |                ~~~~~~~~~~~~~~~~~~~~~~~^~~~~~
/home/g/Research/FFirefly/src/objects/CMData/tests/../cmdata.hpp:26:9: note: candidate 2: ‘CMData::CMData(std::string)’
   26 |         CMData(string filename);
      |         ^~~~~~
/home/g/Research/FFirefly/src/objects/CMData/tests/../cmdata.hpp:26:9: note: candidate expects 1 argument, 7 provided
/home/g/Research/FFirefly/src/objects/CMData/tests/../cmdata.hpp:22:9: note: candidate 3: ‘CMData::CMData()’
   22 |         CMData();
      |         ^~~~~~
/home/g/Research/FFirefly/src/objects/CMData/tests/../cmdata.hpp:22:9: note: candidate expects 0 arguments, 7 provided
/home/g/Research/FFirefly/src/objects/CMData/tests/../cmdata.hpp:8:7: note: candidate 4: ‘constexpr CMData::CMData(const CMData&)’
    8 | class CMData {
      |       ^~~~~~
/home/g/Research/FFirefly/src/objects/CMData/tests/../cmdata.hpp:8:7: note: candidate expects 1 argument, 7 provided
/home/g/Research/FFirefly/src/objects/CMData/tests/all.cpp:804:26: error: no matching function for call to ‘real(__gnu_cxx::__alloc_traits<std::allocator<std::vector<std::complex<float> > >, std::vector<std::complex<float> > >::value_type&)’
  804 |     float data_val = real(data.values[2])(0);
      |                      ~~~~^~~~~~~~~~~~~~~~
/home/g/Research/FFirefly/src/objects/CMData/tests/all.cpp:804:26: note: there are 2 candidates
/usr/include/c++/15.1.1/complex:611:5: note: candidate 1: ‘template<class _Tp> constexpr _Tp std::real(const complex<_Tp>&)’
  611 |     real(const complex<_Tp>& __z)
      |     ^~~~
/usr/include/c++/15.1.1/complex:611:5: note: template argument deduction/substitution failed:
/home/g/Research/FFirefly/src/objects/CMData/tests/all.cpp:804:26: note:   ‘__gnu_cxx::__alloc_traits<std::allocator<std::vector<std::complex<float> > >, std::vector<std::complex<float> > >::value_type’ {aka ‘std::vector<std::complex<float> >’} is not derived from ‘const std::complex<_Tp>’
  804 |     float data_val = real(data.values[2])(0);
      |                      ~~~~^~~~~~~~~~~~~~~~
/usr/include/c++/15.1.1/complex:2557:5: note: candidate 2: ‘template<class _Tp> constexpr typename __gnu_cxx::__promote<_Tp, std::__is_integer<_Tp>::__value>::__type std::real(_Tp)’
 2557 |     real(_Tp __x)
      |     ^~~~
/usr/include/c++/15.1.1/complex:2557:5: note: template argument deduction/substitution failed:
/usr/include/c++/15.1.1/complex: In substitution of ‘template<class _Tp> constexpr typename __gnu_cxx::__promote<_Tp, std::__is_integer<_Tp>::__value>::__type std::real(_Tp) [with _Tp = std::vector<std::complex<float> >]’:
/home/g/Research/FFirefly/src/objects/CMData/tests/all.cpp:804:26:   required from here
  804 |     float data_val = real(data.values[2])(0);
      |                      ~~~~^~~~~~~~~~~~~~~~
/usr/include/c++/15.1.1/complex:2557:5: error: no type named ‘__type’ in ‘struct __gnu_cxx::__promote<std::vector<std::complex<float> >, false>’
 2557 |     real(_Tp __x)
      |     ^~~~
/home/g/Research/FFirefly/src/objects/CMData/tests/all.cpp:813:26: error: no matching function for call to ‘real(__gnu_cxx::__alloc_traits<std::allocator<std::vector<std::complex<float> > >, std::vector<std::complex<float> > >::value_type&)’
  813 |     float load_val = real(loaddata.values[2])(0);
      |                      ~~~~^~~~~~~~~~~~~~~~~~~~
/home/g/Research/FFirefly/src/objects/CMData/tests/all.cpp:813:26: note: there are 2 candidates
/usr/include/c++/15.1.1/complex:611:5: note: candidate 1: ‘template<class _Tp> constexpr _Tp std::real(const complex<_Tp>&)’
  611 |     real(const complex<_Tp>& __z)
      |     ^~~~
/usr/include/c++/15.1.1/complex:611:5: note: template argument deduction/substitution failed:
/home/g/Research/FFirefly/src/objects/CMData/tests/all.cpp:813:26: note:   ‘__gnu_cxx::__alloc_traits<std::allocator<std::vector<std::complex<float> > >, std::vector<std::complex<float> > >::value_type’ {aka ‘std::vector<std::complex<float> >’} is not derived from ‘const std::complex<_Tp>’
  813 |     float load_val = real(loaddata.values[2])(0);
      |                      ~~~~^~~~~~~~~~~~~~~~~~~~
/usr/include/c++/15.1.1/complex:2557:5: note: candidate 2: ‘template<class _Tp> constexpr typename __gnu_cxx::__promote<_Tp, std::__is_integer<_Tp>::__value>::__type std::real(_Tp)’
 2557 |     real(_Tp __x)
      |     ^~~~
/usr/include/c++/15.1.1/complex:2557:5: note: template argument deduction/substitution failed:
/usr/include/c++/15.1.1/complex: In substitution of ‘template<class _Tp> constexpr typename __gnu_cxx::__promote<_Tp, std::__is_integer<_Tp>::__value>::__type std::real(_Tp) [with _Tp = std::vector<std::complex<float> >]’:
/home/g/Research/FFirefly/src/objects/CMData/tests/all.cpp:813:26:   required from here
  813 |     float load_val = real(loaddata.values[2])(0);
      |                      ~~~~^~~~~~~~~~~~~~~~~~~~
/usr/include/c++/15.1.1/complex:2557:5: error: no type named ‘__type’ in ‘struct __gnu_cxx::__promote<std::vector<std::complex<float> >, false>’
 2557 |     real(_Tp __x)
      |     ^~~~
/home/g/Research/FFirefly/src/objects/CMData/tests/all.cpp: In function ‘bool readwrite_3d_with_n()’:
/home/g/Research/FFirefly/src/objects/CMData/tests/all.cpp:842:61: error: no matching function for call to ‘CMData::CMData(std::vector<Vec>&, std::vector<std::complex<Vec> >&, int, bool, bool, bool, bool)’
  842 |     CMData data(points, values, 3, false, true, false, false);
      |                                                             ^
/home/g/Research/FFirefly/src/objects/CMData/tests/all.cpp:842:61: note: there are 4 candidates
/home/g/Research/FFirefly/src/objects/CMData/tests/../cmdata.hpp:24:9: note: candidate 1: ‘CMData::CMData(std::vector<std::vector<float> >&, std::vector<std::vector<std::complex<float> > >&, int, bool, bool, bool, bool)’
   24 |         CMData(vector<vector<float>> &points, vector<vector<complex<float>>> &values, int dimension, bool with_w, bool with_n, bool is_complex, bool is_vector);
      |         ^~~~~~
/home/g/Research/FFirefly/src/objects/CMData/tests/../cmdata.hpp:24:39: note: no known conversion for argument 1 from ‘std::vector<Vec>’ to ‘std::vector<std::vector<float> >&’
   24 |         CMData(vector<vector<float>> &points, vector<vector<complex<float>>> &values, int dimension, bool with_w, bool with_n, bool is_complex, bool is_vector);
      |                ~~~~~~~~~~~~~~~~~~~~~~~^~~~~~
/home/g/Research/FFirefly/src/objects/CMData/tests/../cmdata.hpp:26:9: note: candidate 2: ‘CMData::CMData(std::string)’
   26 |         CMData(string filename);
      |         ^~~~~~
/home/g/Research/FFirefly/src/objects/CMData/tests/../cmdata.hpp:26:9: note: candidate expects 1 argument, 7 provided
/home/g/Research/FFirefly/src/objects/CMData/tests/../cmdata.hpp:22:9: note: candidate 3: ‘CMData::CMData()’
   22 |         CMData();
      |         ^~~~~~
/home/g/Research/FFirefly/src/objects/CMData/tests/../cmdata.hpp:22:9: note: candidate expects 0 arguments, 7 provided
/home/g/Research/FFirefly/src/objects/CMData/tests/../cmdata.hpp:8:7: note: candidate 4: ‘constexpr CMData::CMData(const CMData&)’
    8 | class CMData {
      |       ^~~~~~
/home/g/Research/FFirefly/src/objects/CMData/tests/../cmdata.hpp:8:7: note: candidate expects 1 argument, 7 provided
/home/g/Research/FFirefly/src/objects/CMData/tests/all.cpp:847:26: error: no matching function for call to ‘real(__gnu_cxx::__alloc_traits<std::allocator<std::vector<std::complex<float> > >, std::vector<std::complex<float> > >::value_type&)’
  847 |     float data_val = real(data.values[2])(0);
      |                      ~~~~^~~~~~~~~~~~~~~~
/home/g/Research/FFirefly/src/objects/CMData/tests/all.cpp:847:26: note: there are 2 candidates
/usr/include/c++/15.1.1/complex:611:5: note: candidate 1: ‘template<class _Tp> constexpr _Tp std::real(const complex<_Tp>&)’
  611 |     real(const complex<_Tp>& __z)
      |     ^~~~
/usr/include/c++/15.1.1/complex:611:5: note: template argument deduction/substitution failed:
/home/g/Research/FFirefly/src/objects/CMData/tests/all.cpp:847:26: note:   ‘__gnu_cxx::__alloc_traits<std::allocator<std::vector<std::complex<float> > >, std::vector<std::complex<float> > >::value_type’ {aka ‘std::vector<std::complex<float> >’} is not derived from ‘const std::complex<_Tp>’
  847 |     float data_val = real(data.values[2])(0);
      |                      ~~~~^~~~~~~~~~~~~~~~
/usr/include/c++/15.1.1/complex:2557:5: note: candidate 2: ‘template<class _Tp> constexpr typename __gnu_cxx::__promote<_Tp, std::__is_integer<_Tp>::__value>::__type std::real(_Tp)’
 2557 |     real(_Tp __x)
      |     ^~~~
/usr/include/c++/15.1.1/complex:2557:5: note: template argument deduction/substitution failed:
/usr/include/c++/15.1.1/complex: In substitution of ‘template<class _Tp> constexpr typename __gnu_cxx::__promote<_Tp, std::__is_integer<_Tp>::__value>::__type std::real(_Tp) [with _Tp = std::vector<std::complex<float> >]’:
/home/g/Research/FFirefly/src/objects/CMData/tests/all.cpp:847:26:   required from here
  847 |     float data_val = real(data.values[2])(0);
      |                      ~~~~^~~~~~~~~~~~~~~~
/usr/include/c++/15.1.1/complex:2557:5: error: no type named ‘__type’ in ‘struct __gnu_cxx::__promote<std::vector<std::complex<float> >, false>’
 2557 |     real(_Tp __x)
      |     ^~~~
/home/g/Research/FFirefly/src/objects/CMData/tests/all.cpp:856:26: error: no matching function for call to ‘real(__gnu_cxx::__alloc_traits<std::allocator<std::vector<std::complex<float> > >, std::vector<std::complex<float> > >::value_type&)’
  856 |     float load_val = real(loaddata.values[2])(0);
      |                      ~~~~^~~~~~~~~~~~~~~~~~~~
/home/g/Research/FFirefly/src/objects/CMData/tests/all.cpp:856:26: note: there are 2 candidates
/usr/include/c++/15.1.1/complex:611:5: note: candidate 1: ‘template<class _Tp> constexpr _Tp std::real(const complex<_Tp>&)’
  611 |     real(const complex<_Tp>& __z)
      |     ^~~~
/usr/include/c++/15.1.1/complex:611:5: note: template argument deduction/substitution failed:
/home/g/Research/FFirefly/src/objects/CMData/tests/all.cpp:856:26: note:   ‘__gnu_cxx::__alloc_traits<std::allocator<std::vector<std::complex<float> > >, std::vector<std::complex<float> > >::value_type’ {aka ‘std::vector<std::complex<float> >’} is not derived from ‘const std::complex<_Tp>’
  856 |     float load_val = real(loaddata.values[2])(0);
      |                      ~~~~^~~~~~~~~~~~~~~~~~~~
/usr/include/c++/15.1.1/complex:2557:5: note: candidate 2: ‘template<class _Tp> constexpr typename __gnu_cxx::__promote<_Tp, std::__is_integer<_Tp>::__value>::__type std::real(_Tp)’
 2557 |     real(_Tp __x)
      |     ^~~~
/usr/include/c++/15.1.1/complex:2557:5: note: template argument deduction/substitution failed:
/usr/include/c++/15.1.1/complex: In substitution of ‘template<class _Tp> constexpr typename __gnu_cxx::__promote<_Tp, std::__is_integer<_Tp>::__value>::__type std::real(_Tp) [with _Tp = std::vector<std::complex<float> >]’:
/home/g/Research/FFirefly/src/objects/CMData/tests/all.cpp:856:26:   required from here
  856 |     float load_val = real(loaddata.values[2])(0);
      |                      ~~~~^~~~~~~~~~~~~~~~~~~~
/usr/include/c++/15.1.1/complex:2557:5: error: no type named ‘__type’ in ‘struct __gnu_cxx::__promote<std::vector<std::complex<float> >, false>’
 2557 |     real(_Tp __x)
      |     ^~~~
/home/g/Research/FFirefly/src/objects/CMData/tests/all.cpp: In function ‘bool readwrite_0d_with_w_with_n()’:
/home/g/Research/FFirefly/src/objects/CMData/tests/all.cpp:880:60: error: no matching function for call to ‘CMData::CMData(std::vector<Vec>&, std::vector<std::complex<Vec> >&, int, bool, bool, bool, bool)’
  880 |     CMData data(points, values, 0, true, true, false, false);
      |                                                            ^
/home/g/Research/FFirefly/src/objects/CMData/tests/all.cpp:880:60: note: there are 4 candidates
/home/g/Research/FFirefly/src/objects/CMData/tests/../cmdata.hpp:24:9: note: candidate 1: ‘CMData::CMData(std::vector<std::vector<float> >&, std::vector<std::vector<std::complex<float> > >&, int, bool, bool, bool, bool)’
   24 |         CMData(vector<vector<float>> &points, vector<vector<complex<float>>> &values, int dimension, bool with_w, bool with_n, bool is_complex, bool is_vector);
      |         ^~~~~~
/home/g/Research/FFirefly/src/objects/CMData/tests/../cmdata.hpp:24:39: note: no known conversion for argument 1 from ‘std::vector<Vec>’ to ‘std::vector<std::vector<float> >&’
   24 |         CMData(vector<vector<float>> &points, vector<vector<complex<float>>> &values, int dimension, bool with_w, bool with_n, bool is_complex, bool is_vector);
      |                ~~~~~~~~~~~~~~~~~~~~~~~^~~~~~
/home/g/Research/FFirefly/src/objects/CMData/tests/../cmdata.hpp:26:9: note: candidate 2: ‘CMData::CMData(std::string)’
   26 |         CMData(string filename);
      |         ^~~~~~
/home/g/Research/FFirefly/src/objects/CMData/tests/../cmdata.hpp:26:9: note: candidate expects 1 argument, 7 provided
/home/g/Research/FFirefly/src/objects/CMData/tests/../cmdata.hpp:22:9: note: candidate 3: ‘CMData::CMData()’
   22 |         CMData();
      |         ^~~~~~
/home/g/Research/FFirefly/src/objects/CMData/tests/../cmdata.hpp:22:9: note: candidate expects 0 arguments, 7 provided
/home/g/Research/FFirefly/src/objects/CMData/tests/../cmdata.hpp:8:7: note: candidate 4: ‘constexpr CMData::CMData(const CMData&)’
    8 | class CMData {
      |       ^~~~~~
/home/g/Research/FFirefly/src/objects/CMData/tests/../cmdata.hpp:8:7: note: candidate expects 1 argument, 7 provided
/home/g/Research/FFirefly/src/objects/CMData/tests/all.cpp:885:26: error: no matching function for call to ‘real(__gnu_cxx::__alloc_traits<std::allocator<std::vector<std::complex<float> > >, std::vector<std::complex<float> > >::value_type&)’
  885 |     float data_val = real(data.values[2])(0);
      |                      ~~~~^~~~~~~~~~~~~~~~
/home/g/Research/FFirefly/src/objects/CMData/tests/all.cpp:885:26: note: there are 2 candidates
/usr/include/c++/15.1.1/complex:611:5: note: candidate 1: ‘template<class _Tp> constexpr _Tp std::real(const complex<_Tp>&)’
  611 |     real(const complex<_Tp>& __z)
      |     ^~~~
/usr/include/c++/15.1.1/complex:611:5: note: template argument deduction/substitution failed:
/home/g/Research/FFirefly/src/objects/CMData/tests/all.cpp:885:26: note:   ‘__gnu_cxx::__alloc_traits<std::allocator<std::vector<std::complex<float> > >, std::vector<std::complex<float> > >::value_type’ {aka ‘std::vector<std::complex<float> >’} is not derived from ‘const std::complex<_Tp>’
  885 |     float data_val = real(data.values[2])(0);
      |                      ~~~~^~~~~~~~~~~~~~~~
/usr/include/c++/15.1.1/complex:2557:5: note: candidate 2: ‘template<class _Tp> constexpr typename __gnu_cxx::__promote<_Tp, std::__is_integer<_Tp>::__value>::__type std::real(_Tp)’
 2557 |     real(_Tp __x)
      |     ^~~~
/usr/include/c++/15.1.1/complex:2557:5: note: template argument deduction/substitution failed:
/usr/include/c++/15.1.1/complex: In substitution of ‘template<class _Tp> constexpr typename __gnu_cxx::__promote<_Tp, std::__is_integer<_Tp>::__value>::__type std::real(_Tp) [with _Tp = std::vector<std::complex<float> >]’:
/home/g/Research/FFirefly/src/objects/CMData/tests/all.cpp:885:26:   required from here
  885 |     float data_val = real(data.values[2])(0);
      |                      ~~~~^~~~~~~~~~~~~~~~
/usr/include/c++/15.1.1/complex:2557:5: error: no type named ‘__type’ in ‘struct __gnu_cxx::__promote<std::vector<std::complex<float> >, false>’
 2557 |     real(_Tp __x)
      |     ^~~~
/home/g/Research/FFirefly/src/objects/CMData/tests/all.cpp:894:26: error: no matching function for call to ‘real(__gnu_cxx::__alloc_traits<std::allocator<std::vector<std::complex<float> > >, std::vector<std::complex<float> > >::value_type&)’
  894 |     float load_val = real(loaddata.values[2])(0);
      |                      ~~~~^~~~~~~~~~~~~~~~~~~~
/home/g/Research/FFirefly/src/objects/CMData/tests/all.cpp:894:26: note: there are 2 candidates
/usr/include/c++/15.1.1/complex:611:5: note: candidate 1: ‘template<class _Tp> constexpr _Tp std::real(const complex<_Tp>&)’
  611 |     real(const complex<_Tp>& __z)
      |     ^~~~
/usr/include/c++/15.1.1/complex:611:5: note: template argument deduction/substitution failed:
/home/g/Research/FFirefly/src/objects/CMData/tests/all.cpp:894:26: note:   ‘__gnu_cxx::__alloc_traits<std::allocator<std::vector<std::complex<float> > >, std::vector<std::complex<float> > >::value_type’ {aka ‘std::vector<std::complex<float> >’} is not derived from ‘const std::complex<_Tp>’
  894 |     float load_val = real(loaddata.values[2])(0);
      |                      ~~~~^~~~~~~~~~~~~~~~~~~~
/usr/include/c++/15.1.1/complex:2557:5: note: candidate 2: ‘template<class _Tp> constexpr typename __gnu_cxx::__promote<_Tp, std::__is_integer<_Tp>::__value>::__type std::real(_Tp)’
 2557 |     real(_Tp __x)
      |     ^~~~
/usr/include/c++/15.1.1/complex:2557:5: note: template argument deduction/substitution failed:
/usr/include/c++/15.1.1/complex: In substitution of ‘template<class _Tp> constexpr typename __gnu_cxx::__promote<_Tp, std::__is_integer<_Tp>::__value>::__type std::real(_Tp) [with _Tp = std::vector<std::complex<float> >]’:
/home/g/Research/FFirefly/src/objects/CMData/tests/all.cpp:894:26:   required from here
  894 |     float load_val = real(loaddata.values[2])(0);
      |                      ~~~~^~~~~~~~~~~~~~~~~~~~
/usr/include/c++/15.1.1/complex:2557:5: error: no type named ‘__type’ in ‘struct __gnu_cxx::__promote<std::vector<std::complex<float> >, false>’
 2557 |     real(_Tp __x)
      |     ^~~~
/home/g/Research/FFirefly/src/objects/CMData/tests/all.cpp: In function ‘bool readwrite_1d_with_w_with_n()’:
/home/g/Research/FFirefly/src/objects/CMData/tests/all.cpp:920:60: error: no matching function for call to ‘CMData::CMData(std::vector<Vec>&, std::vector<std::complex<Vec> >&, int, bool, bool, bool, bool)’
  920 |     CMData data(points, values, 1, true, true, false, false);
      |                                                            ^
/home/g/Research/FFirefly/src/objects/CMData/tests/all.cpp:920:60: note: there are 4 candidates
/home/g/Research/FFirefly/src/objects/CMData/tests/../cmdata.hpp:24:9: note: candidate 1: ‘CMData::CMData(std::vector<std::vector<float> >&, std::vector<std::vector<std::complex<float> > >&, int, bool, bool, bool, bool)’
   24 |         CMData(vector<vector<float>> &points, vector<vector<complex<float>>> &values, int dimension, bool with_w, bool with_n, bool is_complex, bool is_vector);
      |         ^~~~~~
/home/g/Research/FFirefly/src/objects/CMData/tests/../cmdata.hpp:24:39: note: no known conversion for argument 1 from ‘std::vector<Vec>’ to ‘std::vector<std::vector<float> >&’
   24 |         CMData(vector<vector<float>> &points, vector<vector<complex<float>>> &values, int dimension, bool with_w, bool with_n, bool is_complex, bool is_vector);
      |                ~~~~~~~~~~~~~~~~~~~~~~~^~~~~~
/home/g/Research/FFirefly/src/objects/CMData/tests/../cmdata.hpp:26:9: note: candidate 2: ‘CMData::CMData(std::string)’
   26 |         CMData(string filename);
      |         ^~~~~~
/home/g/Research/FFirefly/src/objects/CMData/tests/../cmdata.hpp:26:9: note: candidate expects 1 argument, 7 provided
/home/g/Research/FFirefly/src/objects/CMData/tests/../cmdata.hpp:22:9: note: candidate 3: ‘CMData::CMData()’
   22 |         CMData();
      |         ^~~~~~
/home/g/Research/FFirefly/src/objects/CMData/tests/../cmdata.hpp:22:9: note: candidate expects 0 arguments, 7 provided
/home/g/Research/FFirefly/src/objects/CMData/tests/../cmdata.hpp:8:7: note: candidate 4: ‘constexpr CMData::CMData(const CMData&)’
    8 | class CMData {
      |       ^~~~~~
/home/g/Research/FFirefly/src/objects/CMData/tests/../cmdata.hpp:8:7: note: candidate expects 1 argument, 7 provided
/home/g/Research/FFirefly/src/objects/CMData/tests/all.cpp:925:26: error: no matching function for call to ‘real(__gnu_cxx::__alloc_traits<std::allocator<std::vector<std::complex<float> > >, std::vector<std::complex<float> > >::value_type&)’
  925 |     float data_val = real(data.values[2])(0);
      |                      ~~~~^~~~~~~~~~~~~~~~
/home/g/Research/FFirefly/src/objects/CMData/tests/all.cpp:925:26: note: there are 2 candidates
/usr/include/c++/15.1.1/complex:611:5: note: candidate 1: ‘template<class _Tp> constexpr _Tp std::real(const complex<_Tp>&)’
  611 |     real(const complex<_Tp>& __z)
      |     ^~~~
/usr/include/c++/15.1.1/complex:611:5: note: template argument deduction/substitution failed:
/home/g/Research/FFirefly/src/objects/CMData/tests/all.cpp:925:26: note:   ‘__gnu_cxx::__alloc_traits<std::allocator<std::vector<std::complex<float> > >, std::vector<std::complex<float> > >::value_type’ {aka ‘std::vector<std::complex<float> >’} is not derived from ‘const std::complex<_Tp>’
  925 |     float data_val = real(data.values[2])(0);
      |                      ~~~~^~~~~~~~~~~~~~~~
/usr/include/c++/15.1.1/complex:2557:5: note: candidate 2: ‘template<class _Tp> constexpr typename __gnu_cxx::__promote<_Tp, std::__is_integer<_Tp>::__value>::__type std::real(_Tp)’
 2557 |     real(_Tp __x)
      |     ^~~~
/usr/include/c++/15.1.1/complex:2557:5: note: template argument deduction/substitution failed:
/usr/include/c++/15.1.1/complex: In substitution of ‘template<class _Tp> constexpr typename __gnu_cxx::__promote<_Tp, std::__is_integer<_Tp>::__value>::__type std::real(_Tp) [with _Tp = std::vector<std::complex<float> >]’:
/home/g/Research/FFirefly/src/objects/CMData/tests/all.cpp:925:26:   required from here
  925 |     float data_val = real(data.values[2])(0);
      |                      ~~~~^~~~~~~~~~~~~~~~
/usr/include/c++/15.1.1/complex:2557:5: error: no type named ‘__type’ in ‘struct __gnu_cxx::__promote<std::vector<std::complex<float> >, false>’
 2557 |     real(_Tp __x)
      |     ^~~~
/home/g/Research/FFirefly/src/objects/CMData/tests/all.cpp:934:26: error: no matching function for call to ‘real(__gnu_cxx::__alloc_traits<std::allocator<std::vector<std::complex<float> > >, std::vector<std::complex<float> > >::value_type&)’
  934 |     float load_val = real(loaddata.values[2])(0);
      |                      ~~~~^~~~~~~~~~~~~~~~~~~~
/home/g/Research/FFirefly/src/objects/CMData/tests/all.cpp:934:26: note: there are 2 candidates
/usr/include/c++/15.1.1/complex:611:5: note: candidate 1: ‘template<class _Tp> constexpr _Tp std::real(const complex<_Tp>&)’
  611 |     real(const complex<_Tp>& __z)
      |     ^~~~
/usr/include/c++/15.1.1/complex:611:5: note: template argument deduction/substitution failed:
/home/g/Research/FFirefly/src/objects/CMData/tests/all.cpp:934:26: note:   ‘__gnu_cxx::__alloc_traits<std::allocator<std::vector<std::complex<float> > >, std::vector<std::complex<float> > >::value_type’ {aka ‘std::vector<std::complex<float> >’} is not derived from ‘const std::complex<_Tp>’
  934 |     float load_val = real(loaddata.values[2])(0);
      |                      ~~~~^~~~~~~~~~~~~~~~~~~~
/usr/include/c++/15.1.1/complex:2557:5: note: candidate 2: ‘template<class _Tp> constexpr typename __gnu_cxx::__promote<_Tp, std::__is_integer<_Tp>::__value>::__type std::real(_Tp)’
 2557 |     real(_Tp __x)
      |     ^~~~
/usr/include/c++/15.1.1/complex:2557:5: note: template argument deduction/substitution failed:
/usr/include/c++/15.1.1/complex: In substitution of ‘template<class _Tp> constexpr typename __gnu_cxx::__promote<_Tp, std::__is_integer<_Tp>::__value>::__type std::real(_Tp) [with _Tp = std::vector<std::complex<float> >]’:
/home/g/Research/FFirefly/src/objects/CMData/tests/all.cpp:934:26:   required from here
  934 |     float load_val = real(loaddata.values[2])(0);
      |                      ~~~~^~~~~~~~~~~~~~~~~~~~
/usr/include/c++/15.1.1/complex:2557:5: error: no type named ‘__type’ in ‘struct __gnu_cxx::__promote<std::vector<std::complex<float> >, false>’
 2557 |     real(_Tp __x)
      |     ^~~~
/home/g/Research/FFirefly/src/objects/CMData/tests/all.cpp: In function ‘bool readwrite_2d_with_w_with_n()’:
/home/g/Research/FFirefly/src/objects/CMData/tests/all.cpp:962:60: error: no matching function for call to ‘CMData::CMData(std::vector<Vec>&, std::vector<std::complex<Vec> >&, int, bool, bool, bool, bool)’
  962 |     CMData data(points, values, 2, true, true, false, false);
      |                                                            ^
/home/g/Research/FFirefly/src/objects/CMData/tests/all.cpp:962:60: note: there are 4 candidates
/home/g/Research/FFirefly/src/objects/CMData/tests/../cmdata.hpp:24:9: note: candidate 1: ‘CMData::CMData(std::vector<std::vector<float> >&, std::vector<std::vector<std::complex<float> > >&, int, bool, bool, bool, bool)’
   24 |         CMData(vector<vector<float>> &points, vector<vector<complex<float>>> &values, int dimension, bool with_w, bool with_n, bool is_complex, bool is_vector);
      |         ^~~~~~
/home/g/Research/FFirefly/src/objects/CMData/tests/../cmdata.hpp:24:39: note: no known conversion for argument 1 from ‘std::vector<Vec>’ to ‘std::vector<std::vector<float> >&’
   24 |         CMData(vector<vector<float>> &points, vector<vector<complex<float>>> &values, int dimension, bool with_w, bool with_n, bool is_complex, bool is_vector);
      |                ~~~~~~~~~~~~~~~~~~~~~~~^~~~~~
/home/g/Research/FFirefly/src/objects/CMData/tests/../cmdata.hpp:26:9: note: candidate 2: ‘CMData::CMData(std::string)’
   26 |         CMData(string filename);
      |         ^~~~~~
/home/g/Research/FFirefly/src/objects/CMData/tests/../cmdata.hpp:26:9: note: candidate expects 1 argument, 7 provided
/home/g/Research/FFirefly/src/objects/CMData/tests/../cmdata.hpp:22:9: note: candidate 3: ‘CMData::CMData()’
   22 |         CMData();
      |         ^~~~~~
/home/g/Research/FFirefly/src/objects/CMData/tests/../cmdata.hpp:22:9: note: candidate expects 0 arguments, 7 provided
/home/g/Research/FFirefly/src/objects/CMData/tests/../cmdata.hpp:8:7: note: candidate 4: ‘constexpr CMData::CMData(const CMData&)’
    8 | class CMData {
      |       ^~~~~~
/home/g/Research/FFirefly/src/objects/CMData/tests/../cmdata.hpp:8:7: note: candidate expects 1 argument, 7 provided
/home/g/Research/FFirefly/src/objects/CMData/tests/all.cpp:967:26: error: no matching function for call to ‘real(__gnu_cxx::__alloc_traits<std::allocator<std::vector<std::complex<float> > >, std::vector<std::complex<float> > >::value_type&)’
  967 |     float data_val = real(data.values[2])(0);
      |                      ~~~~^~~~~~~~~~~~~~~~
/home/g/Research/FFirefly/src/objects/CMData/tests/all.cpp:967:26: note: there are 2 candidates
/usr/include/c++/15.1.1/complex:611:5: note: candidate 1: ‘template<class _Tp> constexpr _Tp std::real(const complex<_Tp>&)’
  611 |     real(const complex<_Tp>& __z)
      |     ^~~~
/usr/include/c++/15.1.1/complex:611:5: note: template argument deduction/substitution failed:
/home/g/Research/FFirefly/src/objects/CMData/tests/all.cpp:967:26: note:   ‘__gnu_cxx::__alloc_traits<std::allocator<std::vector<std::complex<float> > >, std::vector<std::complex<float> > >::value_type’ {aka ‘std::vector<std::complex<float> >’} is not derived from ‘const std::complex<_Tp>’
  967 |     float data_val = real(data.values[2])(0);
      |                      ~~~~^~~~~~~~~~~~~~~~
/usr/include/c++/15.1.1/complex:2557:5: note: candidate 2: ‘template<class _Tp> constexpr typename __gnu_cxx::__promote<_Tp, std::__is_integer<_Tp>::__value>::__type std::real(_Tp)’
 2557 |     real(_Tp __x)
      |     ^~~~
/usr/include/c++/15.1.1/complex:2557:5: note: template argument deduction/substitution failed:
/usr/include/c++/15.1.1/complex: In substitution of ‘template<class _Tp> constexpr typename __gnu_cxx::__promote<_Tp, std::__is_integer<_Tp>::__value>::__type std::real(_Tp) [with _Tp = std::vector<std::complex<float> >]’:
/home/g/Research/FFirefly/src/objects/CMData/tests/all.cpp:967:26:   required from here
  967 |     float data_val = real(data.values[2])(0);
      |                      ~~~~^~~~~~~~~~~~~~~~
/usr/include/c++/15.1.1/complex:2557:5: error: no type named ‘__type’ in ‘struct __gnu_cxx::__promote<std::vector<std::complex<float> >, false>’
 2557 |     real(_Tp __x)
      |     ^~~~
/home/g/Research/FFirefly/src/objects/CMData/tests/all.cpp:976:26: error: no matching function for call to ‘real(__gnu_cxx::__alloc_traits<std::allocator<std::vector<std::complex<float> > >, std::vector<std::complex<float> > >::value_type&)’
  976 |     float load_val = real(loaddata.values[2])(0);
      |                      ~~~~^~~~~~~~~~~~~~~~~~~~
/home/g/Research/FFirefly/src/objects/CMData/tests/all.cpp:976:26: note: there are 2 candidates
/usr/include/c++/15.1.1/complex:611:5: note: candidate 1: ‘template<class _Tp> constexpr _Tp std::real(const complex<_Tp>&)’
  611 |     real(const complex<_Tp>& __z)
      |     ^~~~
/usr/include/c++/15.1.1/complex:611:5: note: template argument deduction/substitution failed:
/home/g/Research/FFirefly/src/objects/CMData/tests/all.cpp:976:26: note:   ‘__gnu_cxx::__alloc_traits<std::allocator<std::vector<std::complex<float> > >, std::vector<std::complex<float> > >::value_type’ {aka ‘std::vector<std::complex<float> >’} is not derived from ‘const std::complex<_Tp>’
  976 |     float load_val = real(loaddata.values[2])(0);
      |                      ~~~~^~~~~~~~~~~~~~~~~~~~
/usr/include/c++/15.1.1/complex:2557:5: note: candidate 2: ‘template<class _Tp> constexpr typename __gnu_cxx::__promote<_Tp, std::__is_integer<_Tp>::__value>::__type std::real(_Tp)’
 2557 |     real(_Tp __x)
      |     ^~~~
/usr/include/c++/15.1.1/complex:2557:5: note: template argument deduction/substitution failed:
/usr/include/c++/15.1.1/complex: In substitution of ‘template<class _Tp> constexpr typename __gnu_cxx::__promote<_Tp, std::__is_integer<_Tp>::__value>::__type std::real(_Tp) [with _Tp = std::vector<std::complex<float> >]’:
/home/g/Research/FFirefly/src/objects/CMData/tests/all.cpp:976:26:   required from here
  976 |     float load_val = real(loaddata.values[2])(0);
      |                      ~~~~^~~~~~~~~~~~~~~~~~~~
/usr/include/c++/15.1.1/complex:2557:5: error: no type named ‘__type’ in ‘struct __gnu_cxx::__promote<std::vector<std::complex<float> >, false>’
 2557 |     real(_Tp __x)
      |     ^~~~
/home/g/Research/FFirefly/src/objects/CMData/tests/all.cpp: In function ‘bool readwrite_3d_with_w_with_n()’:
/home/g/Research/FFirefly/src/objects/CMData/tests/all.cpp:1006:60: error: no matching function for call to ‘CMData::CMData(std::vector<Vec>&, std::vector<std::complex<Vec> >&, int, bool, bool, bool, bool)’
 1006 |     CMData data(points, values, 3, true, true, false, false);
      |                                                            ^
/home/g/Research/FFirefly/src/objects/CMData/tests/all.cpp:1006:60: note: there are 4 candidates
/home/g/Research/FFirefly/src/objects/CMData/tests/../cmdata.hpp:24:9: note: candidate 1: ‘CMData::CMData(std::vector<std::vector<float> >&, std::vector<std::vector<std::complex<float> > >&, int, bool, bool, bool, bool)’
   24 |         CMData(vector<vector<float>> &points, vector<vector<complex<float>>> &values, int dimension, bool with_w, bool with_n, bool is_complex, bool is_vector);
      |         ^~~~~~
/home/g/Research/FFirefly/src/objects/CMData/tests/../cmdata.hpp:24:39: note: no known conversion for argument 1 from ‘std::vector<Vec>’ to ‘std::vector<std::vector<float> >&’
   24 |         CMData(vector<vector<float>> &points, vector<vector<complex<float>>> &values, int dimension, bool with_w, bool with_n, bool is_complex, bool is_vector);
      |                ~~~~~~~~~~~~~~~~~~~~~~~^~~~~~
/home/g/Research/FFirefly/src/objects/CMData/tests/../cmdata.hpp:26:9: note: candidate 2: ‘CMData::CMData(std::string)’
   26 |         CMData(string filename);
      |         ^~~~~~
/home/g/Research/FFirefly/src/objects/CMData/tests/../cmdata.hpp:26:9: note: candidate expects 1 argument, 7 provided
/home/g/Research/FFirefly/src/objects/CMData/tests/../cmdata.hpp:22:9: note: candidate 3: ‘CMData::CMData()’
   22 |         CMData();
      |         ^~~~~~
/home/g/Research/FFirefly/src/objects/CMData/tests/../cmdata.hpp:22:9: note: candidate expects 0 arguments, 7 provided
/home/g/Research/FFirefly/src/objects/CMData/tests/../cmdata.hpp:8:7: note: candidate 4: ‘constexpr CMData::CMData(const CMData&)’
    8 | class CMData {
      |       ^~~~~~
/home/g/Research/FFirefly/src/objects/CMData/tests/../cmdata.hpp:8:7: note: candidate expects 1 argument, 7 provided
/home/g/Research/FFirefly/src/objects/CMData/tests/all.cpp:1011:26: error: no matching function for call to ‘real(__gnu_cxx::__alloc_traits<std::allocator<std::vector<std::complex<float> > >, std::vector<std::complex<float> > >::value_type&)’
 1011 |     float data_val = real(data.values[2])(0);
      |                      ~~~~^~~~~~~~~~~~~~~~
/home/g/Research/FFirefly/src/objects/CMData/tests/all.cpp:1011:26: note: there are 2 candidates
/usr/include/c++/15.1.1/complex:611:5: note: candidate 1: ‘template<class _Tp> constexpr _Tp std::real(const complex<_Tp>&)’
  611 |     real(const complex<_Tp>& __z)
      |     ^~~~
/usr/include/c++/15.1.1/complex:611:5: note: template argument deduction/substitution failed:
/home/g/Research/FFirefly/src/objects/CMData/tests/all.cpp:1011:26: note:   ‘__gnu_cxx::__alloc_traits<std::allocator<std::vector<std::complex<float> > >, std::vector<std::complex<float> > >::value_type’ {aka ‘std::vector<std::complex<float> >’} is not derived from ‘const std::complex<_Tp>’
 1011 |     float data_val = real(data.values[2])(0);
      |                      ~~~~^~~~~~~~~~~~~~~~
/usr/include/c++/15.1.1/complex:2557:5: note: candidate 2: ‘template<class _Tp> constexpr typename __gnu_cxx::__promote<_Tp, std::__is_integer<_Tp>::__value>::__type std::real(_Tp)’
 2557 |     real(_Tp __x)
      |     ^~~~
/usr/include/c++/15.1.1/complex:2557:5: note: template argument deduction/substitution failed:
/usr/include/c++/15.1.1/complex: In substitution of ‘template<class _Tp> constexpr typename __gnu_cxx::__promote<_Tp, std::__is_integer<_Tp>::__value>::__type std::real(_Tp) [with _Tp = std::vector<std::complex<float> >]’:
/home/g/Research/FFirefly/src/objects/CMData/tests/all.cpp:1011:26:   required from here
 1011 |     float data_val = real(data.values[2])(0);
      |                      ~~~~^~~~~~~~~~~~~~~~
/usr/include/c++/15.1.1/complex:2557:5: error: no type named ‘__type’ in ‘struct __gnu_cxx::__promote<std::vector<std::complex<float> >, false>’
 2557 |     real(_Tp __x)
      |     ^~~~
/home/g/Research/FFirefly/src/objects/CMData/tests/all.cpp:1020:26: error: no matching function for call to ‘real(__gnu_cxx::__alloc_traits<std::allocator<std::vector<std::complex<float> > >, std::vector<std::complex<float> > >::value_type&)’
 1020 |     float load_val = real(loaddata.values[2])(0);
      |                      ~~~~^~~~~~~~~~~~~~~~~~~~
/home/g/Research/FFirefly/src/objects/CMData/tests/all.cpp:1020:26: note: there are 2 candidates
/usr/include/c++/15.1.1/complex:611:5: note: candidate 1: ‘template<class _Tp> constexpr _Tp std::real(const complex<_Tp>&)’
  611 |     real(const complex<_Tp>& __z)
      |     ^~~~
/usr/include/c++/15.1.1/complex:611:5: note: template argument deduction/substitution failed:
/home/g/Research/FFirefly/src/objects/CMData/tests/all.cpp:1020:26: note:   ‘__gnu_cxx::__alloc_traits<std::allocator<std::vector<std::complex<float> > >, std::vector<std::complex<float> > >::value_type’ {aka ‘std::vector<std::complex<float> >’} is not derived from ‘const std::complex<_Tp>’
 1020 |     float load_val = real(loaddata.values[2])(0);
      |                      ~~~~^~~~~~~~~~~~~~~~~~~~
/usr/include/c++/15.1.1/complex:2557:5: note: candidate 2: ‘template<class _Tp> constexpr typename __gnu_cxx::__promote<_Tp, std::__is_integer<_Tp>::__value>::__type std::real(_Tp)’
 2557 |     real(_Tp __x)
      |     ^~~~
/usr/include/c++/15.1.1/complex:2557:5: note: template argument deduction/substitution failed:
/usr/include/c++/15.1.1/complex: In substitution of ‘template<class _Tp> constexpr typename __gnu_cxx::__promote<_Tp, std::__is_integer<_Tp>::__value>::__type std::real(_Tp) [with _Tp = std::vector<std::complex<float> >]’:
/home/g/Research/FFirefly/src/objects/CMData/tests/all.cpp:1020:26:   required from here
 1020 |     float load_val = real(loaddata.values[2])(0);
      |                      ~~~~^~~~~~~~~~~~~~~~~~~~
/usr/include/c++/15.1.1/complex:2557:5: error: no type named ‘__type’ in ‘struct __gnu_cxx::__promote<std::vector<std::complex<float> >, false>’
 2557 |     real(_Tp __x)
      |     ^~~~
FAILED: CMakeFiles/objlib_cpp.dir/src/objects/CMField/tests/field_tests.cpp.o 
ccache /sbin/c++ -D_GLIBCXX_USE_CXX11_ABI=1 -I/home/g/Research/FFirefly -I/usr/include/python3.13 -I/usr/include/julia -O3 -fopenmp -fPIC -std=gnu++20 -MD -MT CMakeFiles/objlib_cpp.dir/src/objects/CMField/tests/field_tests.cpp.o -MF CMakeFiles/objlib_cpp.dir/src/objects/CMField/tests/field_tests.cpp.o.d -o CMakeFiles/objlib_cpp.dir/src/objects/CMField/tests/field_tests.cpp.o -c /home/g/Research/FFirefly/src/objects/CMField/tests/field_tests.cpp
/home/g/Research/FFirefly/src/objects/CMField/tests/field_tests.cpp: In function ‘bool Field_R_interp_test_2d()’:
/home/g/Research/FFirefly/src/objects/CMField/tests/field_tests.cpp:31:81: error: no matching function for call to ‘CMData::CMData(std::vector<Vec>&, std::vector<std::complex<Vec> >&, int&, bool&, bool&, bool&, bool&)’
   31 |     CMData data(points, values, dimension, with_w, with_n, is_complex, is_vector);
      |                                                                                 ^
/home/g/Research/FFirefly/src/objects/CMField/tests/field_tests.cpp:31:81: note: there are 4 candidates
In file included from /home/g/Research/FFirefly/src/objects/CMField/tests/../cmfield.hpp:16,
                 from /home/g/Research/FFirefly/src/objects/CMField/tests/../fields.hpp:6,
                 from /home/g/Research/FFirefly/src/objects/CMField/tests/field_tests.cpp:2:
/home/g/Research/FFirefly/src/objects/CMField/tests/../../CMData/cmdata.hpp:24:9: note: candidate 1: ‘CMData::CMData(std::vector<std::vector<float> >&, std::vector<std::vector<std::complex<float> > >&, int, bool, bool, bool, bool)’
   24 |         CMData(vector<vector<float>> &points, vector<vector<complex<float>>> &values, int dimension, bool with_w, bool with_n, bool is_complex, bool is_vector);
      |         ^~~~~~
/home/g/Research/FFirefly/src/objects/CMField/tests/../../CMData/cmdata.hpp:24:39: note: no known conversion for argument 1 from ‘std::vector<Vec>’ to ‘std::vector<std::vector<float> >&’
   24 |         CMData(vector<vector<float>> &points, vector<vector<complex<float>>> &values, int dimension, bool with_w, bool with_n, bool is_complex, bool is_vector);
      |                ~~~~~~~~~~~~~~~~~~~~~~~^~~~~~
/home/g/Research/FFirefly/src/objects/CMField/tests/../../CMData/cmdata.hpp:26:9: note: candidate 2: ‘CMData::CMData(std::string)’
   26 |         CMData(string filename);
      |         ^~~~~~
/home/g/Research/FFirefly/src/objects/CMField/tests/../../CMData/cmdata.hpp:26:9: note: candidate expects 1 argument, 7 provided
/home/g/Research/FFirefly/src/objects/CMField/tests/../../CMData/cmdata.hpp:22:9: note: candidate 3: ‘CMData::CMData()’
   22 |         CMData();
      |         ^~~~~~
/home/g/Research/FFirefly/src/objects/CMField/tests/../../CMData/cmdata.hpp:22:9: note: candidate expects 0 arguments, 7 provided
/home/g/Research/FFirefly/src/objects/CMField/tests/../../CMData/cmdata.hpp:8:7: note: candidate 4: ‘constexpr CMData::CMData(const CMData&)’
    8 | class CMData {
      |       ^~~~~~
/home/g/Research/FFirefly/src/objects/CMField/tests/../../CMData/cmdata.hpp:8:7: note: candidate expects 1 argument, 7 provided
/home/g/Research/FFirefly/src/objects/CMField/tests/field_tests.cpp: In function ‘bool Field_C_interp_test_2d()’:
/home/g/Research/FFirefly/src/objects/CMField/tests/field_tests.cpp:74:81: error: no matching function for call to ‘CMData::CMData(std::vector<Vec>&, std::vector<std::complex<Vec> >&, int&, bool&, bool&, bool&, bool&)’
   74 |     CMData data(points, values, dimension, with_w, with_n, is_complex, is_vector);
      |                                                                                 ^
/home/g/Research/FFirefly/src/objects/CMField/tests/field_tests.cpp:74:81: note: there are 4 candidates
/home/g/Research/FFirefly/src/objects/CMField/tests/../../CMData/cmdata.hpp:24:9: note: candidate 1: ‘CMData::CMData(std::vector<std::vector<float> >&, std::vector<std::vector<std::complex<float> > >&, int, bool, bool, bool, bool)’
   24 |         CMData(vector<vector<float>> &points, vector<vector<complex<float>>> &values, int dimension, bool with_w, bool with_n, bool is_complex, bool is_vector);
      |         ^~~~~~
/home/g/Research/FFirefly/src/objects/CMField/tests/../../CMData/cmdata.hpp:24:39: note: no known conversion for argument 1 from ‘std::vector<Vec>’ to ‘std::vector<std::vector<float> >&’
   24 |         CMData(vector<vector<float>> &points, vector<vector<complex<float>>> &values, int dimension, bool with_w, bool with_n, bool is_complex, bool is_vector);
      |                ~~~~~~~~~~~~~~~~~~~~~~~^~~~~~
/home/g/Research/FFirefly/src/objects/CMField/tests/../../CMData/cmdata.hpp:26:9: note: candidate 2: ‘CMData::CMData(std::string)’
   26 |         CMData(string filename);
      |         ^~~~~~
/home/g/Research/FFirefly/src/objects/CMField/tests/../../CMData/cmdata.hpp:26:9: note: candidate expects 1 argument, 7 provided
/home/g/Research/FFirefly/src/objects/CMField/tests/../../CMData/cmdata.hpp:22:9: note: candidate 3: ‘CMData::CMData()’
   22 |         CMData();
      |         ^~~~~~
/home/g/Research/FFirefly/src/objects/CMField/tests/../../CMData/cmdata.hpp:22:9: note: candidate expects 0 arguments, 7 provided
/home/g/Research/FFirefly/src/objects/CMField/tests/../../CMData/cmdata.hpp:8:7: note: candidate 4: ‘constexpr CMData::CMData(const CMData&)’
    8 | class CMData {
      |       ^~~~~~
/home/g/Research/FFirefly/src/objects/CMField/tests/../../CMData/cmdata.hpp:8:7: note: candidate expects 1 argument, 7 provided
/home/g/Research/FFirefly/src/objects/CMField/tests/field_tests.cpp: In function ‘bool Field_C_interp_test_2d_with_w()’:
/home/g/Research/FFirefly/src/objects/CMField/tests/field_tests.cpp:121:81: error: no matching function for call to ‘CMData::CMData(std::vector<Vec>&, std::vector<std::complex<Vec> >&, int&, bool&, bool&, bool&, bool&)’
  121 |     CMData data(points, values, dimension, with_w, with_n, is_complex, is_vector);
      |                                                                                 ^
/home/g/Research/FFirefly/src/objects/CMField/tests/field_tests.cpp:121:81: note: there are 4 candidates
/home/g/Research/FFirefly/src/objects/CMField/tests/../../CMData/cmdata.hpp:24:9: note: candidate 1: ‘CMData::CMData(std::vector<std::vector<float> >&, std::vector<std::vector<std::complex<float> > >&, int, bool, bool, bool, bool)’
   24 |         CMData(vector<vector<float>> &points, vector<vector<complex<float>>> &values, int dimension, bool with_w, bool with_n, bool is_complex, bool is_vector);
      |         ^~~~~~
/home/g/Research/FFirefly/src/objects/CMField/tests/../../CMData/cmdata.hpp:24:39: note: no known conversion for argument 1 from ‘std::vector<Vec>’ to ‘std::vector<std::vector<float> >&’
   24 |         CMData(vector<vector<float>> &points, vector<vector<complex<float>>> &values, int dimension, bool with_w, bool with_n, bool is_complex, bool is_vector);
      |                ~~~~~~~~~~~~~~~~~~~~~~~^~~~~~
/home/g/Research/FFirefly/src/objects/CMField/tests/../../CMData/cmdata.hpp:26:9: note: candidate 2: ‘CMData::CMData(std::string)’
   26 |         CMData(string filename);
      |         ^~~~~~
/home/g/Research/FFirefly/src/objects/CMField/tests/../../CMData/cmdata.hpp:26:9: note: candidate expects 1 argument, 7 provided
/home/g/Research/FFirefly/src/objects/CMField/tests/../../CMData/cmdata.hpp:22:9: note: candidate 3: ‘CMData::CMData()’
   22 |         CMData();
      |         ^~~~~~
/home/g/Research/FFirefly/src/objects/CMField/tests/../../CMData/cmdata.hpp:22:9: note: candidate expects 0 arguments, 7 provided
/home/g/Research/FFirefly/src/objects/CMField/tests/../../CMData/cmdata.hpp:8:7: note: candidate 4: ‘constexpr CMData::CMData(const CMData&)’
    8 | class CMData {
      |       ^~~~~~
/home/g/Research/FFirefly/src/objects/CMField/tests/../../CMData/cmdata.hpp:8:7: note: candidate expects 1 argument, 7 provided
FAILED: CMakeFiles/objlib_cpp.dir/src/module/exports/cpp_export.cpp.o 
ccache /sbin/c++ -D_GLIBCXX_USE_CXX11_ABI=1 -I/home/g/Research/FFirefly -I/usr/include/python3.13 -I/usr/include/julia -O3 -fopenmp -fPIC -std=gnu++20 -MD -MT CMakeFiles/objlib_cpp.dir/src/module/exports/cpp_export.cpp.o -MF CMakeFiles/objlib_cpp.dir/src/module/exports/cpp_export.cpp.o.d -o CMakeFiles/objlib_cpp.dir/src/module/exports/cpp_export.cpp.o -c /home/g/Research/FFirefly/src/module/exports/cpp_export.cpp
/home/g/Research/FFirefly/src/module/exports/cpp_export.cpp: In function ‘void CMF_points_export0(CMField*, std::vector<Vec>&)’:
/home/g/Research/FFirefly/src/module/exports/cpp_export.cpp:260:24: error: no match for ‘operator=’ (operand types are ‘std::vector<Vec>’ and ‘std::vector<std::vector<float> >’)
  260 |     points = cmf->data.points;
      |                        ^~~~~~
/home/g/Research/FFirefly/src/module/exports/cpp_export.cpp:260:24: note: there are 3 candidates
In file included from /usr/include/c++/15.1.1/vector:74,
                 from /home/g/Research/FFirefly/src/module/exports/../../config/load/cpp_config.hpp:4,
                 from /home/g/Research/FFirefly/src/module/exports/cpp_export.cpp:4:
/usr/include/c++/15.1.1/bits/vector.tcc:210:5: note: candidate 1: ‘constexpr std::vector<_Tp, _Alloc>& std::vector<_Tp, _Alloc>::operator=(const std::vector<_Tp, _Alloc>&) [with _Tp = Vec; _Alloc = std::allocator<Vec>]’
  210 |     vector<_Tp, _Alloc>::
      |     ^~~~~~~~~~~~~~~~~~~
/usr/include/c++/15.1.1/bits/vector.tcc:211:42: note: no known conversion for argument 1 from ‘std::vector<std::vector<float> >’ to ‘const std::vector<Vec>&’
  211 |     operator=(const vector<_Tp, _Alloc>& __x)
      |               ~~~~~~~~~~~~~~~~~~~~~~~~~~~^~~
In file included from /usr/include/c++/15.1.1/vector:68:
/usr/include/c++/15.1.1/bits/stl_vector.h:833:7: note: candidate 2: ‘constexpr std::vector<_Tp, _Alloc>& std::vector<_Tp, _Alloc>::operator=(std::vector<_Tp, _Alloc>&&) [with _Tp = Vec; _Alloc = std::allocator<Vec>]’
  833 |       operator=(vector&& __x) noexcept(_Alloc_traits::_S_nothrow_move())
      |       ^~~~~~~~
/usr/include/c++/15.1.1/bits/stl_vector.h:833:26: note: no known conversion for argument 1 from ‘std::vector<std::vector<float> >’ to ‘std::vector<Vec>&&’
  833 |       operator=(vector&& __x) noexcept(_Alloc_traits::_S_nothrow_move())
      |                 ~~~~~~~~~^~~
/usr/include/c++/15.1.1/bits/stl_vector.h:855:7: note: candidate 3: ‘constexpr std::vector<_Tp, _Alloc>& std::vector<_Tp, _Alloc>::operator=(std::initializer_list<_Tp>) [with _Tp = Vec; _Alloc = std::allocator<Vec>]’
  855 |       operator=(initializer_list<value_type> __l)
      |       ^~~~~~~~
/usr/include/c++/15.1.1/bits/stl_vector.h:855:46: note: no known conversion for argument 1 from ‘std::vector<std::vector<float> >’ to ‘std::initializer_list<Vec>’
  855 |       operator=(initializer_list<value_type> __l)
      |                 ~~~~~~~~~~~~~~~~~~~~~~~~~~~~~^~~
/home/g/Research/FFirefly/src/module/exports/cpp_export.cpp: In function ‘void CMF_values_export0(CMField*, std::vector<std::complex<Vec> >&)’:
/home/g/Research/FFirefly/src/module/exports/cpp_export.cpp:266:24: error: no match for ‘operator=’ (operand types are ‘std::vector<std::complex<Vec> >’ and ‘std::vector<std::vector<std::complex<float> > >’)
  266 |     values = cmf->data.values;
      |                        ^~~~~~
/home/g/Research/FFirefly/src/module/exports/cpp_export.cpp:266:24: note: there are 3 candidates
/usr/include/c++/15.1.1/bits/vector.tcc:210:5: note: candidate 1: ‘constexpr std::vector<_Tp, _Alloc>& std::vector<_Tp, _Alloc>::operator=(const std::vector<_Tp, _Alloc>&) [with _Tp = std::complex<Vec>; _Alloc = std::allocator<std::complex<Vec> >]’
  210 |     vector<_Tp, _Alloc>::
      |     ^~~~~~~~~~~~~~~~~~~
/usr/include/c++/15.1.1/bits/vector.tcc:211:42: note: no known conversion for argument 1 from ‘std::vector<std::vector<std::complex<float> > >’ to ‘const std::vector<std::complex<Vec> >&’
  211 |     operator=(const vector<_Tp, _Alloc>& __x)
      |               ~~~~~~~~~~~~~~~~~~~~~~~~~~~^~~
/usr/include/c++/15.1.1/bits/stl_vector.h:833:7: note: candidate 2: ‘constexpr std::vector<_Tp, _Alloc>& std::vector<_Tp, _Alloc>::operator=(std::vector<_Tp, _Alloc>&&) [with _Tp = std::complex<Vec>; _Alloc = std::allocator<std::complex<Vec> >]’
  833 |       operator=(vector&& __x) noexcept(_Alloc_traits::_S_nothrow_move())
      |       ^~~~~~~~
/usr/include/c++/15.1.1/bits/stl_vector.h:833:26: note: no known conversion for argument 1 from ‘std::vector<std::vector<std::complex<float> > >’ to ‘std::vector<std::complex<Vec> >&&’
  833 |       operator=(vector&& __x) noexcept(_Alloc_traits::_S_nothrow_move())
      |                 ~~~~~~~~~^~~
/usr/include/c++/15.1.1/bits/stl_vector.h:855:7: note: candidate 3: ‘constexpr std::vector<_Tp, _Alloc>& std::vector<_Tp, _Alloc>::operator=(std::initializer_list<_Tp>) [with _Tp = std::complex<Vec>; _Alloc = std::allocator<std::complex<Vec> >]’
  855 |       operator=(initializer_list<value_type> __l)
      |       ^~~~~~~~
/usr/include/c++/15.1.1/bits/stl_vector.h:855:46: note: no known conversion for argument 1 from ‘std::vector<std::vector<std::complex<float> > >’ to ‘std::initializer_list<std::complex<Vec> >’
  855 |       operator=(initializer_list<value_type> __l)
      |                 ~~~~~~~~~~~~~~~~~~~~~~~~~~~~~^~~
FAILED: CMakeFiles/objlib_cpp.dir/src/objects/CMField/cmfield.cpp.o 
ccache /sbin/c++ -D_GLIBCXX_USE_CXX11_ABI=1 -I/home/g/Research/FFirefly -I/usr/include/python3.13 -I/usr/include/julia -O3 -fopenmp -fPIC -std=gnu++20 -MD -MT CMakeFiles/objlib_cpp.dir/src/objects/CMField/cmfield.cpp.o -MF CMakeFiles/objlib_cpp.dir/src/objects/CMField/cmfield.cpp.o.d -o CMakeFiles/objlib_cpp.dir/src/objects/CMField/cmfield.cpp.o -c /home/g/Research/FFirefly/src/objects/CMField/cmfield.cpp
/home/g/Research/FFirefly/src/objects/CMField/cmfield.cpp: In constructor ‘CMField::CMField(std::vector<Vec>, std::vector<std::complex<Vec> >, int, bool, bool, bool, bool)’:
/home/g/Research/FFirefly/src/objects/CMField/cmfield.cpp:67:28: error: no matching function for call to ‘CMData::CMData(std::vector<Vec>&, std::vector<std::complex<Vec> >&, int&, bool&, bool&, bool&, bool&)’
   67 |                   is_vector);
      |                            ^
/home/g/Research/FFirefly/src/objects/CMField/cmfield.cpp:67:28: note: there are 4 candidates
In file included from /home/g/Research/FFirefly/src/objects/CMField/cmfield.cpp:21:
/home/g/Research/FFirefly/src/objects/CMField/../CMData/cmdata.hpp:24:9: note: candidate 1: ‘CMData::CMData(std::vector<std::vector<float> >&, std::vector<std::vector<std::complex<float> > >&, int, bool, bool, bool, bool)’
   24 |         CMData(vector<vector<float>> &points, vector<vector<complex<float>>> &values, int dimension, bool with_w, bool with_n, bool is_complex, bool is_vector);
      |         ^~~~~~
/home/g/Research/FFirefly/src/objects/CMField/../CMData/cmdata.hpp:24:39: note: no known conversion for argument 1 from ‘std::vector<Vec>’ to ‘std::vector<std::vector<float> >&’
   24 |         CMData(vector<vector<float>> &points, vector<vector<complex<float>>> &values, int dimension, bool with_w, bool with_n, bool is_complex, bool is_vector);
      |                ~~~~~~~~~~~~~~~~~~~~~~~^~~~~~
/home/g/Research/FFirefly/src/objects/CMField/../CMData/cmdata.hpp:26:9: note: candidate 2: ‘CMData::CMData(std::string)’
   26 |         CMData(string filename);
      |         ^~~~~~
/home/g/Research/FFirefly/src/objects/CMField/../CMData/cmdata.hpp:26:9: note: candidate expects 1 argument, 7 provided
/home/g/Research/FFirefly/src/objects/CMField/../CMData/cmdata.hpp:22:9: note: candidate 3: ‘CMData::CMData()’
   22 |         CMData();
      |         ^~~~~~
/home/g/Research/FFirefly/src/objects/CMField/../CMData/cmdata.hpp:22:9: note: candidate expects 0 arguments, 7 provided
/home/g/Research/FFirefly/src/objects/CMField/../CMData/cmdata.hpp:8:7: note: candidate 4: ‘constexpr CMData::CMData(const CMData&)’
    8 | class CMData {
      |       ^~~~~~
/home/g/Research/FFirefly/src/objects/CMField/../CMData/cmdata.hpp:8:7: note: candidate expects 1 argument, 7 provided
/home/g/Research/FFirefly/src/objects/CMField/cmfield.cpp: In function ‘void empty_CMData(CMData&)’:
/home/g/Research/FFirefly/src/objects/CMField/cmfield.cpp:83:31: error: no match for ‘operator=’ (operand types are ‘std::vector<std::vector<float> >’ and ‘std::vector<Vec>’)
   83 |     data.points = vector<Vec>();
      |                               ^
/home/g/Research/FFirefly/src/objects/CMField/cmfield.cpp:83:31: note: there are 3 candidates
In file included from /usr/include/c++/15.1.1/vector:74,
                 from /home/g/Research/FFirefly/src/objects/CMField/cmfield.cpp:18:
/usr/include/c++/15.1.1/bits/vector.tcc:210:5: note: candidate 1: ‘constexpr std::vector<_Tp, _Alloc>& std::vector<_Tp, _Alloc>::operator=(const std::vector<_Tp, _Alloc>&) [with _Tp = std::vector<float>; _Alloc = std::allocator<std::vector<float> >]’
  210 |     vector<_Tp, _Alloc>::
      |     ^~~~~~~~~~~~~~~~~~~
/usr/include/c++/15.1.1/bits/vector.tcc:211:42: note: no known conversion for argument 1 from ‘std::vector<Vec>’ to ‘const std::vector<std::vector<float> >&’
  211 |     operator=(const vector<_Tp, _Alloc>& __x)
      |               ~~~~~~~~~~~~~~~~~~~~~~~~~~~^~~
In file included from /usr/include/c++/15.1.1/vector:68:
/usr/include/c++/15.1.1/bits/stl_vector.h:833:7: note: candidate 2: ‘constexpr std::vector<_Tp, _Alloc>& std::vector<_Tp, _Alloc>::operator=(std::vector<_Tp, _Alloc>&&) [with _Tp = std::vector<float>; _Alloc = std::allocator<std::vector<float> >]’
  833 |       operator=(vector&& __x) noexcept(_Alloc_traits::_S_nothrow_move())
      |       ^~~~~~~~
/usr/include/c++/15.1.1/bits/stl_vector.h:833:26: note: no known conversion for argument 1 from ‘std::vector<Vec>’ to ‘std::vector<std::vector<float> >&&’
  833 |       operator=(vector&& __x) noexcept(_Alloc_traits::_S_nothrow_move())
      |                 ~~~~~~~~~^~~
/usr/include/c++/15.1.1/bits/stl_vector.h:855:7: note: candidate 3: ‘constexpr std::vector<_Tp, _Alloc>& std::vector<_Tp, _Alloc>::operator=(std::initializer_list<_Tp>) [with _Tp = std::vector<float>; _Alloc = std::allocator<std::vector<float> >]’
  855 |       operator=(initializer_list<value_type> __l)
      |       ^~~~~~~~
/usr/include/c++/15.1.1/bits/stl_vector.h:855:46: note: no known conversion for argument 1 from ‘std::vector<Vec>’ to ‘std::initializer_list<std::vector<float> >’
  855 |       operator=(initializer_list<value_type> __l)
      |                 ~~~~~~~~~~~~~~~~~~~~~~~~~~~~~^~~
/home/g/Research/FFirefly/src/objects/CMField/cmfield.cpp:85:40: error: no match for ‘operator=’ (operand types are ‘std::vector<std::vector<std::complex<float> > >’ and ‘std::vector<std::complex<Vec> >’)
   85 |     data.values = vector<complex<Vec>>();
      |                                        ^
/home/g/Research/FFirefly/src/objects/CMField/cmfield.cpp:85:40: note: there are 3 candidates
/usr/include/c++/15.1.1/bits/vector.tcc:210:5: note: candidate 1: ‘constexpr std::vector<_Tp, _Alloc>& std::vector<_Tp, _Alloc>::operator=(const std::vector<_Tp, _Alloc>&) [with _Tp = std::vector<std::complex<float> >; _Alloc = std::allocator<std::vector<std::complex<float> > >]’
  210 |     vector<_Tp, _Alloc>::
      |     ^~~~~~~~~~~~~~~~~~~
/usr/include/c++/15.1.1/bits/vector.tcc:211:42: note: no known conversion for argument 1 from ‘std::vector<std::complex<Vec> >’ to ‘const std::vector<std::vector<std::complex<float> > >&’
  211 |     operator=(const vector<_Tp, _Alloc>& __x)
      |               ~~~~~~~~~~~~~~~~~~~~~~~~~~~^~~
/usr/include/c++/15.1.1/bits/stl_vector.h:833:7: note: candidate 2: ‘constexpr std::vector<_Tp, _Alloc>& std::vector<_Tp, _Alloc>::operator=(std::vector<_Tp, _Alloc>&&) [with _Tp = std::vector<std::complex<float> >; _Alloc = std::allocator<std::vector<std::complex<float> > >]’
  833 |       operator=(vector&& __x) noexcept(_Alloc_traits::_S_nothrow_move())
      |       ^~~~~~~~
/usr/include/c++/15.1.1/bits/stl_vector.h:833:26: note: no known conversion for argument 1 from ‘std::vector<std::complex<Vec> >’ to ‘std::vector<std::vector<std::complex<float> > >&&’
  833 |       operator=(vector&& __x) noexcept(_Alloc_traits::_S_nothrow_move())
      |                 ~~~~~~~~~^~~
/usr/include/c++/15.1.1/bits/stl_vector.h:855:7: note: candidate 3: ‘constexpr std::vector<_Tp, _Alloc>& std::vector<_Tp, _Alloc>::operator=(std::initializer_list<_Tp>) [with _Tp = std::vector<std::complex<float> >; _Alloc = std::allocator<std::vector<std::complex<float> > >]’
  855 |       operator=(initializer_list<value_type> __l)
      |       ^~~~~~~~
/usr/include/c++/15.1.1/bits/stl_vector.h:855:46: note: no known conversion for argument 1 from ‘std::vector<std::complex<Vec> >’ to ‘std::initializer_list<std::vector<std::complex<float> > >’
  855 |       operator=(initializer_list<value_type> __l)
      |                 ~~~~~~~~~~~~~~~~~~~~~~~~~~~~~^~~
/home/g/Research/FFirefly/src/objects/CMField/cmfield.cpp: In function ‘void make_values_2d(std::vector<std::vector<std::complex<Vec> > >&, CMData&)’:
/home/g/Research/FFirefly/src/objects/CMField/cmfield.cpp:91:25: error: no matching function for call to ‘std::vector<std::vector<std::complex<Vec> > >::push_back(std::vector<std::vector<std::complex<float> > >&)’
   91 |         values.push_back(data.values);
      |         ~~~~~~~~~~~~~~~~^~~~~~~~~~~~~
/home/g/Research/FFirefly/src/objects/CMField/cmfield.cpp:91:25: note: there are 2 candidates
/usr/include/c++/15.1.1/bits/stl_vector.h:1416:7: note: candidate 1: ‘constexpr void std::vector<_Tp, _Alloc>::push_back(const value_type&) [with _Tp = std::vector<std::complex<Vec> >; _Alloc = std::allocator<std::vector<std::complex<Vec> > >; value_type = std::vector<std::complex<Vec> >]’
 1416 |       push_back(const value_type& __x)
      |       ^~~~~~~~~
/usr/include/c++/15.1.1/bits/stl_vector.h:1416:35: note: no known conversion for argument 1 from ‘std::vector<std::vector<std::complex<float> > >’ to ‘const std::vector<std::vector<std::complex<Vec> > >::value_type&’ {aka ‘const std::vector<std::complex<Vec> >&’}
 1416 |       push_back(const value_type& __x)
      |                 ~~~~~~~~~~~~~~~~~~^~~
/usr/include/c++/15.1.1/bits/stl_vector.h:1433:7: note: candidate 2: ‘constexpr void std::vector<_Tp, _Alloc>::push_back(value_type&&) [with _Tp = std::vector<std::complex<Vec> >; _Alloc = std::allocator<std::vector<std::complex<Vec> > >; value_type = std::vector<std::complex<Vec> >]’
 1433 |       push_back(value_type&& __x)
      |       ^~~~~~~~~
/usr/include/c++/15.1.1/bits/stl_vector.h:1433:30: note: no known conversion for argument 1 from ‘std::vector<std::vector<std::complex<float> > >’ to ‘std::vector<std::vector<std::complex<Vec> > >::value_type&&’ {aka ‘std::vector<std::complex<Vec> >&&’}
 1433 |       push_back(value_type&& __x)
      |                 ~~~~~~~~~~~~~^~~
In file included from /usr/include/c++/15.1.1/bits/stl_iterator.h:78,
                 from /usr/include/c++/15.1.1/bits/stl_algobase.h:67,
                 from /usr/include/c++/15.1.1/algorithm:62,
                 from /home/g/Research/FFirefly/src/objects/CMField/cmfield.cpp:10:
/usr/include/c++/15.1.1/bits/stl_construct.h: In instantiation of ‘constexpr void std::_Construct(_Tp*, _Args&& ...) [with _Tp = complex<Vec>; _Args = {vector<complex<float>, allocator<complex<float> > >&}]’:
/usr/include/c++/15.1.1/bits/stl_uninitialized.h:145:17:   required from ‘constexpr _ForwardIterator std::__do_uninit_copy(_InputIterator, _Sentinel, _ForwardIterator) [with _InputIterator = __gnu_cxx::__normal_iterator<vector<complex<float> >*, vector<vector<complex<float> > > >; _Sentinel = __gnu_cxx::__normal_iterator<vector<complex<float> >*, vector<vector<complex<float> > > >; _ForwardIterator = complex<Vec>*]’
  145 |         std::_Construct(std::__addressof(*__result), *__first);
      |         ~~~~~~~~~~~~~~~^~~~~~~~~~~~~~~~~~~~~~~~~~~~~~~~~~~~~~~
/usr/include/c++/15.1.1/bits/stl_uninitialized.h:618:30:   required from ‘constexpr _ForwardIterator std::__uninitialized_copy_a(_InputIterator, _Sentinel, _ForwardIterator, allocator<_Tp>&) [with _InputIterator = __gnu_cxx::__normal_iterator<vector<complex<float> >*, vector<vector<complex<float> > > >; _Sentinel = __gnu_cxx::__normal_iterator<vector<complex<float> >*, vector<vector<complex<float> > > >; _ForwardIterator = complex<Vec>*; _Tp = complex<Vec>]’
  618 |         return std::__do_uninit_copy(std::move(__first), __last, __result);
      |                ~~~~~~~~~~~~~~~~~~~~~^~~~~~~~~~~~~~~~~~~~~~~~~~~~~~~~~~~~~~
/usr/include/c++/15.1.1/bits/stl_vector.h:1988:37:   required from ‘constexpr void std::vector<_Tp, _Alloc>::_M_range_initialize_n(_Iterator, _Sentinel, size_type) [with _Iterator = __gnu_cxx::__normal_iterator<std::vector<std::complex<float> >*, std::vector<std::vector<std::complex<float> > > >; _Sentinel = __gnu_cxx::__normal_iterator<std::vector<std::complex<float> >*, std::vector<std::vector<std::complex<float> > > >; _Tp = std::complex<Vec>; _Alloc = std::allocator<std::complex<Vec> >; size_type = long unsigned int]’
 1988 |               = std::__uninitialized_copy_a(_GLIBCXX_MOVE(__first), __last,
      |                 ~~~~~~~~~~~~~~~~~~~~~~~~~~~^~~~~~~~~~~~~~~~~~~~~~~~~~~~~~~~
 1989 |                                             __start, _M_get_Tp_allocator());
      |                                             ~~~~~~~~~~~~~~~~~~~~~~~~~~~~~~~
/usr/include/c++/15.1.1/bits/stl_vector.h:746:29:   required from ‘constexpr std::vector<_Tp, _Alloc>::vector(_InputIterator, _InputIterator, const allocator_type&) [with _InputIterator = __gnu_cxx::__normal_iterator<std::vector<std::complex<float> >*, std::vector<std::vector<std::complex<float> > > >; <template-parameter-2-2> = void; _Tp = std::complex<Vec>; _Alloc = std::allocator<std::complex<Vec> >; allocator_type = std::allocator<std::complex<Vec> >]’
  746 |               _M_range_initialize_n(__first, __last, __n);
      |               ~~~~~~~~~~~~~~~~~~~~~^~~~~~~~~~~~~~~~~~~~~~
/usr/include/c++/15.1.1/bits/stl_construct.h:110:9:   required from ‘constexpr _Tp* std::construct_at(_Tp*, _Args&& ...) [with _Tp = vector<complex<Vec> >; _Args = {__gnu_cxx::__normal_iterator<vector<complex<float>, allocator<complex<float> > >*, vector<vector<complex<float>, allocator<complex<float> > >, allocator<vector<complex<float>, allocator<complex<float> > > > > >, __gnu_cxx::__normal_iterator<vector<complex<float>, allocator<complex<float> > >*, vector<vector<complex<float>, allocator<complex<float> > >, allocator<vector<complex<float>, allocator<complex<float> > > > > >}]’
  110 |         return ::new(__loc) _Tp(std::forward<_Args>(__args)...);
      |                ^~~~~~~~~~~~~~~~~~~~~~~~~~~~~~~~~~~~~~~~~~~~~~~~
/usr/include/c++/15.1.1/bits/alloc_traits.h:676:21:   required from ‘static constexpr void std::allocator_traits<std::allocator<_CharT> >::construct(allocator_type&, _Up*, _Args&& ...) [with _Up = std::vector<std::complex<Vec> >; _Args = {__gnu_cxx::__normal_iterator<std::vector<std::complex<float>, std::allocator<std::complex<float> > >*, std::vector<std::vector<std::complex<float>, std::allocator<std::complex<float> > >, std::allocator<std::vector<std::complex<float>, std::allocator<std::complex<float> > > > > >, __gnu_cxx::__normal_iterator<std::vector<std::complex<float>, std::allocator<std::complex<float> > >*, std::vector<std::vector<std::complex<float>, std::allocator<std::complex<float> > >, std::allocator<std::vector<std::complex<float>, std::allocator<std::complex<float> > > > > >}; _Tp = std::vector<std::complex<Vec> >; allocator_type = std::allocator<std::vector<std::complex<Vec> > >]’
  676 |           std::construct_at(__p, std::forward<_Args>(__args)...);
      |           ~~~~~~~~~~~~~~~~~^~~~~~~~~~~~~~~~~~~~~~~~~~~~~~~~~~~~~
/usr/include/c++/15.1.1/bits/vector.tcc:117:30:   required from ‘constexpr std::vector<_Tp, _Alloc>::reference std::vector<_Tp, _Alloc>::emplace_back(_Args&& ...) [with _Args = {__gnu_cxx::__normal_iterator<std::vector<std::complex<float>, std::allocator<std::complex<float> > >*, std::vector<std::vector<std::complex<float>, std::allocator<std::complex<float> > >, std::allocator<std::vector<std::complex<float>, std::allocator<std::complex<float> > > > > >, __gnu_cxx::__normal_iterator<std::vector<std::complex<float>, std::allocator<std::complex<float> > >*, std::vector<std::vector<std::complex<float>, std::allocator<std::complex<float> > >, std::allocator<std::vector<std::complex<float>, std::allocator<std::complex<float> > > > > >}; _Tp = std::vector<std::complex<Vec> >; _Alloc = std::allocator<std::vector<std::complex<Vec> > >; reference = std::vector<std::complex<Vec> >&]’
  117 |             _Alloc_traits::construct(this->_M_impl, this->_M_impl._M_finish,
      |             ~~~~~~~~~~~~~~~~~~~~~~~~^~~~~~~~~~~~~~~~~~~~~~~~~~~~~~~~~~~~~~~~
  118 |                                      std::forward<_Args>(__args)...);
      |                                      ~~~~~~~~~~~~~~~~~~~~~~~~~~~~~~~
/home/g/Research/FFirefly/src/objects/CMField/cmfield.cpp:101:28:   required from here
  101 |         values.emplace_back(data.values.begin() + start,
      |         ~~~~~~~~~~~~~~~~~~~^~~~~~~~~~~~~~~~~~~~~~~~~~~~~
  102 |                             data.values.begin() + end);
      |                             ~~~~~~~~~~~~~~~~~~~~~~~~~~
/usr/include/c++/15.1.1/bits/stl_construct.h:129:28: error: no matching function for call to ‘construct_at(std::complex<Vec>*&, std::vector<std::complex<float> >&)’
  129 |           std::construct_at(__p, std::forward<_Args>(__args)...);
      |           ~~~~~~~~~~~~~~~~~^~~~~~~~~~~~~~~~~~~~~~~~~~~~~~~~~~~~~
/usr/include/c++/15.1.1/bits/stl_construct.h:129:28: note: there is 1 candidate
/usr/include/c++/15.1.1/bits/stl_construct.h:96:5: note: candidate 1: ‘template<class _Tp, class ... _Args>  requires !(is_unbounded_array_v<_Tp>) && requires{::new(void*(0)) _Tp;} constexpr _Tp* std::construct_at(_Tp*, _Args&& ...)’
   96 |     construct_at(_Tp* __location, _Args&&... __args)
      |     ^~~~~~~~~~~~
/usr/include/c++/15.1.1/bits/stl_construct.h:96:5: note: template argument deduction/substitution failed:
/usr/include/c++/15.1.1/bits/stl_construct.h:96:5: note: constraints not satisfied
/usr/include/c++/15.1.1/bits/stl_construct.h: In substitution of ‘template<class _Tp, class ... _Args>  requires !(is_unbounded_array_v<_Tp>) && requires{::new(void*(0)) _Tp;} constexpr _Tp* std::construct_at(_Tp*, _Args&& ...) [with _Tp = std::complex<Vec>; _Args = {std::vector<std::complex<float>, std::allocator<std::complex<float> > >&}]’:
/usr/include/c++/15.1.1/bits/stl_construct.h:129:21:   required from ‘constexpr void std::_Construct(_Tp*, _Args&& ...) [with _Tp = complex<Vec>; _Args = {vector<complex<float>, allocator<complex<float> > >&}]’
  129 |           std::construct_at(__p, std::forward<_Args>(__args)...);
      |           ~~~~~~~~~~~~~~~~~^~~~~~~~~~~~~~~~~~~~~~~~~~~~~~~~~~~~~
/usr/include/c++/15.1.1/bits/stl_uninitialized.h:145:17:   required from ‘constexpr _ForwardIterator std::__do_uninit_copy(_InputIterator, _Sentinel, _ForwardIterator) [with _InputIterator = __gnu_cxx::__normal_iterator<vector<complex<float> >*, vector<vector<complex<float> > > >; _Sentinel = __gnu_cxx::__normal_iterator<vector<complex<float> >*, vector<vector<complex<float> > > >; _ForwardIterator = complex<Vec>*]’
  145 |         std::_Construct(std::__addressof(*__result), *__first);
      |         ~~~~~~~~~~~~~~~^~~~~~~~~~~~~~~~~~~~~~~~~~~~~~~~~~~~~~~
/usr/include/c++/15.1.1/bits/stl_uninitialized.h:618:30:   required from ‘constexpr _ForwardIterator std::__uninitialized_copy_a(_InputIterator, _Sentinel, _ForwardIterator, allocator<_Tp>&) [with _InputIterator = __gnu_cxx::__normal_iterator<vector<complex<float> >*, vector<vector<complex<float> > > >; _Sentinel = __gnu_cxx::__normal_iterator<vector<complex<float> >*, vector<vector<complex<float> > > >; _ForwardIterator = complex<Vec>*; _Tp = complex<Vec>]’
  618 |         return std::__do_uninit_copy(std::move(__first), __last, __result);
      |                ~~~~~~~~~~~~~~~~~~~~~^~~~~~~~~~~~~~~~~~~~~~~~~~~~~~~~~~~~~~
/usr/include/c++/15.1.1/bits/stl_vector.h:1988:37:   required from ‘constexpr void std::vector<_Tp, _Alloc>::_M_range_initialize_n(_Iterator, _Sentinel, size_type) [with _Iterator = __gnu_cxx::__normal_iterator<std::vector<std::complex<float> >*, std::vector<std::vector<std::complex<float> > > >; _Sentinel = __gnu_cxx::__normal_iterator<std::vector<std::complex<float> >*, std::vector<std::vector<std::complex<float> > > >; _Tp = std::complex<Vec>; _Alloc = std::allocator<std::complex<Vec> >; size_type = long unsigned int]’
 1988 |               = std::__uninitialized_copy_a(_GLIBCXX_MOVE(__first), __last,
      |                 ~~~~~~~~~~~~~~~~~~~~~~~~~~~^~~~~~~~~~~~~~~~~~~~~~~~~~~~~~~~
 1989 |                                             __start, _M_get_Tp_allocator());
      |                                             ~~~~~~~~~~~~~~~~~~~~~~~~~~~~~~~
/usr/include/c++/15.1.1/bits/stl_vector.h:746:29:   required from ‘constexpr std::vector<_Tp, _Alloc>::vector(_InputIterator, _InputIterator, const allocator_type&) [with _InputIterator = __gnu_cxx::__normal_iterator<std::vector<std::complex<float> >*, std::vector<std::vector<std::complex<float> > > >; <template-parameter-2-2> = void; _Tp = std::complex<Vec>; _Alloc = std::allocator<std::complex<Vec> >; allocator_type = std::allocator<std::complex<Vec> >]’
  746 |               _M_range_initialize_n(__first, __last, __n);
      |               ~~~~~~~~~~~~~~~~~~~~~^~~~~~~~~~~~~~~~~~~~~~
/usr/include/c++/15.1.1/bits/stl_construct.h:110:9:   required from ‘constexpr _Tp* std::construct_at(_Tp*, _Args&& ...) [with _Tp = vector<complex<Vec> >; _Args = {__gnu_cxx::__normal_iterator<vector<complex<float>, allocator<complex<float> > >*, vector<vector<complex<float>, allocator<complex<float> > >, allocator<vector<complex<float>, allocator<complex<float> > > > > >, __gnu_cxx::__normal_iterator<vector<complex<float>, allocator<complex<float> > >*, vector<vector<complex<float>, allocator<complex<float> > >, allocator<vector<complex<float>, allocator<complex<float> > > > > >}]’
  110 |         return ::new(__loc) _Tp(std::forward<_Args>(__args)...);
      |                ^~~~~~~~~~~~~~~~~~~~~~~~~~~~~~~~~~~~~~~~~~~~~~~~
/usr/include/c++/15.1.1/bits/alloc_traits.h:676:21:   required from ‘static constexpr void std::allocator_traits<std::allocator<_CharT> >::construct(allocator_type&, _Up*, _Args&& ...) [with _Up = std::vector<std::complex<Vec> >; _Args = {__gnu_cxx::__normal_iterator<std::vector<std::complex<float>, std::allocator<std::complex<float> > >*, std::vector<std::vector<std::complex<float>, std::allocator<std::complex<float> > >, std::allocator<std::vector<std::complex<float>, std::allocator<std::complex<float> > > > > >, __gnu_cxx::__normal_iterator<std::vector<std::complex<float>, std::allocator<std::complex<float> > >*, std::vector<std::vector<std::complex<float>, std::allocator<std::complex<float> > >, std::allocator<std::vector<std::complex<float>, std::allocator<std::complex<float> > > > > >}; _Tp = std::vector<std::complex<Vec> >; allocator_type = std::allocator<std::vector<std::complex<Vec> > >]’
  676 |           std::construct_at(__p, std::forward<_Args>(__args)...);
      |           ~~~~~~~~~~~~~~~~~^~~~~~~~~~~~~~~~~~~~~~~~~~~~~~~~~~~~~
/usr/include/c++/15.1.1/bits/vector.tcc:117:30:   required from ‘constexpr std::vector<_Tp, _Alloc>::reference std::vector<_Tp, _Alloc>::emplace_back(_Args&& ...) [with _Args = {__gnu_cxx::__normal_iterator<std::vector<std::complex<float>, std::allocator<std::complex<float> > >*, std::vector<std::vector<std::complex<float>, std::allocator<std::complex<float> > >, std::allocator<std::vector<std::complex<float>, std::allocator<std::complex<float> > > > > >, __gnu_cxx::__normal_iterator<std::vector<std::complex<float>, std::allocator<std::complex<float> > >*, std::vector<std::vector<std::complex<float>, std::allocator<std::complex<float> > >, std::allocator<std::vector<std::complex<float>, std::allocator<std::complex<float> > > > > >}; _Tp = std::vector<std::complex<Vec> >; _Alloc = std::allocator<std::vector<std::complex<Vec> > >; reference = std::vector<std::complex<Vec> >&]’
  117 |             _Alloc_traits::construct(this->_M_impl, this->_M_impl._M_finish,
      |             ~~~~~~~~~~~~~~~~~~~~~~~~^~~~~~~~~~~~~~~~~~~~~~~~~~~~~~~~~~~~~~~~
  118 |                                      std::forward<_Args>(__args)...);
      |                                      ~~~~~~~~~~~~~~~~~~~~~~~~~~~~~~~
/home/g/Research/FFirefly/src/objects/CMField/cmfield.cpp:101:28:   required from here
  101 |         values.emplace_back(data.values.begin() + start,
      |         ~~~~~~~~~~~~~~~~~~~^~~~~~~~~~~~~~~~~~~~~~~~~~~~~
  102 |                             data.values.begin() + end);
      |                             ~~~~~~~~~~~~~~~~~~~~~~~~~~
/usr/include/c++/15.1.1/bits/stl_construct.h:96:5:   required by the constraints of ‘template<class _Tp, class ... _Args>  requires !(is_unbounded_array_v<_Tp>) && requires{::new(void*(0)) _Tp;} constexpr _Tp* std::construct_at(_Tp*, _Args&& ...)’
/usr/include/c++/15.1.1/bits/stl_construct.h:94:10:   in requirements  [with _Tp = std::complex<Vec>; _Args = {std::vector<std::complex<float>, std::allocator<std::complex<float> > >&}]
/usr/include/c++/15.1.1/bits/stl_construct.h:94:21: note: the required expression ‘::new(void*(0)) _Tp’ is invalid
   94 |       && requires { ::new((void*)0) _Tp(std::declval<_Args>()...); }
      |                     ^~~~~~~~~~~~~~~~~~~~~~~~~~~~~~~~~~~~~~~~~~~~~
/usr/include/c++/15.1.1/bits/stl_construct.h: In instantiation of ‘constexpr void std::_Construct(_Tp*, _Args&& ...) [with _Tp = complex<Vec>; _Args = {vector<complex<float>, allocator<complex<float> > >&}]’:
/usr/include/c++/15.1.1/bits/stl_uninitialized.h:145:17:   required from ‘constexpr _ForwardIterator std::__do_uninit_copy(_InputIterator, _Sentinel, _ForwardIterator) [with _InputIterator = __gnu_cxx::__normal_iterator<vector<complex<float> >*, vector<vector<complex<float> > > >; _Sentinel = __gnu_cxx::__normal_iterator<vector<complex<float> >*, vector<vector<complex<float> > > >; _ForwardIterator = complex<Vec>*]’
  145 |         std::_Construct(std::__addressof(*__result), *__first);
      |         ~~~~~~~~~~~~~~~^~~~~~~~~~~~~~~~~~~~~~~~~~~~~~~~~~~~~~~
/usr/include/c++/15.1.1/bits/stl_uninitialized.h:618:30:   required from ‘constexpr _ForwardIterator std::__uninitialized_copy_a(_InputIterator, _Sentinel, _ForwardIterator, allocator<_Tp>&) [with _InputIterator = __gnu_cxx::__normal_iterator<vector<complex<float> >*, vector<vector<complex<float> > > >; _Sentinel = __gnu_cxx::__normal_iterator<vector<complex<float> >*, vector<vector<complex<float> > > >; _ForwardIterator = complex<Vec>*; _Tp = complex<Vec>]’
  618 |         return std::__do_uninit_copy(std::move(__first), __last, __result);
      |                ~~~~~~~~~~~~~~~~~~~~~^~~~~~~~~~~~~~~~~~~~~~~~~~~~~~~~~~~~~~
/usr/include/c++/15.1.1/bits/stl_vector.h:1988:37:   required from ‘constexpr void std::vector<_Tp, _Alloc>::_M_range_initialize_n(_Iterator, _Sentinel, size_type) [with _Iterator = __gnu_cxx::__normal_iterator<std::vector<std::complex<float> >*, std::vector<std::vector<std::complex<float> > > >; _Sentinel = __gnu_cxx::__normal_iterator<std::vector<std::complex<float> >*, std::vector<std::vector<std::complex<float> > > >; _Tp = std::complex<Vec>; _Alloc = std::allocator<std::complex<Vec> >; size_type = long unsigned int]’
 1988 |               = std::__uninitialized_copy_a(_GLIBCXX_MOVE(__first), __last,
      |                 ~~~~~~~~~~~~~~~~~~~~~~~~~~~^~~~~~~~~~~~~~~~~~~~~~~~~~~~~~~~
 1989 |                                             __start, _M_get_Tp_allocator());
      |                                             ~~~~~~~~~~~~~~~~~~~~~~~~~~~~~~~
/usr/include/c++/15.1.1/bits/stl_vector.h:746:29:   required from ‘constexpr std::vector<_Tp, _Alloc>::vector(_InputIterator, _InputIterator, const allocator_type&) [with _InputIterator = __gnu_cxx::__normal_iterator<std::vector<std::complex<float> >*, std::vector<std::vector<std::complex<float> > > >; <template-parameter-2-2> = void; _Tp = std::complex<Vec>; _Alloc = std::allocator<std::complex<Vec> >; allocator_type = std::allocator<std::complex<Vec> >]’
  746 |               _M_range_initialize_n(__first, __last, __n);
      |               ~~~~~~~~~~~~~~~~~~~~~^~~~~~~~~~~~~~~~~~~~~~
/usr/include/c++/15.1.1/bits/stl_construct.h:110:9:   required from ‘constexpr _Tp* std::construct_at(_Tp*, _Args&& ...) [with _Tp = vector<complex<Vec> >; _Args = {__gnu_cxx::__normal_iterator<vector<complex<float>, allocator<complex<float> > >*, vector<vector<complex<float>, allocator<complex<float> > >, allocator<vector<complex<float>, allocator<complex<float> > > > > >, __gnu_cxx::__normal_iterator<vector<complex<float>, allocator<complex<float> > >*, vector<vector<complex<float>, allocator<complex<float> > >, allocator<vector<complex<float>, allocator<complex<float> > > > > >}]’
  110 |         return ::new(__loc) _Tp(std::forward<_Args>(__args)...);
      |                ^~~~~~~~~~~~~~~~~~~~~~~~~~~~~~~~~~~~~~~~~~~~~~~~
/usr/include/c++/15.1.1/bits/alloc_traits.h:676:21:   required from ‘static constexpr void std::allocator_traits<std::allocator<_CharT> >::construct(allocator_type&, _Up*, _Args&& ...) [with _Up = std::vector<std::complex<Vec> >; _Args = {__gnu_cxx::__normal_iterator<std::vector<std::complex<float>, std::allocator<std::complex<float> > >*, std::vector<std::vector<std::complex<float>, std::allocator<std::complex<float> > >, std::allocator<std::vector<std::complex<float>, std::allocator<std::complex<float> > > > > >, __gnu_cxx::__normal_iterator<std::vector<std::complex<float>, std::allocator<std::complex<float> > >*, std::vector<std::vector<std::complex<float>, std::allocator<std::complex<float> > >, std::allocator<std::vector<std::complex<float>, std::allocator<std::complex<float> > > > > >}; _Tp = std::vector<std::complex<Vec> >; allocator_type = std::allocator<std::vector<std::complex<Vec> > >]’
  676 |           std::construct_at(__p, std::forward<_Args>(__args)...);
      |           ~~~~~~~~~~~~~~~~~^~~~~~~~~~~~~~~~~~~~~~~~~~~~~~~~~~~~~
/usr/include/c++/15.1.1/bits/vector.tcc:117:30:   required from ‘constexpr std::vector<_Tp, _Alloc>::reference std::vector<_Tp, _Alloc>::emplace_back(_Args&& ...) [with _Args = {__gnu_cxx::__normal_iterator<std::vector<std::complex<float>, std::allocator<std::complex<float> > >*, std::vector<std::vector<std::complex<float>, std::allocator<std::complex<float> > >, std::allocator<std::vector<std::complex<float>, std::allocator<std::complex<float> > > > > >, __gnu_cxx::__normal_iterator<std::vector<std::complex<float>, std::allocator<std::complex<float> > >*, std::vector<std::vector<std::complex<float>, std::allocator<std::complex<float> > >, std::allocator<std::vector<std::complex<float>, std::allocator<std::complex<float> > > > > >}; _Tp = std::vector<std::complex<Vec> >; _Alloc = std::allocator<std::vector<std::complex<Vec> > >; reference = std::vector<std::complex<Vec> >&]’
  117 |             _Alloc_traits::construct(this->_M_impl, this->_M_impl._M_finish,
      |             ~~~~~~~~~~~~~~~~~~~~~~~~^~~~~~~~~~~~~~~~~~~~~~~~~~~~~~~~~~~~~~~~
  118 |                                      std::forward<_Args>(__args)...);
      |                                      ~~~~~~~~~~~~~~~~~~~~~~~~~~~~~~~
/home/g/Research/FFirefly/src/objects/CMField/cmfield.cpp:101:28:   required from here
  101 |         values.emplace_back(data.values.begin() + start,
      |         ~~~~~~~~~~~~~~~~~~~^~~~~~~~~~~~~~~~~~~~~~~~~~~~~
  102 |                             data.values.begin() + end);
      |                             ~~~~~~~~~~~~~~~~~~~~~~~~~~
cc1plus: note: set ‘-fconcepts-diagnostics-depth=’ to at least 2 for more detail
/usr/include/c++/15.1.1/bits/stl_construct.h:133:7: error: no matching function for call to ‘std::complex<Vec>::complex(std::vector<std::complex<float> >&)’
  133 |       ::new(static_cast<void*>(__p)) _Tp(std::forward<_Args>(__args)...);
      |       ^~~~~~~~~~~~~~~~~~~~~~~~~~~~~~~~~~~~~~~~~~~~~~~~~~~~~~~~~~~~~~~~~~
/usr/include/c++/15.1.1/bits/stl_construct.h:133:7: note: there are 3 candidates
In file included from /home/g/Research/FFirefly/src/objects/CMField/cmfield.cpp:12:
/usr/include/c++/15.1.1/complex:177:28: note: candidate 1: ‘template<class _Up> constexpr std::complex<_Tp>::complex(const std::complex<_Up>&) [with _Tp = Vec]’
  177 |         _GLIBCXX_CONSTEXPR complex(const complex<_Up>& __z)
      |                            ^~~~~~~
/usr/include/c++/15.1.1/complex:177:28: note: template argument deduction/substitution failed:
/usr/include/c++/15.1.1/bits/stl_construct.h:133:7: note:   ‘std::vector<std::complex<float> >’ is not derived from ‘const std::complex<_Tp>’
  133 |       ::new(static_cast<void*>(__p)) _Tp(std::forward<_Args>(__args)...);
      |       ^~~~~~~~~~~~~~~~~~~~~~~~~~~~~~~~~~~~~~~~~~~~~~~~~~~~~~~~~~~~~~~~~~
/usr/include/c++/15.1.1/complex:169:17: note: candidate 2: ‘constexpr std::complex<_Tp>::complex(const std::complex<_Tp>&) [with _Tp = Vec]’
  169 |       constexpr complex(const complex&) = default;
      |                 ^~~~~~~
/usr/include/c++/15.1.1/complex:169:25: note: no known conversion for argument 1 from ‘std::vector<std::complex<float> >’ to ‘const std::complex<Vec>&’
  169 |       constexpr complex(const complex&) = default;
      |                         ^~~~~~~~~~~~~~
/usr/include/c++/15.1.1/complex:164:26: note: candidate 3: ‘constexpr std::complex<_Tp>::complex(const _Tp&, const _Tp&) [with _Tp = Vec]’
  164 |       _GLIBCXX_CONSTEXPR complex(const _Tp& __r = _Tp(), const _Tp& __i = _Tp())
      |                          ^~~~~~~
/usr/include/c++/15.1.1/complex:164:45: note: no known conversion for argument 1 from ‘std::vector<std::complex<float> >’ to ‘const Vec&’
  164 |       _GLIBCXX_CONSTEXPR complex(const _Tp& __r = _Tp(), const _Tp& __i = _Tp())
      |                                  ~~~~~~~~~~~^~~~~~~~~~~
ninja: build stopped: subcommand failed.
