  DEPRECATION: Legacy editable install of fcode==0.1 from file:///home/g/Research/fcode (setup.py develop) is deprecated. pip 25.0 will enforce this behaviour change. A possible replacement is to add a pyproject.toml or enable --use-pep517, and use setuptools >= 64. If the resulting installation is not behaving as expected, try using --config-settings editable_mode=compat. Please consult the setuptools documentation for more information. Discussion can be found at https://github.com/pypa/pip/issues/11457
    error: subprocess-exited-with-error
    
    × python setup.py develop did not run successfully.
    │ exit code: 1
    ╰─> [253 lines of output]
        running develop
        /usr/lib/python3.12/site-packages/setuptools/command/develop.py:41: EasyInstallDeprecationWarning: easy_install command is deprecated.
        !!
        
                ********************************************************************************
                Please avoid running ``setup.py`` and ``easy_install``.
                Instead, use pypa/build, pypa/installer or other
                standards-based tools.
        
                See https://github.com/pypa/setuptools/issues/917 for details.
                ********************************************************************************
        
        !!
          easy_install.initialize_options(self)
        /usr/lib/python3.12/site-packages/setuptools/_distutils/cmd.py:66: SetuptoolsDeprecationWarning: setup.py install is deprecated.
        !!
        
                ********************************************************************************
                Please avoid running ``setup.py`` directly.
                Instead, use pypa/build, pypa/installer or other
                standards-based tools.
        
                See https://blog.ganssle.io/articles/2021/10/setup-py-deprecated.html for details.
                ********************************************************************************
        
        !!
          self.initialize_options()
        running egg_info
        writing fcode.egg-info/PKG-INFO
        writing dependency_links to fcode.egg-info/dependency_links.txt
        writing top-level names to fcode.egg-info/top_level.txt
        writing manifest file 'fcode.egg-info/SOURCES.txt'
        running build_ext
        g++ -fno-strict-overflow -Wsign-compare -DNDEBUG -g -O3 -Wall -march=x86-64 -mtune=generic -O3 -pipe -fno-plt -fexceptions -Wp,-D_FORTIFY_SOURCE=3 -Wformat -Werror=format-security -fstack-clash-protection -fcf-protection -fno-omit-frame-pointer -mno-omit-leaf-frame-pointer -g -ffile-prefix-map=/build/python/src=/usr/src/debug/python -flto=auto -ffat-lto-objects -march=x86-64 -mtune=generic -O3 -pipe -fno-plt -fexceptions -Wp,-D_FORTIFY_SOURCE=3 -Wformat -Werror=format-security -fstack-clash-protection -fcf-protection -fno-omit-frame-pointer -mno-omit-leaf-frame-pointer -g -ffile-prefix-map=/build/python/src=/usr/src/debug/python -flto=auto -march=x86-64 -mtune=generic -O3 -pipe -fno-plt -fexceptions -Wp,-D_FORTIFY_SOURCE=3 -Wformat -Werror=format-security -fstack-clash-protection -fcf-protection -fno-omit-frame-pointer -mno-omit-leaf-frame-pointer -g -ffile-prefix-map=/build/python/src=/usr/src/debug/python -flto=auto -fPIC -I/usr/include/python3.12 -c flagcheck.cpp -o flagcheck.o -std=c++17
        building 'fcode.fmodule' extension
        g++ -fno-strict-overflow -Wsign-compare -DNDEBUG -g -O3 -Wall -march=x86-64 -mtune=generic -O3 -pipe -fno-plt -fexceptions -Wp,-D_FORTIFY_SOURCE=3 -Wformat -Werror=format-security -fstack-clash-protection -fcf-protection -fno-omit-frame-pointer -mno-omit-leaf-frame-pointer -g -ffile-prefix-map=/build/python/src=/usr/src/debug/python -flto=auto -ffat-lto-objects -march=x86-64 -mtune=generic -O3 -pipe -fno-plt -fexceptions -Wp,-D_FORTIFY_SOURCE=3 -Wformat -Werror=format-security -fstack-clash-protection -fcf-protection -fno-omit-frame-pointer -mno-omit-leaf-frame-pointer -g -ffile-prefix-map=/build/python/src=/usr/src/debug/python -flto=auto -march=x86-64 -mtune=generic -O3 -pipe -fno-plt -fexceptions -Wp,-D_FORTIFY_SOURCE=3 -Wformat -Werror=format-security -fstack-clash-protection -fcf-protection -fno-omit-frame-pointer -mno-omit-leaf-frame-pointer -g -ffile-prefix-map=/build/python/src=/usr/src/debug/python -flto=auto -fPIC -Ifcode -Ifcode/algorithms -Ifcode/config -Ifcode/hamiltonian -Ifcode/objects -Ifcode/response -I/usr/lib/python3.12/site-packages/pybind11/include -I/usr/include/python3.12 -c fcode/algorithms/interpolate.cpp -o build/temp.linux-x86_64-cpython-312/fcode/algorithms/interpolate.o -std=c++17 -fvisibility=hidden -g0
        fcode/algorithms/interpolate.cpp: In function ‘float interpolate_1D(float, float, float, std::vector<float>&)’:
        fcode/algorithms/interpolate.cpp:32:20: warning: comparison of integer expressions of different signedness: ‘int’ and ‘std::vector<float>::size_type’ {aka ‘long unsigned int’} [-Wsign-compare]
           32 |     if (i < 0 || i >= f.size()) throw out_of_range("i out of bounds");
              |                  ~~^~~~~~~~~~~
        fcode/algorithms/interpolate.cpp:33:11: warning: comparison of integer expressions of different signedness: ‘int’ and ‘std::vector<float>::size_type’ {aka ‘long unsigned int’} [-Wsign-compare]
           33 |     if (i == f.size() - 1) i--;
              |         ~~^~~~~~~~~~~~~~~
        fcode/algorithms/interpolate.cpp: In function ‘float interpolate_2D(float, float, float, float, float, float, std::vector<std::vector<float> >&)’:
        fcode/algorithms/interpolate.cpp:63:20: warning: comparison of integer expressions of different signedness: ‘int’ and ‘std::vector<std::vector<float> >::size_type’ {aka ‘long unsigned int’} [-Wsign-compare]
           63 |     if (i < 0 || i >= f.size()) throw out_of_range("i out of bounds");
              |                  ~~^~~~~~~~~~~
        fcode/algorithms/interpolate.cpp:64:20: warning: comparison of integer expressions of different signedness: ‘int’ and ‘std::vector<float>::size_type’ {aka ‘long unsigned int’} [-Wsign-compare]
           64 |     if (j < 0 || j >= f[0].size()) throw out_of_range("j out of bounds");
              |                  ~~^~~~~~~~~~~~~~
        fcode/algorithms/interpolate.cpp:66:11: warning: comparison of integer expressions of different signedness: ‘int’ and ‘std::vector<std::vector<float> >::size_type’ {aka ‘long unsigned int’} [-Wsign-compare]
           66 |     if (i == f.size() - 1) i--;
              |         ~~^~~~~~~~~~~~~~~
        fcode/algorithms/interpolate.cpp:67:11: warning: comparison of integer expressions of different signedness: ‘int’ and ‘std::vector<float>::size_type’ {aka ‘long unsigned int’} [-Wsign-compare]
           67 |     if (j == f[0].size() - 1) j--;
              |         ~~^~~~~~~~~~~~~~~~~~
        fcode/algorithms/interpolate.cpp: In function ‘float interpolate_3D(float, float, float, float, float, float, float, float, float, std::vector<std::vector<std::vector<float> > >&)’:
        fcode/algorithms/interpolate.cpp:110:20: warning: comparison of integer expressions of different signedness: ‘int’ and ‘std::vector<std::vector<std::vector<float> > >::size_type’ {aka ‘long unsigned int’} [-Wsign-compare]
          110 |     if (i < 0 || i >= f.size()) throw out_of_range("i out of bounds");
              |                  ~~^~~~~~~~~~~
        fcode/algorithms/interpolate.cpp:111:20: warning: comparison of integer expressions of different signedness: ‘int’ and ‘std::vector<std::vector<float> >::size_type’ {aka ‘long unsigned int’} [-Wsign-compare]
          111 |     if (j < 0 || j >= f[0].size()) throw out_of_range("j out of bounds");
              |                  ~~^~~~~~~~~~~~~~
        fcode/algorithms/interpolate.cpp:112:20: warning: comparison of integer expressions of different signedness: ‘int’ and ‘std::vector<float>::size_type’ {aka ‘long unsigned int’} [-Wsign-compare]
          112 |     if (k < 0 || k >= f[0][0].size()) throw out_of_range("k out of bounds");
              |                  ~~^~~~~~~~~~~~~~~~~
        fcode/algorithms/interpolate.cpp:114:11: warning: comparison of integer expressions of different signedness: ‘int’ and ‘std::vector<std::vector<std::vector<float> > >::size_type’ {aka ‘long unsigned int’} [-Wsign-compare]
          114 |     if (i == f.size() - 1) i--;
              |         ~~^~~~~~~~~~~~~~~
        fcode/algorithms/interpolate.cpp:115:11: warning: comparison of integer expressions of different signedness: ‘int’ and ‘std::vector<std::vector<float> >::size_type’ {aka ‘long unsigned int’} [-Wsign-compare]
          115 |     if (j == f[0].size() - 1) j--;
              |         ~~^~~~~~~~~~~~~~~~~~
        fcode/algorithms/interpolate.cpp:116:11: warning: comparison of integer expressions of different signedness: ‘int’ and ‘std::vector<float>::size_type’ {aka ‘long unsigned int’} [-Wsign-compare]
          116 |     if (k == f[0][0].size() - 1) k--;
              |         ~~^~~~~~~~~~~~~~~~~~~~~
        fcode/algorithms/interpolate.cpp: In function ‘float interpolate_4D(float, float, float, float, float, float, float, float, float, float, float, float, std::vector<std::vector<std::vector<std::vector<float> > > >&)’:
        fcode/algorithms/interpolate.cpp:172:20: warning: comparison of integer expressions of different signedness: ‘int’ and ‘std::vector<std::vector<std::vector<std::vector<float> > > >::size_type’ {aka ‘long unsigned int’} [-Wsign-compare]
          172 |     if (i < 0 || i >= f.size()) throw out_of_range("i out of bounds");
              |                  ~~^~~~~~~~~~~
        fcode/algorithms/interpolate.cpp:173:20: warning: comparison of integer expressions of different signedness: ‘int’ and ‘std::vector<std::vector<std::vector<float> > >::size_type’ {aka ‘long unsigned int’} [-Wsign-compare]
          173 |     if (j < 0 || j >= f[0].size()) throw out_of_range("j out of bounds");
              |                  ~~^~~~~~~~~~~~~~
        fcode/algorithms/interpolate.cpp:174:20: warning: comparison of integer expressions of different signedness: ‘int’ and ‘std::vector<std::vector<float> >::size_type’ {aka ‘long unsigned int’} [-Wsign-compare]
          174 |     if (k < 0 || k >= f[0][0].size()) throw out_of_range("k out of bounds");
              |                  ~~^~~~~~~~~~~~~~~~~
        fcode/algorithms/interpolate.cpp:175:20: warning: comparison of integer expressions of different signedness: ‘int’ and ‘std::vector<float>::size_type’ {aka ‘long unsigned int’} [-Wsign-compare]
          175 |     if (l < 0 || l >= f[0][0][0].size()) throw out_of_range("l out of bounds");
              |                  ~~^~~~~~~~~~~~~~~~~~~~
        fcode/algorithms/interpolate.cpp:177:11: warning: comparison of integer expressions of different signedness: ‘int’ and ‘std::vector<std::vector<std::vector<std::vector<float> > > >::size_type’ {aka ‘long unsigned int’} [-Wsign-compare]
          177 |     if (i == f.size() - 1) i--;
              |         ~~^~~~~~~~~~~~~~~
        fcode/algorithms/interpolate.cpp:178:11: warning: comparison of integer expressions of different signedness: ‘int’ and ‘std::vector<std::vector<std::vector<float> > >::size_type’ {aka ‘long unsigned int’} [-Wsign-compare]
          178 |     if (j == f[0].size() - 1) j--;
              |         ~~^~~~~~~~~~~~~~~~~~
        fcode/algorithms/interpolate.cpp:179:11: warning: comparison of integer expressions of different signedness: ‘int’ and ‘std::vector<std::vector<float> >::size_type’ {aka ‘long unsigned int’} [-Wsign-compare]
          179 |     if (k == f[0][0].size() - 1) k--;
              |         ~~^~~~~~~~~~~~~~~~~~~~~
        fcode/algorithms/interpolate.cpp:180:11: warning: comparison of integer expressions of different signedness: ‘int’ and ‘std::vector<float>::size_type’ {aka ‘long unsigned int’} [-Wsign-compare]
          180 |     if (l == f[0][0][0].size() - 1) l--;
              |         ~~^~~~~~~~~~~~~~~~~~~~~~~~
        fcode/algorithms/interpolate.cpp: In function ‘std::complex<float> interpolate_1D_complex(float, float, float, std::vector<std::complex<float> >&)’:
        fcode/algorithms/interpolate.cpp:226:20: warning: comparison of integer expressions of different signedness: ‘int’ and ‘std::vector<std::complex<float> >::size_type’ {aka ‘long unsigned int’} [-Wsign-compare]
          226 |     if (i < 0 || i >= f.size()) throw out_of_range("i out of bounds");
              |                  ~~^~~~~~~~~~~
        fcode/algorithms/interpolate.cpp:227:11: warning: comparison of integer expressions of different signedness: ‘int’ and ‘std::vector<std::complex<float> >::size_type’ {aka ‘long unsigned int’} [-Wsign-compare]
          227 |     if (i == f.size() - 1) i--;
              |         ~~^~~~~~~~~~~~~~~
        fcode/algorithms/interpolate.cpp: In function ‘std::complex<float> interpolate_2D_complex(float, float, float, float, float, float, std::vector<std::vector<std::complex<float> > >&)’:
        fcode/algorithms/interpolate.cpp:257:20: warning: comparison of integer expressions of different signedness: ‘int’ and ‘std::vector<std::vector<std::complex<float> > >::size_type’ {aka ‘long unsigned int’} [-Wsign-compare]
          257 |     if (i < 0 || i >= f.size()) throw out_of_range("i out of bounds");
              |                  ~~^~~~~~~~~~~
        fcode/algorithms/interpolate.cpp:258:20: warning: comparison of integer expressions of different signedness: ‘int’ and ‘std::vector<std::complex<float> >::size_type’ {aka ‘long unsigned int’} [-Wsign-compare]
          258 |     if (j < 0 || j >= f[0].size()) throw out_of_range("j out of bounds");
              |                  ~~^~~~~~~~~~~~~~
        fcode/algorithms/interpolate.cpp:260:11: warning: comparison of integer expressions of different signedness: ‘int’ and ‘std::vector<std::vector<std::complex<float> > >::size_type’ {aka ‘long unsigned int’} [-Wsign-compare]
          260 |     if (i == f.size() - 1) i--;
              |         ~~^~~~~~~~~~~~~~~
        fcode/algorithms/interpolate.cpp:261:11: warning: comparison of integer expressions of different signedness: ‘int’ and ‘std::vector<std::complex<float> >::size_type’ {aka ‘long unsigned int’} [-Wsign-compare]
          261 |     if (j == f[0].size() - 1) j--;
              |         ~~^~~~~~~~~~~~~~~~~~
        fcode/algorithms/interpolate.cpp: In function ‘std::complex<float> interpolate_3D_complex(float, float, float, float, float, float, float, float, float, std::vector<std::vector<std::vector<std::complex<float> > > >&)’:
        fcode/algorithms/interpolate.cpp:303:20: warning: comparison of integer expressions of different signedness: ‘int’ and ‘std::vector<std::vector<std::vector<std::complex<float> > > >::size_type’ {aka ‘long unsigned int’} [-Wsign-compare]
          303 |     if (i < 0 || i >= f.size()) throw out_of_range("i out of bounds");
              |                  ~~^~~~~~~~~~~
        fcode/algorithms/interpolate.cpp:304:20: warning: comparison of integer expressions of different signedness: ‘int’ and ‘std::vector<std::vector<std::complex<float> > >::size_type’ {aka ‘long unsigned int’} [-Wsign-compare]
          304 |     if (j < 0 || j >= f[0].size()) throw out_of_range("j out of bounds");
              |                  ~~^~~~~~~~~~~~~~
        fcode/algorithms/interpolate.cpp:305:20: warning: comparison of integer expressions of different signedness: ‘int’ and ‘std::vector<std::complex<float> >::size_type’ {aka ‘long unsigned int’} [-Wsign-compare]
          305 |     if (k < 0 || k >= f[0][0].size()) throw out_of_range("k out of bounds");
              |                  ~~^~~~~~~~~~~~~~~~~
        fcode/algorithms/interpolate.cpp:307:11: warning: comparison of integer expressions of different signedness: ‘int’ and ‘std::vector<std::vector<std::vector<std::complex<float> > > >::size_type’ {aka ‘long unsigned int’} [-Wsign-compare]
          307 |     if (i == f.size() - 1) i--;
              |         ~~^~~~~~~~~~~~~~~
        fcode/algorithms/interpolate.cpp:308:11: warning: comparison of integer expressions of different signedness: ‘int’ and ‘std::vector<std::vector<std::complex<float> > >::size_type’ {aka ‘long unsigned int’} [-Wsign-compare]
          308 |     if (j == f[0].size() - 1) j--;
              |         ~~^~~~~~~~~~~~~~~~~~
        fcode/algorithms/interpolate.cpp:309:11: warning: comparison of integer expressions of different signedness: ‘int’ and ‘std::vector<std::complex<float> >::size_type’ {aka ‘long unsigned int’} [-Wsign-compare]
          309 |     if (k == f[0][0].size() - 1) k--;
              |         ~~^~~~~~~~~~~~~~~~~~~~~
        fcode/algorithms/interpolate.cpp: In function ‘std::complex<float> interpolate_4D_complex(float, float, float, float, float, float, float, float, float, float, float, float, std::vector<std::vector<std::vector<std::vector<std::complex<float> > > > >&)’:
        fcode/algorithms/interpolate.cpp:362:20: warning: comparison of integer expressions of different signedness: ‘int’ and ‘std::vector<std::vector<std::vector<std::vector<std::complex<float> > > > >::size_type’ {aka ‘long unsigned int’} [-Wsign-compare]
          362 |     if (i < 0 || i >= f.size()) throw out_of_range("i out of bounds");
              |                  ~~^~~~~~~~~~~
        fcode/algorithms/interpolate.cpp:363:20: warning: comparison of integer expressions of different signedness: ‘int’ and ‘std::vector<std::vector<std::vector<std::complex<float> > > >::size_type’ {aka ‘long unsigned int’} [-Wsign-compare]
          363 |     if (j < 0 || j >= f[0].size()) throw out_of_range("j out of bounds");
              |                  ~~^~~~~~~~~~~~~~
        fcode/algorithms/interpolate.cpp:364:20: warning: comparison of integer expressions of different signedness: ‘int’ and ‘std::vector<std::vector<std::complex<float> > >::size_type’ {aka ‘long unsigned int’} [-Wsign-compare]
          364 |     if (k < 0 || k >= f[0][0].size()) throw out_of_range("k out of bounds");
              |                  ~~^~~~~~~~~~~~~~~~~
        fcode/algorithms/interpolate.cpp:365:20: warning: comparison of integer expressions of different signedness: ‘int’ and ‘std::vector<std::complex<float> >::size_type’ {aka ‘long unsigned int’} [-Wsign-compare]
          365 |     if (l < 0 || l >= f[0][0][0].size()) throw out_of_range("l out of bounds");
              |                  ~~^~~~~~~~~~~~~~~~~~~~
        fcode/algorithms/interpolate.cpp:366:11: warning: comparison of integer expressions of different signedness: ‘int’ and ‘std::vector<std::vector<std::vector<std::vector<std::complex<float> > > > >::size_type’ {aka ‘long unsigned int’} [-Wsign-compare]
          366 |     if (i == f.size() - 1) i--;
              |         ~~^~~~~~~~~~~~~~~
        fcode/algorithms/interpolate.cpp:367:11: warning: comparison of integer expressions of different signedness: ‘int’ and ‘std::vector<std::vector<std::vector<std::complex<float> > > >::size_type’ {aka ‘long unsigned int’} [-Wsign-compare]
          367 |     if (j == f[0].size() - 1) j--;
              |         ~~^~~~~~~~~~~~~~~~~~
        fcode/algorithms/interpolate.cpp:368:11: warning: comparison of integer expressions of different signedness: ‘int’ and ‘std::vector<std::vector<std::complex<float> > >::size_type’ {aka ‘long unsigned int’} [-Wsign-compare]
          368 |     if (k == f[0][0].size() - 1) k--;
              |         ~~^~~~~~~~~~~~~~~~~~~~~
        fcode/algorithms/interpolate.cpp:369:11: warning: comparison of integer expressions of different signedness: ‘int’ and ‘std::vector<std::complex<float> >::size_type’ {aka ‘long unsigned int’} [-Wsign-compare]
          369 |     if (l == f[0][0][0].size() - 1) l--;
              |         ~~^~~~~~~~~~~~~~~~~~~~~~~~
        fcode/algorithms/interpolate.cpp: In function ‘float interpolate_2D(float, float, float, float, float, float, int, int, std::vector<float>&)’:
        fcode/algorithms/interpolate.cpp:415:18: warning: comparison of integer expressions of different signedness: ‘std::vector<float>::size_type’ {aka ‘long unsigned int’} and ‘int’ [-Wsign-compare]
          415 |     if (f.size() != nx * ny) throw invalid_argument("f size does not match nx and ny");
              |         ~~~~~~~~~^~~~~~~~~~
        fcode/algorithms/interpolate.cpp: In function ‘float interpolate_4D(float, float, float, float, float, float, float, float, float, float, float, float, int, int, int, int, std::vector<float>&)’:
        fcode/algorithms/interpolate.cpp:512:9: warning: unused variable ‘n’ [-Wunused-variable]
          512 |     int n = pow(f.size(), 0.25);
              |         ^
        g++ -fno-strict-overflow -Wsign-compare -DNDEBUG -g -O3 -Wall -march=x86-64 -mtune=generic -O3 -pipe -fno-plt -fexceptions -Wp,-D_FORTIFY_SOURCE=3 -Wformat -Werror=format-security -fstack-clash-protection -fcf-protection -fno-omit-frame-pointer -mno-omit-leaf-frame-pointer -g -ffile-prefix-map=/build/python/src=/usr/src/debug/python -flto=auto -ffat-lto-objects -march=x86-64 -mtune=generic -O3 -pipe -fno-plt -fexceptions -Wp,-D_FORTIFY_SOURCE=3 -Wformat -Werror=format-security -fstack-clash-protection -fcf-protection -fno-omit-frame-pointer -mno-omit-leaf-frame-pointer -g -ffile-prefix-map=/build/python/src=/usr/src/debug/python -flto=auto -march=x86-64 -mtune=generic -O3 -pipe -fno-plt -fexceptions -Wp,-D_FORTIFY_SOURCE=3 -Wformat -Werror=format-security -fstack-clash-protection -fcf-protection -fno-omit-frame-pointer -mno-omit-leaf-frame-pointer -g -ffile-prefix-map=/build/python/src=/usr/src/debug/python -flto=auto -fPIC -Ifcode -Ifcode/algorithms -Ifcode/config -Ifcode/hamiltonian -Ifcode/objects -Ifcode/response -I/usr/lib/python3.12/site-packages/pybind11/include -I/usr/include/python3.12 -c fcode/algorithms/linear_algebra.cpp -o build/temp.linux-x86_64-cpython-312/fcode/algorithms/linear_algebra.o -std=c++17 -fvisibility=hidden -g0
        gcc -fno-strict-overflow -Wsign-compare -DNDEBUG -g -O3 -Wall -march=x86-64 -mtune=generic -O3 -pipe -fno-plt -fexceptions -Wp,-D_FORTIFY_SOURCE=3 -Wformat -Werror=format-security -fstack-clash-protection -fcf-protection -fno-omit-frame-pointer -mno-omit-leaf-frame-pointer -g -ffile-prefix-map=/build/python/src=/usr/src/debug/python -flto=auto -ffat-lto-objects -march=x86-64 -mtune=generic -O3 -pipe -fno-plt -fexceptions -Wp,-D_FORTIFY_SOURCE=3 -Wformat -Werror=format-security -fstack-clash-protection -fcf-protection -fno-omit-frame-pointer -mno-omit-leaf-frame-pointer -g -ffile-prefix-map=/build/python/src=/usr/src/debug/python -flto=auto -march=x86-64 -mtune=generic -O3 -pipe -fno-plt -fexceptions -Wp,-D_FORTIFY_SOURCE=3 -Wformat -Werror=format-security -fstack-clash-protection -fcf-protection -fno-omit-frame-pointer -mno-omit-leaf-frame-pointer -g -ffile-prefix-map=/build/python/src=/usr/src/debug/python -flto=auto -fPIC -Ifcode -Ifcode/algorithms -Ifcode/config -Ifcode/hamiltonian -Ifcode/objects -Ifcode/response -I/usr/lib/python3.12/site-packages/pybind11/include -I/usr/include/python3.12 -c fcode/config/load/c_config.c -o build/temp.linux-x86_64-cpython-312/fcode/config/load/c_config.o -std=c++17 -fvisibility=hidden -g0
        cc1: warning: command-line option ‘-std=c++17’ is valid for C++/ObjC++ but not for C
        g++ -fno-strict-overflow -Wsign-compare -DNDEBUG -g -O3 -Wall -march=x86-64 -mtune=generic -O3 -pipe -fno-plt -fexceptions -Wp,-D_FORTIFY_SOURCE=3 -Wformat -Werror=format-security -fstack-clash-protection -fcf-protection -fno-omit-frame-pointer -mno-omit-leaf-frame-pointer -g -ffile-prefix-map=/build/python/src=/usr/src/debug/python -flto=auto -ffat-lto-objects -march=x86-64 -mtune=generic -O3 -pipe -fno-plt -fexceptions -Wp,-D_FORTIFY_SOURCE=3 -Wformat -Werror=format-security -fstack-clash-protection -fcf-protection -fno-omit-frame-pointer -mno-omit-leaf-frame-pointer -g -ffile-prefix-map=/build/python/src=/usr/src/debug/python -flto=auto -march=x86-64 -mtune=generic -O3 -pipe -fno-plt -fexceptions -Wp,-D_FORTIFY_SOURCE=3 -Wformat -Werror=format-security -fstack-clash-protection -fcf-protection -fno-omit-frame-pointer -mno-omit-leaf-frame-pointer -g -ffile-prefix-map=/build/python/src=/usr/src/debug/python -flto=auto -fPIC -Ifcode -Ifcode/algorithms -Ifcode/config -Ifcode/hamiltonian -Ifcode/objects -Ifcode/response -I/usr/lib/python3.12/site-packages/pybind11/include -I/usr/include/python3.12 -c fcode/config/load/cpp_config.cpp -o build/temp.linux-x86_64-cpython-312/fcode/config/load/cpp_config.o -std=c++17 -fvisibility=hidden -g0
        g++ -fno-strict-overflow -Wsign-compare -DNDEBUG -g -O3 -Wall -march=x86-64 -mtune=generic -O3 -pipe -fno-plt -fexceptions -Wp,-D_FORTIFY_SOURCE=3 -Wformat -Werror=format-security -fstack-clash-protection -fcf-protection -fno-omit-frame-pointer -mno-omit-leaf-frame-pointer -g -ffile-prefix-map=/build/python/src=/usr/src/debug/python -flto=auto -ffat-lto-objects -march=x86-64 -mtune=generic -O3 -pipe -fno-plt -fexceptions -Wp,-D_FORTIFY_SOURCE=3 -Wformat -Werror=format-security -fstack-clash-protection -fcf-protection -fno-omit-frame-pointer -mno-omit-leaf-frame-pointer -g -ffile-prefix-map=/build/python/src=/usr/src/debug/python -flto=auto -march=x86-64 -mtune=generic -O3 -pipe -fno-plt -fexceptions -Wp,-D_FORTIFY_SOURCE=3 -Wformat -Werror=format-security -fstack-clash-protection -fcf-protection -fno-omit-frame-pointer -mno-omit-leaf-frame-pointer -g -ffile-prefix-map=/build/python/src=/usr/src/debug/python -flto=auto -fPIC -Ifcode -Ifcode/algorithms -Ifcode/config -Ifcode/hamiltonian -Ifcode/objects -Ifcode/response -I/usr/lib/python3.12/site-packages/pybind11/include -I/usr/include/python3.12 -c fcode/fmodule.cpp -o build/temp.linux-x86_64-cpython-312/fcode/fmodule.o -std=c++17 -fvisibility=hidden -g0
        In file included from fcode/fmodule.cpp:1:
        /usr/lib/python3.12/site-packages/pybind11/include/pybind11/pybind11.h: In instantiation of ‘void pybind11::cpp_function::initialize(Func&&, Return (*)(Args ...), const Extra& ...) [with Func = pybind11_init_fmodule(pybind11::module_&)::<lambda(pybind11::array_t<double>, pybind11::array_t<double>, std::string, std::string)>; Return = pybind11::float_; Args = {pybind11::array_t<double, 16>, pybind11::array_t<double, 16>, std::__cxx11::basic_string<char, std::char_traits<char>, std::allocator<char> >, std::__cxx11::basic_string<char, std::char_traits<char>, std::allocator<char> >}; Extra = {pybind11::name, pybind11::scope, pybind11::sibling, char [50], pybind11::arg, pybind11::arg, pybind11::arg, pybind11::arg, pybind11::arg}]’:
        /usr/lib/python3.12/site-packages/pybind11/include/pybind11/pybind11.h:127:19:   required from ‘pybind11::cpp_function::cpp_function(Func&&, const Extra& ...) [with Func = pybind11_init_fmodule(pybind11::module_&)::<lambda(pybind11::array_t<double>, pybind11::array_t<double>, std::string, std::string)>; Extra = {pybind11::name, pybind11::scope, pybind11::sibling, char [50], pybind11::arg, pybind11::arg, pybind11::arg, pybind11::arg, pybind11::arg}; <template-parameter-1-3> = void]’
          127 |         initialize(
              |         ~~~~~~~~~~^
          128 |             std::forward<Func>(f), (detail::function_signature_t<Func> *) nullptr, extra...);
              |             ~~~~~~~~~~~~~~~~~~~~~~~~~~~~~~~~~~~~~~~~~~~~~~~~~~~~~~~~~~~~~~~~~~~~~~~~~~~~~~~~
        /usr/lib/python3.12/site-packages/pybind11/include/pybind11/pybind11.h:1188:22:   required from ‘pybind11::module_& pybind11::module_::def(const char*, Func&&, const Extra& ...) [with Func = pybind11_init_fmodule(pybind11::module_&)::<lambda(pybind11::array_t<double>, pybind11::array_t<double>, std::string, std::string)>; Extra = {char [50], pybind11::arg, pybind11::arg, pybind11::arg, pybind11::arg, pybind11::arg}]’
         1188 |         cpp_function func(std::forward<Func>(f),
              |                      ^~~~
        fcode/fmodule.cpp:86:10:   required from here
           86 |     m.def("V", [](py::array_t<double> k1, py::array_t<double> k2, std::string spin1, std::string spin2) -> py::float_ {
              |     ~~~~~^~~~~~~~~~~~~~~~~~~~~~~~~~~~~~~~~~~~~~~~~~~~~~~~~~~~~~~~~~~~~~~~~~~~~~~~~~~~~~~~~~~~~~~~~~~~~~~~~~~~~~~~~~~~~~
           87 |         if (k1.ndim() == 1 && k1.size() == 3 && k2.ndim() == 1 && k2.size() == 3) {
              |         ~~~~~~~~~~~~~~~~~~~~~~~~~~~~~~~~~~~~~~~~~~~~~~~~~~~~~~~~~~~~~~~~~~~~~~~~~~~
           88 |             // Single k-point case
              |             ~~~~~~~~~~~~~~~~~~~~~~
           89 |             auto k1_unchecked = k1.unchecked<1>();
              |             ~~~~~~~~~~~~~~~~~~~~~~~~~~~~~~~~~~~~~~
           90 |             auto k2_unchecked = k2.unchecked<1>();
              |             ~~~~~~~~~~~~~~~~~~~~~~~~~~~~~~~~~~~~~~
           91 |             Vec k1_vec = Vec(k1_unchecked(0), k1_unchecked(1), k1_unchecked(2));
              |             ~~~~~~~~~~~~~~~~~~~~~~~~~~~~~~~~~~~~~~~~~~~~~~~~~~~~~~~~~~~~~~~~~~~~
           92 |             Vec k2_vec = Vec(k2_unchecked(0), k2_unchecked(1), k2_unchecked(2));
              |             ~~~~~~~~~~~~~~~~~~~~~~~~~~~~~~~~~~~~~~~~~~~~~~~~~~~~~~~~~~~~~~~~~~~~
           93 |             return py::float_(V(k1_vec, k2_vec, spin1, spin2));
              |             ~~~~~~~~~~~~~~~~~~~~~~~~~~~~~~~~~~~~~~~~~~~~~~~~~~~
           94 |         }
              |         ~
           95 |         else if (k1.ndim() == 2 && k1.shape(1) == 3 && k2.ndim() == 2 && k2.shape(1) == 3) {
              |         ~~~~~~~~~~~~~~~~~~~~~~~~~~~~~~~~~~~~~~~~~~~~~~~~~~~~~~~~~~~~~~~~~~~~~~~~~~~~~~~~~~~~
           96 |             // Multiple k-points case
              |             ~~~~~~~~~~~~~~~~~~~~~~~~~
           97 |             auto buf1 = k1.request(), buf2 = k2.request();
              |             ~~~~~~~~~~~~~~~~~~~~~~~~~~~~~~~~~~~~~~~~~~~~~~
           98 |             py::array_t<double> result(buf1.shape[0]);
              |             ~~~~~~~~~~~~~~~~~~~~~~~~~~~~~~~~~~~~~~~~~~
           99 |             auto r = result.mutable_unchecked<1>();
              |             ~~~~~~~~~~~~~~~~~~~~~~~~~~~~~~~~~~~~~~~
          100 |             auto k1_unchecked = k1.unchecked<2>();
              |             ~~~~~~~~~~~~~~~~~~~~~~~~~~~~~~~~~~~~~~
          101 |             auto k2_unchecked = k2.unchecked<2>();
              |             ~~~~~~~~~~~~~~~~~~~~~~~~~~~~~~~~~~~~~~
          102 |
              |
          103 |             for (ssize_t i = 0; i < buf1.shape[0]; i++) {
              |             ~~~~~~~~~~~~~~~~~~~~~~~~~~~~~~~~~~~~~~~~~~~~~
          104 |                 Vec k1_vec = Vec(k1_unchecked(i, 0), k1_unchecked(i, 1), k1_unchecked(i, 2));
              |                 ~~~~~~~~~~~~~~~~~~~~~~~~~~~~~~~~~~~~~~~~~~~~~~~~~~~~~~~~~~~~~~~~~~~~~~~~~~~~~
          105 |                 Vec k2_vec = Vec(k2_unchecked(i, 0), k2_unchecked(i, 1), k2_unchecked(i, 2));
              |                 ~~~~~~~~~~~~~~~~~~~~~~~~~~~~~~~~~~~~~~~~~~~~~~~~~~~~~~~~~~~~~~~~~~~~~~~~~~~~~
          106 |                 r(i) = V(k1_vec, k2_vec, spin1, spin2);
              |                 ~~~~~~~~~~~~~~~~~~~~~~~~~~~~~~~~~~~~~~~
          107 |             }
              |             ~
          108 |             return result;
              |             ~~~~~~~~~~~~~~
          109 |         }
              |         ~
          110 |         else {
              |         ~~~~~~
          111 |             throw std::runtime_error("Input must have shape (3,) or (N, 3).");
              |             ~~~~~~~~~~~~~~~~~~~~~~~~~~~~~~~~~~~~~~~~~~~~~~~~~~~~~~~~~~~~~~~~~~
          112 |         }
              |         ~
          113 |     }, "Compute the potential V based on interaction type",
              |     ~~~~~~~~~~~~~~~~~~~~~~~~~~~~~~~~~~~~~~~~~~~~~~~~~~~~~~~
          114 |        py::arg("n"), py::arg("k1"), py::arg("k2"), py::arg("spin1"), py::arg("spin2"));
              |        ~~~~~~~~~~~~~~~~~~~~~~~~~~~~~~~~~~~~~~~~~~~~~~~~~~~~~~~~~~~~~~~~~~~~~~~~~~~~~~~
        /usr/lib/python3.12/site-packages/pybind11/include/pybind11/pybind11.h:244:40: error: static assertion failed: The number of argument annotations does not match the number of function arguments
          244 |             expected_num_args<Extra...>(
              |             ~~~~~~~~~~~~~~~~~~~~~~~~~~~^
          245 |                 sizeof...(Args), cast_in::args_pos >= 0, cast_in::has_kwargs),
              |                 ~~~~~~~~~~~~~~~~~~~~~~~~~~~~~~~~~~~~~~~~~~~~~~~~~~~~~~~~~~~~~
        /usr/lib/python3.12/site-packages/pybind11/include/pybind11/pybind11.h:244:40: note: ‘pybind11::detail::expected_num_args<pybind11::name, pybind11::scope, pybind11::sibling, char [50], pybind11::arg, pybind11::arg, pybind11::arg, pybind11::arg, pybind11::arg>(4, (((int)pybind11::detail::argument_loader<pybind11::array_t<double, 16>, pybind11::array_t<double, 16>, std::__cxx11::basic_string<char, std::char_traits<char>, std::allocator<char> >, std::__cxx11::basic_string<char, std::char_traits<char>, std::allocator<char> > >::args_pos) >= 0), ((int)((bool)pybind11::detail::argument_loader<pybind11::array_t<double, 16>, pybind11::array_t<double, 16>, std::__cxx11::basic_string<char, std::char_traits<char>, std::allocator<char> >, std::__cxx11::basic_string<char, std::char_traits<char>, std::allocator<char> > >::has_kwargs)))’ evaluates to false
        error: command '/usr/bin/g++' failed with exit code 1
        [end of output]
    
    note: This error originates from a subprocess, and is likely not a problem with pip.
error: subprocess-exited-with-error

× python setup.py develop did not run successfully.
│ exit code: 1
╰─> [253 lines of output]
    running develop
    /usr/lib/python3.12/site-packages/setuptools/command/develop.py:41: EasyInstallDeprecationWarning: easy_install command is deprecated.
    !!
    
            ********************************************************************************
            Please avoid running ``setup.py`` and ``easy_install``.
            Instead, use pypa/build, pypa/installer or other
            standards-based tools.
    
            See https://github.com/pypa/setuptools/issues/917 for details.
            ********************************************************************************
    
    !!
      easy_install.initialize_options(self)
    /usr/lib/python3.12/site-packages/setuptools/_distutils/cmd.py:66: SetuptoolsDeprecationWarning: setup.py install is deprecated.
    !!
    
            ********************************************************************************
            Please avoid running ``setup.py`` directly.
            Instead, use pypa/build, pypa/installer or other
            standards-based tools.
    
            See https://blog.ganssle.io/articles/2021/10/setup-py-deprecated.html for details.
            ********************************************************************************
    
    !!
      self.initialize_options()
    running egg_info
    writing fcode.egg-info/PKG-INFO
    writing dependency_links to fcode.egg-info/dependency_links.txt
    writing top-level names to fcode.egg-info/top_level.txt
    writing manifest file 'fcode.egg-info/SOURCES.txt'
    running build_ext
    g++ -fno-strict-overflow -Wsign-compare -DNDEBUG -g -O3 -Wall -march=x86-64 -mtune=generic -O3 -pipe -fno-plt -fexceptions -Wp,-D_FORTIFY_SOURCE=3 -Wformat -Werror=format-security -fstack-clash-protection -fcf-protection -fno-omit-frame-pointer -mno-omit-leaf-frame-pointer -g -ffile-prefix-map=/build/python/src=/usr/src/debug/python -flto=auto -ffat-lto-objects -march=x86-64 -mtune=generic -O3 -pipe -fno-plt -fexceptions -Wp,-D_FORTIFY_SOURCE=3 -Wformat -Werror=format-security -fstack-clash-protection -fcf-protection -fno-omit-frame-pointer -mno-omit-leaf-frame-pointer -g -ffile-prefix-map=/build/python/src=/usr/src/debug/python -flto=auto -march=x86-64 -mtune=generic -O3 -pipe -fno-plt -fexceptions -Wp,-D_FORTIFY_SOURCE=3 -Wformat -Werror=format-security -fstack-clash-protection -fcf-protection -fno-omit-frame-pointer -mno-omit-leaf-frame-pointer -g -ffile-prefix-map=/build/python/src=/usr/src/debug/python -flto=auto -fPIC -I/usr/include/python3.12 -c flagcheck.cpp -o flagcheck.o -std=c++17
    building 'fcode.fmodule' extension
    g++ -fno-strict-overflow -Wsign-compare -DNDEBUG -g -O3 -Wall -march=x86-64 -mtune=generic -O3 -pipe -fno-plt -fexceptions -Wp,-D_FORTIFY_SOURCE=3 -Wformat -Werror=format-security -fstack-clash-protection -fcf-protection -fno-omit-frame-pointer -mno-omit-leaf-frame-pointer -g -ffile-prefix-map=/build/python/src=/usr/src/debug/python -flto=auto -ffat-lto-objects -march=x86-64 -mtune=generic -O3 -pipe -fno-plt -fexceptions -Wp,-D_FORTIFY_SOURCE=3 -Wformat -Werror=format-security -fstack-clash-protection -fcf-protection -fno-omit-frame-pointer -mno-omit-leaf-frame-pointer -g -ffile-prefix-map=/build/python/src=/usr/src/debug/python -flto=auto -march=x86-64 -mtune=generic -O3 -pipe -fno-plt -fexceptions -Wp,-D_FORTIFY_SOURCE=3 -Wformat -Werror=format-security -fstack-clash-protection -fcf-protection -fno-omit-frame-pointer -mno-omit-leaf-frame-pointer -g -ffile-prefix-map=/build/python/src=/usr/src/debug/python -flto=auto -fPIC -Ifcode -Ifcode/algorithms -Ifcode/config -Ifcode/hamiltonian -Ifcode/objects -Ifcode/response -I/usr/lib/python3.12/site-packages/pybind11/include -I/usr/include/python3.12 -c fcode/algorithms/interpolate.cpp -o build/temp.linux-x86_64-cpython-312/fcode/algorithms/interpolate.o -std=c++17 -fvisibility=hidden -g0
    fcode/algorithms/interpolate.cpp: In function ‘float interpolate_1D(float, float, float, std::vector<float>&)’:
    fcode/algorithms/interpolate.cpp:32:20: warning: comparison of integer expressions of different signedness: ‘int’ and ‘std::vector<float>::size_type’ {aka ‘long unsigned int’} [-Wsign-compare]
       32 |     if (i < 0 || i >= f.size()) throw out_of_range("i out of bounds");
          |                  ~~^~~~~~~~~~~
    fcode/algorithms/interpolate.cpp:33:11: warning: comparison of integer expressions of different signedness: ‘int’ and ‘std::vector<float>::size_type’ {aka ‘long unsigned int’} [-Wsign-compare]
       33 |     if (i == f.size() - 1) i--;
          |         ~~^~~~~~~~~~~~~~~
    fcode/algorithms/interpolate.cpp: In function ‘float interpolate_2D(float, float, float, float, float, float, std::vector<std::vector<float> >&)’:
    fcode/algorithms/interpolate.cpp:63:20: warning: comparison of integer expressions of different signedness: ‘int’ and ‘std::vector<std::vector<float> >::size_type’ {aka ‘long unsigned int’} [-Wsign-compare]
       63 |     if (i < 0 || i >= f.size()) throw out_of_range("i out of bounds");
          |                  ~~^~~~~~~~~~~
    fcode/algorithms/interpolate.cpp:64:20: warning: comparison of integer expressions of different signedness: ‘int’ and ‘std::vector<float>::size_type’ {aka ‘long unsigned int’} [-Wsign-compare]
       64 |     if (j < 0 || j >= f[0].size()) throw out_of_range("j out of bounds");
          |                  ~~^~~~~~~~~~~~~~
    fcode/algorithms/interpolate.cpp:66:11: warning: comparison of integer expressions of different signedness: ‘int’ and ‘std::vector<std::vector<float> >::size_type’ {aka ‘long unsigned int’} [-Wsign-compare]
       66 |     if (i == f.size() - 1) i--;
          |         ~~^~~~~~~~~~~~~~~
    fcode/algorithms/interpolate.cpp:67:11: warning: comparison of integer expressions of different signedness: ‘int’ and ‘std::vector<float>::size_type’ {aka ‘long unsigned int’} [-Wsign-compare]
       67 |     if (j == f[0].size() - 1) j--;
          |         ~~^~~~~~~~~~~~~~~~~~
    fcode/algorithms/interpolate.cpp: In function ‘float interpolate_3D(float, float, float, float, float, float, float, float, float, std::vector<std::vector<std::vector<float> > >&)’:
    fcode/algorithms/interpolate.cpp:110:20: warning: comparison of integer expressions of different signedness: ‘int’ and ‘std::vector<std::vector<std::vector<float> > >::size_type’ {aka ‘long unsigned int’} [-Wsign-compare]
      110 |     if (i < 0 || i >= f.size()) throw out_of_range("i out of bounds");
          |                  ~~^~~~~~~~~~~
    fcode/algorithms/interpolate.cpp:111:20: warning: comparison of integer expressions of different signedness: ‘int’ and ‘std::vector<std::vector<float> >::size_type’ {aka ‘long unsigned int’} [-Wsign-compare]
      111 |     if (j < 0 || j >= f[0].size()) throw out_of_range("j out of bounds");
          |                  ~~^~~~~~~~~~~~~~
    fcode/algorithms/interpolate.cpp:112:20: warning: comparison of integer expressions of different signedness: ‘int’ and ‘std::vector<float>::size_type’ {aka ‘long unsigned int’} [-Wsign-compare]
      112 |     if (k < 0 || k >= f[0][0].size()) throw out_of_range("k out of bounds");
          |                  ~~^~~~~~~~~~~~~~~~~
    fcode/algorithms/interpolate.cpp:114:11: warning: comparison of integer expressions of different signedness: ‘int’ and ‘std::vector<std::vector<std::vector<float> > >::size_type’ {aka ‘long unsigned int’} [-Wsign-compare]
      114 |     if (i == f.size() - 1) i--;
          |         ~~^~~~~~~~~~~~~~~
    fcode/algorithms/interpolate.cpp:115:11: warning: comparison of integer expressions of different signedness: ‘int’ and ‘std::vector<std::vector<float> >::size_type’ {aka ‘long unsigned int’} [-Wsign-compare]
      115 |     if (j == f[0].size() - 1) j--;
          |         ~~^~~~~~~~~~~~~~~~~~
    fcode/algorithms/interpolate.cpp:116:11: warning: comparison of integer expressions of different signedness: ‘int’ and ‘std::vector<float>::size_type’ {aka ‘long unsigned int’} [-Wsign-compare]
      116 |     if (k == f[0][0].size() - 1) k--;
          |         ~~^~~~~~~~~~~~~~~~~~~~~
    fcode/algorithms/interpolate.cpp: In function ‘float interpolate_4D(float, float, float, float, float, float, float, float, float, float, float, float, std::vector<std::vector<std::vector<std::vector<float> > > >&)’:
    fcode/algorithms/interpolate.cpp:172:20: warning: comparison of integer expressions of different signedness: ‘int’ and ‘std::vector<std::vector<std::vector<std::vector<float> > > >::size_type’ {aka ‘long unsigned int’} [-Wsign-compare]
      172 |     if (i < 0 || i >= f.size()) throw out_of_range("i out of bounds");
          |                  ~~^~~~~~~~~~~
    fcode/algorithms/interpolate.cpp:173:20: warning: comparison of integer expressions of different signedness: ‘int’ and ‘std::vector<std::vector<std::vector<float> > >::size_type’ {aka ‘long unsigned int’} [-Wsign-compare]
      173 |     if (j < 0 || j >= f[0].size()) throw out_of_range("j out of bounds");
          |                  ~~^~~~~~~~~~~~~~
    fcode/algorithms/interpolate.cpp:174:20: warning: comparison of integer expressions of different signedness: ‘int’ and ‘std::vector<std::vector<float> >::size_type’ {aka ‘long unsigned int’} [-Wsign-compare]
      174 |     if (k < 0 || k >= f[0][0].size()) throw out_of_range("k out of bounds");
          |                  ~~^~~~~~~~~~~~~~~~~
    fcode/algorithms/interpolate.cpp:175:20: warning: comparison of integer expressions of different signedness: ‘int’ and ‘std::vector<float>::size_type’ {aka ‘long unsigned int’} [-Wsign-compare]
      175 |     if (l < 0 || l >= f[0][0][0].size()) throw out_of_range("l out of bounds");
          |                  ~~^~~~~~~~~~~~~~~~~~~~
    fcode/algorithms/interpolate.cpp:177:11: warning: comparison of integer expressions of different signedness: ‘int’ and ‘std::vector<std::vector<std::vector<std::vector<float> > > >::size_type’ {aka ‘long unsigned int’} [-Wsign-compare]
      177 |     if (i == f.size() - 1) i--;
          |         ~~^~~~~~~~~~~~~~~
    fcode/algorithms/interpolate.cpp:178:11: warning: comparison of integer expressions of different signedness: ‘int’ and ‘std::vector<std::vector<std::vector<float> > >::size_type’ {aka ‘long unsigned int’} [-Wsign-compare]
      178 |     if (j == f[0].size() - 1) j--;
          |         ~~^~~~~~~~~~~~~~~~~~
    fcode/algorithms/interpolate.cpp:179:11: warning: comparison of integer expressions of different signedness: ‘int’ and ‘std::vector<std::vector<float> >::size_type’ {aka ‘long unsigned int’} [-Wsign-compare]
      179 |     if (k == f[0][0].size() - 1) k--;
          |         ~~^~~~~~~~~~~~~~~~~~~~~
    fcode/algorithms/interpolate.cpp:180:11: warning: comparison of integer expressions of different signedness: ‘int’ and ‘std::vector<float>::size_type’ {aka ‘long unsigned int’} [-Wsign-compare]
      180 |     if (l == f[0][0][0].size() - 1) l--;
          |         ~~^~~~~~~~~~~~~~~~~~~~~~~~
    fcode/algorithms/interpolate.cpp: In function ‘std::complex<float> interpolate_1D_complex(float, float, float, std::vector<std::complex<float> >&)’:
    fcode/algorithms/interpolate.cpp:226:20: warning: comparison of integer expressions of different signedness: ‘int’ and ‘std::vector<std::complex<float> >::size_type’ {aka ‘long unsigned int’} [-Wsign-compare]
      226 |     if (i < 0 || i >= f.size()) throw out_of_range("i out of bounds");
          |                  ~~^~~~~~~~~~~
    fcode/algorithms/interpolate.cpp:227:11: warning: comparison of integer expressions of different signedness: ‘int’ and ‘std::vector<std::complex<float> >::size_type’ {aka ‘long unsigned int’} [-Wsign-compare]
      227 |     if (i == f.size() - 1) i--;
          |         ~~^~~~~~~~~~~~~~~
    fcode/algorithms/interpolate.cpp: In function ‘std::complex<float> interpolate_2D_complex(float, float, float, float, float, float, std::vector<std::vector<std::complex<float> > >&)’:
    fcode/algorithms/interpolate.cpp:257:20: warning: comparison of integer expressions of different signedness: ‘int’ and ‘std::vector<std::vector<std::complex<float> > >::size_type’ {aka ‘long unsigned int’} [-Wsign-compare]
      257 |     if (i < 0 || i >= f.size()) throw out_of_range("i out of bounds");
          |                  ~~^~~~~~~~~~~
    fcode/algorithms/interpolate.cpp:258:20: warning: comparison of integer expressions of different signedness: ‘int’ and ‘std::vector<std::complex<float> >::size_type’ {aka ‘long unsigned int’} [-Wsign-compare]
      258 |     if (j < 0 || j >= f[0].size()) throw out_of_range("j out of bounds");
          |                  ~~^~~~~~~~~~~~~~
    fcode/algorithms/interpolate.cpp:260:11: warning: comparison of integer expressions of different signedness: ‘int’ and ‘std::vector<std::vector<std::complex<float> > >::size_type’ {aka ‘long unsigned int’} [-Wsign-compare]
      260 |     if (i == f.size() - 1) i--;
          |         ~~^~~~~~~~~~~~~~~
    fcode/algorithms/interpolate.cpp:261:11: warning: comparison of integer expressions of different signedness: ‘int’ and ‘std::vector<std::complex<float> >::size_type’ {aka ‘long unsigned int’} [-Wsign-compare]
      261 |     if (j == f[0].size() - 1) j--;
          |         ~~^~~~~~~~~~~~~~~~~~
    fcode/algorithms/interpolate.cpp: In function ‘std::complex<float> interpolate_3D_complex(float, float, float, float, float, float, float, float, float, std::vector<std::vector<std::vector<std::complex<float> > > >&)’:
    fcode/algorithms/interpolate.cpp:303:20: warning: comparison of integer expressions of different signedness: ‘int’ and ‘std::vector<std::vector<std::vector<std::complex<float> > > >::size_type’ {aka ‘long unsigned int’} [-Wsign-compare]
      303 |     if (i < 0 || i >= f.size()) throw out_of_range("i out of bounds");
          |                  ~~^~~~~~~~~~~
    fcode/algorithms/interpolate.cpp:304:20: warning: comparison of integer expressions of different signedness: ‘int’ and ‘std::vector<std::vector<std::complex<float> > >::size_type’ {aka ‘long unsigned int’} [-Wsign-compare]
      304 |     if (j < 0 || j >= f[0].size()) throw out_of_range("j out of bounds");
          |                  ~~^~~~~~~~~~~~~~
    fcode/algorithms/interpolate.cpp:305:20: warning: comparison of integer expressions of different signedness: ‘int’ and ‘std::vector<std::complex<float> >::size_type’ {aka ‘long unsigned int’} [-Wsign-compare]
      305 |     if (k < 0 || k >= f[0][0].size()) throw out_of_range("k out of bounds");
          |                  ~~^~~~~~~~~~~~~~~~~
    fcode/algorithms/interpolate.cpp:307:11: warning: comparison of integer expressions of different signedness: ‘int’ and ‘std::vector<std::vector<std::vector<std::complex<float> > > >::size_type’ {aka ‘long unsigned int’} [-Wsign-compare]
      307 |     if (i == f.size() - 1) i--;
          |         ~~^~~~~~~~~~~~~~~
    fcode/algorithms/interpolate.cpp:308:11: warning: comparison of integer expressions of different signedness: ‘int’ and ‘std::vector<std::vector<std::complex<float> > >::size_type’ {aka ‘long unsigned int’} [-Wsign-compare]
      308 |     if (j == f[0].size() - 1) j--;
          |         ~~^~~~~~~~~~~~~~~~~~
    fcode/algorithms/interpolate.cpp:309:11: warning: comparison of integer expressions of different signedness: ‘int’ and ‘std::vector<std::complex<float> >::size_type’ {aka ‘long unsigned int’} [-Wsign-compare]
      309 |     if (k == f[0][0].size() - 1) k--;
          |         ~~^~~~~~~~~~~~~~~~~~~~~
    fcode/algorithms/interpolate.cpp: In function ‘std::complex<float> interpolate_4D_complex(float, float, float, float, float, float, float, float, float, float, float, float, std::vector<std::vector<std::vector<std::vector<std::complex<float> > > > >&)’:
    fcode/algorithms/interpolate.cpp:362:20: warning: comparison of integer expressions of different signedness: ‘int’ and ‘std::vector<std::vector<std::vector<std::vector<std::complex<float> > > > >::size_type’ {aka ‘long unsigned int’} [-Wsign-compare]
      362 |     if (i < 0 || i >= f.size()) throw out_of_range("i out of bounds");
          |                  ~~^~~~~~~~~~~
    fcode/algorithms/interpolate.cpp:363:20: warning: comparison of integer expressions of different signedness: ‘int’ and ‘std::vector<std::vector<std::vector<std::complex<float> > > >::size_type’ {aka ‘long unsigned int’} [-Wsign-compare]
      363 |     if (j < 0 || j >= f[0].size()) throw out_of_range("j out of bounds");
          |                  ~~^~~~~~~~~~~~~~
    fcode/algorithms/interpolate.cpp:364:20: warning: comparison of integer expressions of different signedness: ‘int’ and ‘std::vector<std::vector<std::complex<float> > >::size_type’ {aka ‘long unsigned int’} [-Wsign-compare]
      364 |     if (k < 0 || k >= f[0][0].size()) throw out_of_range("k out of bounds");
          |                  ~~^~~~~~~~~~~~~~~~~
    fcode/algorithms/interpolate.cpp:365:20: warning: comparison of integer expressions of different signedness: ‘int’ and ‘std::vector<std::complex<float> >::size_type’ {aka ‘long unsigned int’} [-Wsign-compare]
      365 |     if (l < 0 || l >= f[0][0][0].size()) throw out_of_range("l out of bounds");
          |                  ~~^~~~~~~~~~~~~~~~~~~~
    fcode/algorithms/interpolate.cpp:366:11: warning: comparison of integer expressions of different signedness: ‘int’ and ‘std::vector<std::vector<std::vector<std::vector<std::complex<float> > > > >::size_type’ {aka ‘long unsigned int’} [-Wsign-compare]
      366 |     if (i == f.size() - 1) i--;
          |         ~~^~~~~~~~~~~~~~~
    fcode/algorithms/interpolate.cpp:367:11: warning: comparison of integer expressions of different signedness: ‘int’ and ‘std::vector<std::vector<std::vector<std::complex<float> > > >::size_type’ {aka ‘long unsigned int’} [-Wsign-compare]
      367 |     if (j == f[0].size() - 1) j--;
          |         ~~^~~~~~~~~~~~~~~~~~
    fcode/algorithms/interpolate.cpp:368:11: warning: comparison of integer expressions of different signedness: ‘int’ and ‘std::vector<std::vector<std::complex<float> > >::size_type’ {aka ‘long unsigned int’} [-Wsign-compare]
      368 |     if (k == f[0][0].size() - 1) k--;
          |         ~~^~~~~~~~~~~~~~~~~~~~~
    fcode/algorithms/interpolate.cpp:369:11: warning: comparison of integer expressions of different signedness: ‘int’ and ‘std::vector<std::complex<float> >::size_type’ {aka ‘long unsigned int’} [-Wsign-compare]
      369 |     if (l == f[0][0][0].size() - 1) l--;
          |         ~~^~~~~~~~~~~~~~~~~~~~~~~~
    fcode/algorithms/interpolate.cpp: In function ‘float interpolate_2D(float, float, float, float, float, float, int, int, std::vector<float>&)’:
    fcode/algorithms/interpolate.cpp:415:18: warning: comparison of integer expressions of different signedness: ‘std::vector<float>::size_type’ {aka ‘long unsigned int’} and ‘int’ [-Wsign-compare]
      415 |     if (f.size() != nx * ny) throw invalid_argument("f size does not match nx and ny");
          |         ~~~~~~~~~^~~~~~~~~~
    fcode/algorithms/interpolate.cpp: In function ‘float interpolate_4D(float, float, float, float, float, float, float, float, float, float, float, float, int, int, int, int, std::vector<float>&)’:
    fcode/algorithms/interpolate.cpp:512:9: warning: unused variable ‘n’ [-Wunused-variable]
      512 |     int n = pow(f.size(), 0.25);
          |         ^
    g++ -fno-strict-overflow -Wsign-compare -DNDEBUG -g -O3 -Wall -march=x86-64 -mtune=generic -O3 -pipe -fno-plt -fexceptions -Wp,-D_FORTIFY_SOURCE=3 -Wformat -Werror=format-security -fstack-clash-protection -fcf-protection -fno-omit-frame-pointer -mno-omit-leaf-frame-pointer -g -ffile-prefix-map=/build/python/src=/usr/src/debug/python -flto=auto -ffat-lto-objects -march=x86-64 -mtune=generic -O3 -pipe -fno-plt -fexceptions -Wp,-D_FORTIFY_SOURCE=3 -Wformat -Werror=format-security -fstack-clash-protection -fcf-protection -fno-omit-frame-pointer -mno-omit-leaf-frame-pointer -g -ffile-prefix-map=/build/python/src=/usr/src/debug/python -flto=auto -march=x86-64 -mtune=generic -O3 -pipe -fno-plt -fexceptions -Wp,-D_FORTIFY_SOURCE=3 -Wformat -Werror=format-security -fstack-clash-protection -fcf-protection -fno-omit-frame-pointer -mno-omit-leaf-frame-pointer -g -ffile-prefix-map=/build/python/src=/usr/src/debug/python -flto=auto -fPIC -Ifcode -Ifcode/algorithms -Ifcode/config -Ifcode/hamiltonian -Ifcode/objects -Ifcode/response -I/usr/lib/python3.12/site-packages/pybind11/include -I/usr/include/python3.12 -c fcode/algorithms/linear_algebra.cpp -o build/temp.linux-x86_64-cpython-312/fcode/algorithms/linear_algebra.o -std=c++17 -fvisibility=hidden -g0
    gcc -fno-strict-overflow -Wsign-compare -DNDEBUG -g -O3 -Wall -march=x86-64 -mtune=generic -O3 -pipe -fno-plt -fexceptions -Wp,-D_FORTIFY_SOURCE=3 -Wformat -Werror=format-security -fstack-clash-protection -fcf-protection -fno-omit-frame-pointer -mno-omit-leaf-frame-pointer -g -ffile-prefix-map=/build/python/src=/usr/src/debug/python -flto=auto -ffat-lto-objects -march=x86-64 -mtune=generic -O3 -pipe -fno-plt -fexceptions -Wp,-D_FORTIFY_SOURCE=3 -Wformat -Werror=format-security -fstack-clash-protection -fcf-protection -fno-omit-frame-pointer -mno-omit-leaf-frame-pointer -g -ffile-prefix-map=/build/python/src=/usr/src/debug/python -flto=auto -march=x86-64 -mtune=generic -O3 -pipe -fno-plt -fexceptions -Wp,-D_FORTIFY_SOURCE=3 -Wformat -Werror=format-security -fstack-clash-protection -fcf-protection -fno-omit-frame-pointer -mno-omit-leaf-frame-pointer -g -ffile-prefix-map=/build/python/src=/usr/src/debug/python -flto=auto -fPIC -Ifcode -Ifcode/algorithms -Ifcode/config -Ifcode/hamiltonian -Ifcode/objects -Ifcode/response -I/usr/lib/python3.12/site-packages/pybind11/include -I/usr/include/python3.12 -c fcode/config/load/c_config.c -o build/temp.linux-x86_64-cpython-312/fcode/config/load/c_config.o -std=c++17 -fvisibility=hidden -g0
    cc1: warning: command-line option ‘-std=c++17’ is valid for C++/ObjC++ but not for C
    g++ -fno-strict-overflow -Wsign-compare -DNDEBUG -g -O3 -Wall -march=x86-64 -mtune=generic -O3 -pipe -fno-plt -fexceptions -Wp,-D_FORTIFY_SOURCE=3 -Wformat -Werror=format-security -fstack-clash-protection -fcf-protection -fno-omit-frame-pointer -mno-omit-leaf-frame-pointer -g -ffile-prefix-map=/build/python/src=/usr/src/debug/python -flto=auto -ffat-lto-objects -march=x86-64 -mtune=generic -O3 -pipe -fno-plt -fexceptions -Wp,-D_FORTIFY_SOURCE=3 -Wformat -Werror=format-security -fstack-clash-protection -fcf-protection -fno-omit-frame-pointer -mno-omit-leaf-frame-pointer -g -ffile-prefix-map=/build/python/src=/usr/src/debug/python -flto=auto -march=x86-64 -mtune=generic -O3 -pipe -fno-plt -fexceptions -Wp,-D_FORTIFY_SOURCE=3 -Wformat -Werror=format-security -fstack-clash-protection -fcf-protection -fno-omit-frame-pointer -mno-omit-leaf-frame-pointer -g -ffile-prefix-map=/build/python/src=/usr/src/debug/python -flto=auto -fPIC -Ifcode -Ifcode/algorithms -Ifcode/config -Ifcode/hamiltonian -Ifcode/objects -Ifcode/response -I/usr/lib/python3.12/site-packages/pybind11/include -I/usr/include/python3.12 -c fcode/config/load/cpp_config.cpp -o build/temp.linux-x86_64-cpython-312/fcode/config/load/cpp_config.o -std=c++17 -fvisibility=hidden -g0
    g++ -fno-strict-overflow -Wsign-compare -DNDEBUG -g -O3 -Wall -march=x86-64 -mtune=generic -O3 -pipe -fno-plt -fexceptions -Wp,-D_FORTIFY_SOURCE=3 -Wformat -Werror=format-security -fstack-clash-protection -fcf-protection -fno-omit-frame-pointer -mno-omit-leaf-frame-pointer -g -ffile-prefix-map=/build/python/src=/usr/src/debug/python -flto=auto -ffat-lto-objects -march=x86-64 -mtune=generic -O3 -pipe -fno-plt -fexceptions -Wp,-D_FORTIFY_SOURCE=3 -Wformat -Werror=format-security -fstack-clash-protection -fcf-protection -fno-omit-frame-pointer -mno-omit-leaf-frame-pointer -g -ffile-prefix-map=/build/python/src=/usr/src/debug/python -flto=auto -march=x86-64 -mtune=generic -O3 -pipe -fno-plt -fexceptions -Wp,-D_FORTIFY_SOURCE=3 -Wformat -Werror=format-security -fstack-clash-protection -fcf-protection -fno-omit-frame-pointer -mno-omit-leaf-frame-pointer -g -ffile-prefix-map=/build/python/src=/usr/src/debug/python -flto=auto -fPIC -Ifcode -Ifcode/algorithms -Ifcode/config -Ifcode/hamiltonian -Ifcode/objects -Ifcode/response -I/usr/lib/python3.12/site-packages/pybind11/include -I/usr/include/python3.12 -c fcode/fmodule.cpp -o build/temp.linux-x86_64-cpython-312/fcode/fmodule.o -std=c++17 -fvisibility=hidden -g0
    In file included from fcode/fmodule.cpp:1:
    /usr/lib/python3.12/site-packages/pybind11/include/pybind11/pybind11.h: In instantiation of ‘void pybind11::cpp_function::initialize(Func&&, Return (*)(Args ...), const Extra& ...) [with Func = pybind11_init_fmodule(pybind11::module_&)::<lambda(pybind11::array_t<double>, pybind11::array_t<double>, std::string, std::string)>; Return = pybind11::float_; Args = {pybind11::array_t<double, 16>, pybind11::array_t<double, 16>, std::__cxx11::basic_string<char, std::char_traits<char>, std::allocator<char> >, std::__cxx11::basic_string<char, std::char_traits<char>, std::allocator<char> >}; Extra = {pybind11::name, pybind11::scope, pybind11::sibling, char [50], pybind11::arg, pybind11::arg, pybind11::arg, pybind11::arg, pybind11::arg}]’:
    /usr/lib/python3.12/site-packages/pybind11/include/pybind11/pybind11.h:127:19:   required from ‘pybind11::cpp_function::cpp_function(Func&&, const Extra& ...) [with Func = pybind11_init_fmodule(pybind11::module_&)::<lambda(pybind11::array_t<double>, pybind11::array_t<double>, std::string, std::string)>; Extra = {pybind11::name, pybind11::scope, pybind11::sibling, char [50], pybind11::arg, pybind11::arg, pybind11::arg, pybind11::arg, pybind11::arg}; <template-parameter-1-3> = void]’
      127 |         initialize(
          |         ~~~~~~~~~~^
      128 |             std::forward<Func>(f), (detail::function_signature_t<Func> *) nullptr, extra...);
          |             ~~~~~~~~~~~~~~~~~~~~~~~~~~~~~~~~~~~~~~~~~~~~~~~~~~~~~~~~~~~~~~~~~~~~~~~~~~~~~~~~
    /usr/lib/python3.12/site-packages/pybind11/include/pybind11/pybind11.h:1188:22:   required from ‘pybind11::module_& pybind11::module_::def(const char*, Func&&, const Extra& ...) [with Func = pybind11_init_fmodule(pybind11::module_&)::<lambda(pybind11::array_t<double>, pybind11::array_t<double>, std::string, std::string)>; Extra = {char [50], pybind11::arg, pybind11::arg, pybind11::arg, pybind11::arg, pybind11::arg}]’
     1188 |         cpp_function func(std::forward<Func>(f),
          |                      ^~~~
    fcode/fmodule.cpp:86:10:   required from here
       86 |     m.def("V", [](py::array_t<double> k1, py::array_t<double> k2, std::string spin1, std::string spin2) -> py::float_ {
          |     ~~~~~^~~~~~~~~~~~~~~~~~~~~~~~~~~~~~~~~~~~~~~~~~~~~~~~~~~~~~~~~~~~~~~~~~~~~~~~~~~~~~~~~~~~~~~~~~~~~~~~~~~~~~~~~~~~~~
       87 |         if (k1.ndim() == 1 && k1.size() == 3 && k2.ndim() == 1 && k2.size() == 3) {
          |         ~~~~~~~~~~~~~~~~~~~~~~~~~~~~~~~~~~~~~~~~~~~~~~~~~~~~~~~~~~~~~~~~~~~~~~~~~~~
       88 |             // Single k-point case
          |             ~~~~~~~~~~~~~~~~~~~~~~
       89 |             auto k1_unchecked = k1.unchecked<1>();
          |             ~~~~~~~~~~~~~~~~~~~~~~~~~~~~~~~~~~~~~~
       90 |             auto k2_unchecked = k2.unchecked<1>();
          |             ~~~~~~~~~~~~~~~~~~~~~~~~~~~~~~~~~~~~~~
       91 |             Vec k1_vec = Vec(k1_unchecked(0), k1_unchecked(1), k1_unchecked(2));
          |             ~~~~~~~~~~~~~~~~~~~~~~~~~~~~~~~~~~~~~~~~~~~~~~~~~~~~~~~~~~~~~~~~~~~~
       92 |             Vec k2_vec = Vec(k2_unchecked(0), k2_unchecked(1), k2_unchecked(2));
          |             ~~~~~~~~~~~~~~~~~~~~~~~~~~~~~~~~~~~~~~~~~~~~~~~~~~~~~~~~~~~~~~~~~~~~
       93 |             return py::float_(V(k1_vec, k2_vec, spin1, spin2));
          |             ~~~~~~~~~~~~~~~~~~~~~~~~~~~~~~~~~~~~~~~~~~~~~~~~~~~
       94 |         }
          |         ~
       95 |         else if (k1.ndim() == 2 && k1.shape(1) == 3 && k2.ndim() == 2 && k2.shape(1) == 3) {
          |         ~~~~~~~~~~~~~~~~~~~~~~~~~~~~~~~~~~~~~~~~~~~~~~~~~~~~~~~~~~~~~~~~~~~~~~~~~~~~~~~~~~~~
       96 |             // Multiple k-points case
          |             ~~~~~~~~~~~~~~~~~~~~~~~~~
       97 |             auto buf1 = k1.request(), buf2 = k2.request();
          |             ~~~~~~~~~~~~~~~~~~~~~~~~~~~~~~~~~~~~~~~~~~~~~~
       98 |             py::array_t<double> result(buf1.shape[0]);
          |             ~~~~~~~~~~~~~~~~~~~~~~~~~~~~~~~~~~~~~~~~~~
       99 |             auto r = result.mutable_unchecked<1>();
          |             ~~~~~~~~~~~~~~~~~~~~~~~~~~~~~~~~~~~~~~~
      100 |             auto k1_unchecked = k1.unchecked<2>();
          |             ~~~~~~~~~~~~~~~~~~~~~~~~~~~~~~~~~~~~~~
      101 |             auto k2_unchecked = k2.unchecked<2>();
          |             ~~~~~~~~~~~~~~~~~~~~~~~~~~~~~~~~~~~~~~
      102 |
          |
      103 |             for (ssize_t i = 0; i < buf1.shape[0]; i++) {
          |             ~~~~~~~~~~~~~~~~~~~~~~~~~~~~~~~~~~~~~~~~~~~~~
      104 |                 Vec k1_vec = Vec(k1_unchecked(i, 0), k1_unchecked(i, 1), k1_unchecked(i, 2));
          |                 ~~~~~~~~~~~~~~~~~~~~~~~~~~~~~~~~~~~~~~~~~~~~~~~~~~~~~~~~~~~~~~~~~~~~~~~~~~~~~
      105 |                 Vec k2_vec = Vec(k2_unchecked(i, 0), k2_unchecked(i, 1), k2_unchecked(i, 2));
          |                 ~~~~~~~~~~~~~~~~~~~~~~~~~~~~~~~~~~~~~~~~~~~~~~~~~~~~~~~~~~~~~~~~~~~~~~~~~~~~~
      106 |                 r(i) = V(k1_vec, k2_vec, spin1, spin2);
          |                 ~~~~~~~~~~~~~~~~~~~~~~~~~~~~~~~~~~~~~~~
      107 |             }
          |             ~
      108 |             return result;
          |             ~~~~~~~~~~~~~~
      109 |         }
          |         ~
      110 |         else {
          |         ~~~~~~
      111 |             throw std::runtime_error("Input must have shape (3,) or (N, 3).");
          |             ~~~~~~~~~~~~~~~~~~~~~~~~~~~~~~~~~~~~~~~~~~~~~~~~~~~~~~~~~~~~~~~~~~
      112 |         }
          |         ~
      113 |     }, "Compute the potential V based on interaction type",
          |     ~~~~~~~~~~~~~~~~~~~~~~~~~~~~~~~~~~~~~~~~~~~~~~~~~~~~~~~
      114 |        py::arg("n"), py::arg("k1"), py::arg("k2"), py::arg("spin1"), py::arg("spin2"));
          |        ~~~~~~~~~~~~~~~~~~~~~~~~~~~~~~~~~~~~~~~~~~~~~~~~~~~~~~~~~~~~~~~~~~~~~~~~~~~~~~~
    /usr/lib/python3.12/site-packages/pybind11/include/pybind11/pybind11.h:244:40: error: static assertion failed: The number of argument annotations does not match the number of function arguments
      244 |             expected_num_args<Extra...>(
          |             ~~~~~~~~~~~~~~~~~~~~~~~~~~~^
      245 |                 sizeof...(Args), cast_in::args_pos >= 0, cast_in::has_kwargs),
          |                 ~~~~~~~~~~~~~~~~~~~~~~~~~~~~~~~~~~~~~~~~~~~~~~~~~~~~~~~~~~~~~
    /usr/lib/python3.12/site-packages/pybind11/include/pybind11/pybind11.h:244:40: note: ‘pybind11::detail::expected_num_args<pybind11::name, pybind11::scope, pybind11::sibling, char [50], pybind11::arg, pybind11::arg, pybind11::arg, pybind11::arg, pybind11::arg>(4, (((int)pybind11::detail::argument_loader<pybind11::array_t<double, 16>, pybind11::array_t<double, 16>, std::__cxx11::basic_string<char, std::char_traits<char>, std::allocator<char> >, std::__cxx11::basic_string<char, std::char_traits<char>, std::allocator<char> > >::args_pos) >= 0), ((int)((bool)pybind11::detail::argument_loader<pybind11::array_t<double, 16>, pybind11::array_t<double, 16>, std::__cxx11::basic_string<char, std::char_traits<char>, std::allocator<char> >, std::__cxx11::basic_string<char, std::char_traits<char>, std::allocator<char> > >::has_kwargs)))’ evaluates to false
    error: command '/usr/bin/g++' failed with exit code 1
    [end of output]

note: This error originates from a subprocess, and is likely not a problem with pip.
