FAILED: bin/fly.x 
: && /sbin/c++ -O3 -fopenmp -fPIC -Wl,--dependency-file=CMakeFiles/fly.x.dir/link.d CMakeFiles/objlib_c.dir/src/algorithms/scf_interaction.c.o CMakeFiles/objlib_c.dir/src/config/load/c_config.c.o CMakeFiles/objlib_c.dir/src/config/load/jl_interface.c.o CMakeFiles/objlib_c.dir/src/config/load/py_interface.c.o CMakeFiles/objlib_c.dir/src/main.c.o CMakeFiles/objlib_c.dir/src/response/DOS.c.o CMakeFiles/objlib_c.dir/src/response/response.c.o CMakeFiles/objlib_cpp.dir/src/algorithms/electron_number.cpp.o CMakeFiles/objlib_cpp.dir/src/algorithms/integration.cpp.o CMakeFiles/objlib_cpp.dir/src/algorithms/interpolate.cpp.o CMakeFiles/objlib_cpp.dir/src/algorithms/linear_algebra.cpp.o CMakeFiles/objlib_cpp.dir/src/algorithms/tests/all.cpp.o CMakeFiles/objlib_cpp.dir/src/algorithms/tests/linalg_tests.cpp.o CMakeFiles/objlib_cpp.dir/src/config/load/cpp_config.cpp.o CMakeFiles/objlib_cpp.dir/src/hamiltonian/band_structure.cpp.o CMakeFiles/objlib_cpp.dir/src/hamiltonian/bethe_salpeter.cpp.o CMakeFiles/objlib_cpp.dir/src/hamiltonian/fs.cpp.o CMakeFiles/objlib_cpp.dir/src/hamiltonian/interaction.cpp.o CMakeFiles/objlib_cpp.dir/src/hamiltonian/self_energy.cpp.o CMakeFiles/objlib_cpp.dir/src/hamiltonian/tests/all.cpp.o CMakeFiles/objlib_cpp.dir/src/hamiltonian/vertex.cpp.o CMakeFiles/objlib_cpp.dir/src/module/exports/cpp_export.cpp.o CMakeFiles/objlib_cpp.dir/src/module/exports/temp.cpp.o CMakeFiles/objlib_cpp.dir/src/objects/CMData/cmdata.cpp.o CMakeFiles/objlib_cpp.dir/src/objects/CMData/tests/all.cpp.o CMakeFiles/objlib_cpp.dir/src/objects/CMField/bands.cpp.o CMakeFiles/objlib_cpp.dir/src/objects/CMField/cmfield.cpp.o CMakeFiles/objlib_cpp.dir/src/objects/CMField/fields.cpp.o CMakeFiles/objlib_cpp.dir/src/objects/CMField/self_energy.cpp.o CMakeFiles/objlib_cpp.dir/src/objects/CMField/tests/bands_tests.cpp.o CMakeFiles/objlib_cpp.dir/src/objects/CMField/tests/cmfield_tests.cpp.o CMakeFiles/objlib_cpp.dir/src/objects/CMField/tests/field_tests.cpp.o CMakeFiles/objlib_cpp.dir/src/objects/CMField/vertex.cpp.o CMakeFiles/objlib_cpp.dir/src/objects/eigenvec.cpp.o CMakeFiles/objlib_cpp.dir/src/objects/matrix.cpp.o CMakeFiles/objlib_cpp.dir/src/objects/surfaces.cpp.o CMakeFiles/objlib_cpp.dir/src/objects/tests/all.cpp.o CMakeFiles/objlib_cpp.dir/src/objects/tests/surface_tests.cpp.o CMakeFiles/objlib_cpp.dir/src/objects/vec.cpp.o CMakeFiles/objlib_cpp.dir/src/response/custom_DOS.cpp.o CMakeFiles/objlib_cpp.dir/src/response/susceptibility.cpp.o CMakeFiles/objlib_cpp.dir/src/superconductor/cfg.cpp.o CMakeFiles/objlib_cpp.dir/src/superconductor/frequency_inclusion.cpp.o CMakeFiles/objlib_cpp.dir/src/superconductor/matrix_creation.cpp.o CMakeFiles/objlib_cpp.dir/src/superconductor/node.cpp.o CMakeFiles/objlib_cpp.dir/src/superconductor/save_data.cpp.o CMakeFiles/objlib_cpp.dir/src/superconductor/solver.cpp.o CMakeFiles/objlib_cpp.dir/src/superconductor/superconductor.cpp.o CMakeFiles/objlib_cpp.dir/src/superconductor/utilities.cpp.o CMakeFiles/objlib_fortran.dir/src/config/load/fortran_config.f90.o CMakeFiles/objlib_fortran.dir/src/response/response.f90.o CMakeFiles/objlib_fortran.dir/src/response/response_polarization.f90.o -o bin/fly.x -L/usr/lib/libjulia.so -Wl,-rpath,/usr/lib/libjulia.so  -llapacke  -llapack  -lblas  -lgfortran  -lm  -lstdc++  -ltetrabz  -lopenblas  -ljulia  -lhdf5_cpp  -lhdf5  /usr/lib/libpython3.13.so  -lgfortran  -lquadmath && :
/sbin/ld: CMakeFiles/objlib_cpp.dir/src/hamiltonian/vertex.cpp.o: in function `call_flex()':
vertex.cpp:(.text+0x122d): undefined reference to `save_to_file(std::__cxx11::basic_string<char, std::char_traits<char>, std::allocator<char> >, std::vector<std::vector<float, std::allocator<float> >, std::allocator<std::vector<float, std::allocator<float> > > >&, std::vector<std::vector<std::complex<float>, std::allocator<std::complex<float> > >, std::allocator<std::vector<std::complex<float>, std::allocator<std::complex<float> > > > >&, int, bool, bool, bool, bool)'
/sbin/ld: CMakeFiles/objlib_cpp.dir/src/objects/CMData/cmdata.cpp.o: in function `save(CMData&, std::__cxx11::basic_string<char, std::char_traits<char>, std::allocator<char> >)':
cmdata.cpp:(.text+0x1429): undefined reference to `save_to_file(std::__cxx11::basic_string<char, std::char_traits<char>, std::allocator<char> >, std::vector<std::vector<float, std::allocator<float> >, std::allocator<std::vector<float, std::allocator<float> > > >&, std::vector<std::vector<std::complex<float>, std::allocator<std::complex<float> > >, std::allocator<std::vector<std::complex<float>, std::allocator<std::complex<float> > > > >&, int, bool, bool, bool, bool)'
collect2: error: ld returned 1 exit status
ninja: build stopped: subcommand failed.
